 
****************************************
Report : area
Design : soc_top_USE_INST_ROM1_SHADOW_BANKS2
Version: Q-2019.12-SP5-3
Date   : Thu Jul  2 16:11:22 2026
****************************************

Library(s) Used:

    scc55nll_hd_rvt_tt_v1p2_25c_basic (File: /home/yifengxin/smic55_rvt_lib/synopsys/1.2v/scc55nll_hd_rvt_tt_v1p2_25c_basic.db)

Number of ports:                         8782
Number of nets:                        108776
Number of cells:                       101064
Number of combinational cells:          62961
Number of sequential cells:             37755
Number of macros/black boxes:               0
Number of buf/inv:                       9580
Number of references:                      11

Combinational area:             128524.199783
Buf/Inv area:                    10080.839973
Noncombinational area:          255346.284355
Macro/Black Box area:                0.000000
Net Interconnect area:      undefined  (No wire load specified)

Total cell area:                383870.484138
Total area:                 undefined
1
