Loading db file '/home/yifengxin/smic55_rvt_lib/synopsys/1.2v/scc55nll_hd_rvt_tt_v1p2_25c_basic.db'
Information: Propagating switching activity (low effort zero delay simulation). (PWR-6)
Warning: Design has unannotated primary inputs. (PWR-414)
Warning: Design has unannotated sequential cell outputs. (PWR-415)
 
****************************************
Report : power
        -analysis_effort low
Design : soc_top_USE_INST_ROM1_SHADOW_BANKS2
Version: Q-2019.12-SP5-3
Date   : Thu Jul  2 16:11:31 2026
****************************************


Library(s) Used:

    scc55nll_hd_rvt_tt_v1p2_25c_basic (File: /home/yifengxin/smic55_rvt_lib/synopsys/1.2v/scc55nll_hd_rvt_tt_v1p2_25c_basic.db)


Operating Conditions: tt_v1p2_25c   Library: scc55nll_hd_rvt_tt_v1p2_25c_basic
Wire Load Model Mode: top


Global Operating Voltage = 1.2  
Power-specific unit information :
    Voltage Units = 1V
    Capacitance Units = 1.000000pf
    Time Units = 1ns
    Dynamic Power Units = 1mW    (derived from V,C,T units)
    Leakage Power Units = 1uW


  Cell Internal Power  =  73.3976 mW  (100%)
  Net Switching Power  =  91.2447 uW    (0%)
                         ---------
Total Dynamic Power    =  73.4888 mW  (100%)

Cell Leakage Power     =  18.7819 uW


                 Internal         Switching           Leakage            Total
Power Group      Power            Power               Power              Power   (   %    )  Attrs
--------------------------------------------------------------------------------------------------
io_pad             0.0000            0.0000            0.0000            0.0000  (   0.00%)
memory             0.0000            0.0000            0.0000            0.0000  (   0.00%)
black_box          0.0000            0.0000            0.0000            0.0000  (   0.00%)
clock_network      0.0000            0.0000            0.0000            0.0000  (   0.00%)
register          73.3715        7.4510e-03           13.7178           73.3921  (  99.83%)
sequential         0.0000            0.0000            0.0000            0.0000  (   0.00%)
combinational  3.5490e-02        8.3798e-02            5.0641            0.1243  (   0.17%)
--------------------------------------------------------------------------------------------------
Total             73.4070 mW     9.1249e-02 mW        18.7819 uW        73.5164 mW
1
