 
****************************************
Report : area
Design : soc_top
Version: Q-2019.12-SP5-3
Date   : Wed Jun 10 14:35:11 2026
****************************************

Library(s) Used:

    scc55nll_hd_rvt_tt_v1p2_25c_basic (File: /home/yifengxin/smic55_rvt_lib/synopsys/1.2v/scc55nll_hd_rvt_tt_v1p2_25c_basic.db)

Number of ports:                         8907
Number of nets:                         19960
Number of cells:                        12741
Number of combinational cells:           9327
Number of sequential cells:              2909
Number of macros/black boxes:               0
Number of buf/inv:                       1244
Number of references:                      10

Combinational area:              19718.159852
Buf/Inv area:                     1068.199970
Noncombinational area:           17410.120246
Macro/Black Box area:                0.000000
Net Interconnect area:      undefined  (No wire load specified)

Total cell area:                 37128.280098
Total area:                 undefined
1
