 
****************************************
Report : power
        -cell
        -hier
        -analysis_effort low
        -sort_mode cell_internal_power
Design : soc_top
Version: Q-2019.12-SP5-3
Date   : Wed Jun 10 12:49:45 2026
****************************************


Library(s) Used:

    scc55nll_hd_rvt_tt_v1p2_25c_basic (File: /home/yifengxin/smic55_rvt_lib/synopsys/1.2v/scc55nll_hd_rvt_tt_v1p2_25c_basic.db)


Operating Conditions: tt_v1p2_25c   Library: scc55nll_hd_rvt_tt_v1p2_25c_basic
Wire Load Model Mode: top


Global Operating Voltage = 1.2  
Power-specific unit information :
    Voltage Units = 1V
    Capacitance Units = 1.000000pf
    Time Units = 1ns
    Dynamic Power Units = 1mW    (derived from V,C,T units)
    Leakage Power Units = 1uW



  Attributes
  ----------
      h  -  Hierarchical cell

                        Cell      Driven Net  Tot Dynamic      Cell
                        Internal  Switching   Power            Leakage
Cell                    Power     Power       (% Cell/Tot)     Power      Attrs
--------------------------------------------------------------------------------
u_data_ram                32.0510       N/A        N/A (N/A)      8.0835  h
u_core                     3.9787       N/A        N/A (N/A)      1.4289  h
u_uart_ctrl                0.4890       N/A        N/A (N/A)      0.1515  h
u_gpio                     0.4785       N/A        N/A (N/A)      0.1141  h
u_spi_master               0.1665       N/A        N/A (N/A)      0.0558  h
u_i2c_master               0.1556       N/A        N/A (N/A)      0.0520  h
u_timer                    0.1292       N/A        N/A (N/A)      0.0502  h
u_bus_arbiter              0.0807       N/A        N/A (N/A)      0.0265  h
U2                         0.0000    0.0000      0.000 (N/A)      0.0002   
u_inst_rom                 0.0000       N/A        N/A (N/A)      0.0013  h
--------------------------------------------------------------------------------
Totals (10 cells)         37.529mW     N/A         N/A (N/A)      9.964uW

--------------------------------------------------------------------------------
                                       Switch   Int      Leak     Total
Hierarchy                              Power    Power    Power    Power    %
--------------------------------------------------------------------------------
soc_top                                5.28e-02   37.533    9.967   37.595 100.0
  u_i2c_master (i2c_master)            8.57e-04    0.156 5.20e-02    0.156   0.4
    add_235 (i2c_master_DW01_inc_0_DW01_inc_4)
                                          0.000    0.000 4.96e-03 4.96e-06   0.0
  u_spi_master (spi_master)            1.61e-03    0.166 5.58e-02    0.168   0.4
    add_223 (spi_master_DW01_inc_1_DW01_inc_6)
                                          0.000    0.000 4.96e-03 4.96e-06   0.0
  u_timer (timer)                      1.11e-03    0.129 5.02e-02    0.130   0.3
    sub_86 (timer_DW01_dec_0_DW01_dec_1)
                                       9.65e-06 1.32e-05 5.37e-03 2.82e-05   0.0
  u_gpio (gpio)                        4.18e-03    0.478    0.114    0.483   1.3
  u_uart_ctrl (uart_ctrl_CLK_FREQ200000000_BAUD_RATE115200)
                                       4.20e-03    0.489    0.151    0.493   1.3
    add_232 (uart_ctrl_CLK_FREQ200000000_BAUD_RATE115200_DW01_inc_1_DW01_inc_8)
                                          0.000    0.000 1.03e-02 1.03e-05   0.0
    u_uart_tx (uart_tx_CLK_FREQ200000000_BAUD_RATE115200)
                                       2.35e-04 9.63e-02 3.27e-02 9.66e-02   0.3
  u_bus_arbiter (bus_arbiter)          1.02e-04 8.07e-02 2.65e-02 8.08e-02   0.2
  u_data_ram (data_ram)                8.28e-04   32.051    8.083   32.060  85.3
  u_inst_rom (inst_rom)                   0.000    0.000 1.27e-03 1.27e-06   0.0
  u_core (core_top)                    3.99e-02    3.979    1.429    4.020  10.7
    sub_607 (core_top_DW01_sub_0_DW01_sub_3)
                                       1.70e-03 1.95e-03 5.49e-03 3.66e-03   0.0
    u_interrupt_pipeline (interrupt_pipeline)
                                       3.53e-03    0.281 7.23e-02    0.284   0.8
    u_interrupt_controller (interrupt_controller)
                                       3.06e-06 2.30e-05 1.44e-02 4.04e-05   0.0
    u_csr_instructions (csr_instructions)
                                          0.000    0.000 4.68e-03 4.68e-06   0.0
    u_csr_regfile (csr_regfile)        4.22e-03    0.686    0.202    0.690   1.8
    u_wb_top (wb_top)                     0.000 1.25e-05 6.88e-03 1.94e-05   0.0
    u_mem_wb_reg (mem_wb_reg)          1.65e-03    0.252 5.73e-02    0.253   0.7
    u_mem_top (mem_top)                   0.000    0.000    0.000    0.000   0.0
    u_ex_mem_reg (ex_mem_reg)          2.29e-03    0.318 7.35e-02    0.320   0.9
    u_ex_top (ex_top)                  5.21e-04 3.77e-03    0.208 4.50e-03   0.0
    u_forwarding_unit (forwarding_unit)
                                          0.000    0.000 7.21e-03 7.21e-06   0.0
    u_hazard_unit (hazard_unit)           0.000    0.000 4.04e-03 4.04e-06   0.0
    u_id_ex_reg (id_ex_reg)            3.22e-03    0.349 7.98e-02    0.352   0.9
    u_id_top (id_top)                  1.94e-02    1.905    0.624    1.925   5.1
    u_if_id_reg (if_id_reg)            1.20e-03    0.120 2.82e-02    0.122   0.3
    u_ifu_top (ifu_top)                2.22e-03 6.22e-02 3.11e-02 6.45e-02   0.2
1
