Loading db file '/home/yifengxin/smic55_rvt_lib/synopsys/1.2v/scc55nll_hd_rvt_tt_v1p2_25c_basic.db'
Information: Propagating switching activity (low effort zero delay simulation). (PWR-6)
Warning: Design has unannotated primary inputs. (PWR-414)
Warning: Design has unannotated sequential cell outputs. (PWR-415)
 
****************************************
Report : power
        -analysis_effort low
Design : soc_top
Version: Q-2019.12-SP5-3
Date   : Wed Jun 10 14:35:14 2026
****************************************


Library(s) Used:

    scc55nll_hd_rvt_tt_v1p2_25c_basic (File: /home/yifengxin/smic55_rvt_lib/synopsys/1.2v/scc55nll_hd_rvt_tt_v1p2_25c_basic.db)


Operating Conditions: tt_v1p2_25c   Library: scc55nll_hd_rvt_tt_v1p2_25c_basic
Wire Load Model Mode: top


Global Operating Voltage = 1.2  
Power-specific unit information :
    Voltage Units = 1V
    Capacitance Units = 1.000000pf
    Time Units = 1ns
    Dynamic Power Units = 1mW    (derived from V,C,T units)
    Leakage Power Units = 1uW


  Cell Internal Power  =   5.4792 mW   (99%)
  Net Switching Power  =  57.1893 uW    (1%)
                         ---------
Total Dynamic Power    =   5.5364 mW  (100%)

Cell Leakage Power     =   1.8869 uW


                 Internal         Switching           Leakage            Total
Power Group      Power            Power               Power              Power   (   %    )  Attrs
--------------------------------------------------------------------------------------------------
io_pad             0.0000            0.0000            0.0000            0.0000  (   0.00%)
memory             0.0000            0.0000            0.0000            0.0000  (   0.00%)
black_box          0.0000            0.0000            0.0000            0.0000  (   0.00%)
clock_network  2.8628e-04            0.0000        5.2933e-05        2.8634e-04  (   0.01%)
register           5.4236        5.8591e-03            0.9290            5.4304  (  98.05%)
sequential         0.0000            0.0000            0.0000            0.0000  (   0.00%)
combinational  5.5243e-02        5.1330e-02            0.9578            0.1075  (   1.94%)
--------------------------------------------------------------------------------------------------
Total              5.4791 mW     5.7189e-02 mW         1.8869 uW         5.5382 mW
1
