Loading db file '/home/yifengxin/smic55_rvt_lib/synopsys/1.2v/scc55nll_hd_rvt_tt_v1p2_25c_basic.db'
Information: Propagating switching activity (low effort zero delay simulation). (PWR-6)
Warning: Design has unannotated primary inputs. (PWR-414)
Warning: Design has unannotated sequential cell outputs. (PWR-415)
 
****************************************
Report : power
        -analysis_effort low
Design : soc_top
Version: Q-2019.12-SP5-3
Date   : Wed Jun 10 12:33:06 2026
****************************************


Library(s) Used:

    scc55nll_hd_rvt_tt_v1p2_25c_basic (File: /home/yifengxin/smic55_rvt_lib/synopsys/1.2v/scc55nll_hd_rvt_tt_v1p2_25c_basic.db)


Operating Conditions: tt_v1p2_25c   Library: scc55nll_hd_rvt_tt_v1p2_25c_basic
Wire Load Model Mode: top


Global Operating Voltage = 1.2  
Power-specific unit information :
    Voltage Units = 1V
    Capacitance Units = 1.000000pf
    Time Units = 1ns
    Dynamic Power Units = 1mW    (derived from V,C,T units)
    Leakage Power Units = 1uW


  Cell Internal Power  =  37.5325 mW  (100%)
  Net Switching Power  =  52.8047 uW    (0%)
                         ---------
Total Dynamic Power    =  37.5853 mW  (100%)

Cell Leakage Power     =   9.9668 uW


                 Internal         Switching           Leakage            Total
Power Group      Power            Power               Power              Power   (   %    )  Attrs
--------------------------------------------------------------------------------------------------
io_pad             0.0000            0.0000            0.0000            0.0000  (   0.00%)
memory             0.0000            0.0000            0.0000            0.0000  (   0.00%)
black_box          0.0000            0.0000            0.0000            0.0000  (   0.00%)
clock_network      0.0000            0.0000            0.0000            0.0000  (   0.00%)
register          37.4774        5.8578e-03            6.9553           37.4901  (  99.72%)
sequential         0.0000            0.0000            0.0000            0.0000  (   0.00%)
combinational  5.5100e-02        4.6947e-02            3.0115            0.1051  (   0.28%)
--------------------------------------------------------------------------------------------------
Total             37.5325 mW     5.2805e-02 mW         9.9668 uW        37.5952 mW
1
