Copyright 1986-2022 Xilinx, Inc. All Rights Reserved.
------------------------------------------------------------------------------------------------------------------------------------
| Tool Version : Vivado v.2022.2 (win64) Build 3671981 Fri Oct 14 05:00:03 MDT 2022
| Date         : Thu Jul  2 21:52:45 2026
| Host         : DESKTOP-LKNE2KM running 64-bit major release  (build 9200)
| Command      : report_timing_summary -file D:/Path/RISC-V-TEST/Project/FX-RV32_Custom/vivado/synth_results/BANKS8_POL0_timing.rpt
| Design       : soc_top_fpga
| Device       : 7k325t-ffg900
| Speed File   : -2  PRODUCTION 1.12 2017-02-17
------------------------------------------------------------------------------------------------------------------------------------

Timing Summary Report

------------------------------------------------------------------------------------------------
| Timer Settings
| --------------
------------------------------------------------------------------------------------------------

  Enable Multi Corner Analysis               :  Yes
  Enable Pessimism Removal                   :  Yes
  Pessimism Removal Resolution               :  Nearest Common Node
  Enable Input Delay Default Clock           :  No
  Enable Preset / Clear Arcs                 :  No
  Disable Flight Delays                      :  No
  Ignore I/O Paths                           :  No
  Timing Early Launch at Borrowing Latches   :  No
  Borrow Time for Max Delay Exceptions       :  Yes
  Merge Timing Exceptions                    :  Yes

  Corner  Analyze    Analyze    
  Name    Max Paths  Min Paths  
  ------  ---------  ---------  
  Slow    Yes        Yes        
  Fast    Yes        Yes        


------------------------------------------------------------------------------------------------
| Report Methodology
| ------------------
------------------------------------------------------------------------------------------------

No report available as report_methodology has not been run prior. Run report_methodology on the current design for the summary of methodology violations.



check_timing report

Table of Contents
-----------------
1. checking no_clock (0)
2. checking constant_clock (0)
3. checking pulse_width_clock (0)
4. checking unconstrained_internal_endpoints (0)
5. checking no_input_delay (33)
6. checking no_output_delay (44)
7. checking multiple_clock (0)
8. checking generated_clocks (0)
9. checking loops (0)
10. checking partial_input_delay (0)
11. checking partial_output_delay (0)
12. checking latch_loops (0)

1. checking no_clock (0)
------------------------
 There are 0 register/latch pins with no clock.


2. checking constant_clock (0)
------------------------------
 There are 0 register/latch pins with constant_clock.


3. checking pulse_width_clock (0)
---------------------------------
 There are 0 register/latch pins which need pulse_width check


4. checking unconstrained_internal_endpoints (0)
------------------------------------------------
 There are 0 pins that are not constrained for maximum delay.

 There are 0 pins that are not constrained for maximum delay due to constant clock.


5. checking no_input_delay (33)
-------------------------------
 There are 32 input ports with no input delay specified. (HIGH)

 There is 1 input port with no input delay but user has a false path constraint. (MEDIUM)


6. checking no_output_delay (44)
--------------------------------
 There are 39 ports with no output delay specified. (HIGH)

 There are 5 ports with no output delay but user has a false path constraint (MEDIUM)

 There are 0 ports with no output delay but with a timing clock defined on it or propagating through it


7. checking multiple_clock (0)
------------------------------
 There are 0 register/latch pins with multiple clocks.


8. checking generated_clocks (0)
--------------------------------
 There are 0 generated clocks that are not connected to a clock source.


9. checking loops (0)
---------------------
 There are 0 combinational loops in the design.


10. checking partial_input_delay (0)
------------------------------------
 There are 0 input ports with partial input delay specified.


11. checking partial_output_delay (0)
-------------------------------------
 There are 0 ports with partial output delay specified.


12. checking latch_loops (0)
----------------------------
 There are 0 combinational latch loops in the design through latch input



------------------------------------------------------------------------------------------------
| Design Timing Summary
| ---------------------
------------------------------------------------------------------------------------------------

    WNS(ns)      TNS(ns)  TNS Failing Endpoints  TNS Total Endpoints      WHS(ns)      THS(ns)  THS Failing Endpoints  THS Total Endpoints     WPWS(ns)     TPWS(ns)  TPWS Failing Endpoints  TPWS Total Endpoints  
    -------      -------  ---------------------  -------------------      -------      -------  ---------------------  -------------------     --------     --------  ----------------------  --------------------  
     -1.015     -267.061                    279                37023       -0.047      -55.867                   2576                37023        1.732        0.000                       0                 11372  


Timing constraints are not met.


------------------------------------------------------------------------------------------------
| Clock Summary
| -------------
------------------------------------------------------------------------------------------------

Clock    Waveform(ns)         Period(ns)      Frequency(MHz)
-----    ------------         ----------      --------------
sys_clk  {0.000 2.500}        5.000           200.000         


------------------------------------------------------------------------------------------------
| Intra Clock Table
| -----------------
------------------------------------------------------------------------------------------------

Clock             WNS(ns)      TNS(ns)  TNS Failing Endpoints  TNS Total Endpoints      WHS(ns)      THS(ns)  THS Failing Endpoints  THS Total Endpoints     WPWS(ns)     TPWS(ns)  TPWS Failing Endpoints  TPWS Total Endpoints  
-----             -------      -------  ---------------------  -------------------      -------      -------  ---------------------  -------------------     --------     --------  ----------------------  --------------------  
sys_clk            -1.015     -267.061                    279                36900       -0.047      -55.867                   2576                36900        1.732        0.000                       0                 11372  


------------------------------------------------------------------------------------------------
| Inter Clock Table
| -----------------
------------------------------------------------------------------------------------------------

From Clock    To Clock          WNS(ns)      TNS(ns)  TNS Failing Endpoints  TNS Total Endpoints      WHS(ns)      THS(ns)  THS Failing Endpoints  THS Total Endpoints  
----------    --------          -------      -------  ---------------------  -------------------      -------      -------  ---------------------  -------------------  


------------------------------------------------------------------------------------------------
| Other Path Groups Table
| -----------------------
------------------------------------------------------------------------------------------------

Path Group         From Clock         To Clock               WNS(ns)      TNS(ns)  TNS Failing Endpoints  TNS Total Endpoints      WHS(ns)      THS(ns)  THS Failing Endpoints  THS Total Endpoints  
----------         ----------         --------               -------      -------  ---------------------  -------------------      -------      -------  ---------------------  -------------------  
**async_default**  sys_clk            sys_clk                  1.775        0.000                      0                  123        0.834        0.000                      0                  123  


------------------------------------------------------------------------------------------------
| Timing Details
| --------------
------------------------------------------------------------------------------------------------


---------------------------------------------------------------------------------------------------
From Clock:  sys_clk
  To Clock:  sys_clk

Setup :          279  Failing Endpoints,  Worst Slack       -1.015ns,  Total Violation     -267.061ns
Hold  :         2576  Failing Endpoints,  Worst Slack       -0.047ns,  Total Violation      -55.867ns
PW    :            0  Failing Endpoints,  Worst Slack        1.732ns,  Total Violation        0.000ns
---------------------------------------------------------------------------------------------------


Max Delay Paths
--------------------------------------------------------------------------------------
Slack (VIOLATED) :        -1.015ns  (required time - arrival time)
  Source:                 u_soc_top/u_core/u_if_id_reg/id_instr_o_reg[19]/C
                            (rising edge-triggered cell FDRE clocked by sys_clk  {rise@0.000ns fall@2.500ns period=5.000ns})
  Destination:            u_soc_top/u_core/u_id_ex_reg/ex_alu_op_o_reg[0]/R
                            (rising edge-triggered cell FDRE clocked by sys_clk  {rise@0.000ns fall@2.500ns period=5.000ns})
  Path Group:             sys_clk
  Path Type:              Setup (Max at Slow Process Corner)
  Requirement:            5.000ns  (sys_clk rise@5.000ns - sys_clk rise@0.000ns)
  Data Path Delay:        5.529ns  (logic 1.137ns (20.564%)  route 4.392ns (79.436%))
  Logic Levels:           13  (CARRY4=4 LUT4=2 LUT5=1 LUT6=6)
  Clock Path Skew:        -0.145ns (DCD - SCD + CPR)
    Destination Clock Delay (DCD):    1.768ns = ( 6.768 - 5.000 ) 
    Source Clock Delay      (SCD):    2.048ns
    Clock Pessimism Removal (CPR):    0.135ns
  Clock Uncertainty:      0.035ns  ((TSJ^2 + TIJ^2)^1/2 + DJ) / 2 + PE
    Total System Jitter     (TSJ):    0.071ns
    Total Input Jitter      (TIJ):    0.000ns
    Discrete Jitter          (DJ):    0.000ns
    Phase Error              (PE):    0.000ns

    Location             Delay type                Incr(ns)  Path(ns)    Netlist Resource(s)
  -------------------------------------------------------------------    -------------------
                         (clock sys_clk rise edge)    0.000     0.000 r  
    AD12                                              0.000     0.000 r  clk_p_i (IN)
                         net (fo=0)                   0.000     0.000    clk_p_i
    AD12                 IBUFDS (Prop_ibufds_I_O)     0.906     0.906 r  u_ibufds_clk/O
                         net (fo=1, unplaced)         0.466     1.371    clk_200m
                         BUFG (Prop_bufg_I_O)         0.093     1.464 r  clk_200m_BUFG_inst/O
                         net (fo=11371, unplaced)     0.584     2.048    u_soc_top/u_core/u_if_id_reg/clk_200m_BUFG
                         FDRE                                         r  u_soc_top/u_core/u_if_id_reg/id_instr_o_reg[19]/C
  -------------------------------------------------------------------    -------------------
                         FDRE (Prop_fdre_C_Q)         0.223     2.271 r  u_soc_top/u_core/u_if_id_reg/id_instr_o_reg[19]/Q
                         net (fo=39, unplaced)        0.603     2.874    u_soc_top/u_core/u_if_id_reg/if_id_instr[19]
                         LUT6 (Prop_lut6_I0_O)        0.123     2.997 r  u_soc_top/u_core/u_if_id_reg/pc[31]_i_25/O
                         net (fo=1, unplaced)         0.270     3.267    u_soc_top/u_core/u_if_id_reg/pc[31]_i_25_n_0
                         LUT5 (Prop_lut5_I0_O)        0.043     3.310 r  u_soc_top/u_core/u_if_id_reg/pc[31]_i_18/O
                         net (fo=2, unplaced)         0.281     3.591    u_soc_top/u_core/u_id_ex_reg/p_2_out_carry__5_i_10_0
                         LUT6 (Prop_lut6_I4_O)        0.043     3.634 r  u_soc_top/u_core/u_id_ex_reg/p_2_out_carry_i_35/O
                         net (fo=81, unplaced)        0.336     3.970    u_soc_top/u_core/u_id_ex_reg/mem_mem_re_o_reg
                         LUT4 (Prop_lut4_I0_O)        0.043     4.013 f  u_soc_top/u_core/u_id_ex_reg/mem_mem_wdata_o[7]_i_3/O
                         net (fo=32, unplaced)        0.478     4.491    u_soc_top/u_core/u_mem_wb_reg/mem_mem_wdata_o_reg[5]
                         LUT6 (Prop_lut6_I1_O)        0.043     4.534 f  u_soc_top/u_core/u_mem_wb_reg/mem_mem_wdata_o[0]_i_1/O
                         net (fo=15, unplaced)        0.460     4.994    u_soc_top/u_core/u_mem_wb_reg/ex_mem_wdata[0]
                         LUT4 (Prop_lut4_I1_O)        0.051     5.045 r  u_soc_top/u_core/u_mem_wb_reg/bge_taken_carry_i_4/O
                         net (fo=1, unplaced)         0.000     5.045    u_soc_top/u_core/u_ex_top/u_branch/bge_taken_carry__0_0[0]
                         CARRY4 (Prop_carry4_DI[0]_CO[3])
                                                      0.280     5.325 r  u_soc_top/u_core/u_ex_top/u_branch/bge_taken_carry/CO[3]
                         net (fo=1, unplaced)         0.007     5.332    u_soc_top/u_core/u_ex_top/u_branch/bge_taken_carry_n_0
                         CARRY4 (Prop_carry4_CI_CO[3])
                                                      0.053     5.385 r  u_soc_top/u_core/u_ex_top/u_branch/bge_taken_carry__0/CO[3]
                         net (fo=1, unplaced)         0.000     5.385    u_soc_top/u_core/u_ex_top/u_branch/bge_taken_carry__0_n_0
                         CARRY4 (Prop_carry4_CI_CO[3])
                                                      0.053     5.438 r  u_soc_top/u_core/u_ex_top/u_branch/bge_taken_carry__1/CO[3]
                         net (fo=1, unplaced)         0.000     5.438    u_soc_top/u_core/u_ex_top/u_branch/bge_taken_carry__1_n_0
                         CARRY4 (Prop_carry4_CI_CO[3])
                                                      0.053     5.491 r  u_soc_top/u_core/u_ex_top/u_branch/bge_taken_carry__2/CO[3]
                         net (fo=1, unplaced)         0.628     6.119    u_soc_top/u_core/u_id_ex_reg/id_pc_o[31]_i_3_2[0]
                         LUT6 (Prop_lut6_I5_O)        0.043     6.162 r  u_soc_top/u_core/u_id_ex_reg/id_pc_o[31]_i_4/O
                         net (fo=1, unplaced)         0.270     6.432    u_soc_top/u_core/u_id_ex_reg/id_pc_o[31]_i_4_n_0
                         LUT6 (Prop_lut6_I1_O)        0.043     6.475 r  u_soc_top/u_core/u_id_ex_reg/id_pc_o[31]_i_3/O
                         net (fo=52, unplaced)        0.353     6.828    u_soc_top/u_core/u_id_ex_reg/ex_branch_taken
                         LUT6 (Prop_lut6_I0_O)        0.043     6.871 r  u_soc_top/u_core/u_id_ex_reg/ex_pc_o[31]_i_1/O
                         net (fo=168, unplaced)       0.706     7.577    u_soc_top/u_core/u_id_ex_reg/ex_pc_o[31]_i_1_n_0
                         FDRE                                         r  u_soc_top/u_core/u_id_ex_reg/ex_alu_op_o_reg[0]/R
  -------------------------------------------------------------------    -------------------

                         (clock sys_clk rise edge)    5.000     5.000 r  
    AD12                                              0.000     5.000 r  clk_p_i (IN)
                         net (fo=0)                   0.000     5.000    clk_p_i
    AD12                 IBUFDS (Prop_ibufds_I_O)     0.803     5.803 r  u_ibufds_clk/O
                         net (fo=1, unplaced)         0.442     6.246    clk_200m
                         BUFG (Prop_bufg_I_O)         0.083     6.329 r  clk_200m_BUFG_inst/O
                         net (fo=11371, unplaced)     0.439     6.768    u_soc_top/u_core/u_id_ex_reg/clk_200m_BUFG
                         FDRE                                         r  u_soc_top/u_core/u_id_ex_reg/ex_alu_op_o_reg[0]/C
                         clock pessimism              0.135     6.903    
                         clock uncertainty           -0.035     6.868    
                         FDRE (Setup_fdre_C_R)       -0.306     6.562    u_soc_top/u_core/u_id_ex_reg/ex_alu_op_o_reg[0]
  -------------------------------------------------------------------
                         required time                          6.562    
                         arrival time                          -7.577    
  -------------------------------------------------------------------
                         slack                                 -1.015    





Min Delay Paths
--------------------------------------------------------------------------------------
Slack (VIOLATED) :        -0.047ns  (arrival time - required time)
  Source:                 u_soc_top/u_core/u_ex_mem_reg/mem_alu_result_o_reg[9]_rep__2/C
                            (rising edge-triggered cell FDRE clocked by sys_clk  {rise@0.000ns fall@2.500ns period=5.000ns})
  Destination:            u_soc_top/u_data_ram/mem_reg_0_255_3_3/RAMS64E_A/WADR7
                            (rising edge-triggered cell RAMS64E clocked by sys_clk  {rise@0.000ns fall@2.500ns period=5.000ns})
  Path Group:             sys_clk
  Path Type:              Hold (Min at Fast Process Corner)
  Requirement:            0.000ns  (sys_clk rise@0.000ns - sys_clk rise@0.000ns)
  Data Path Delay:        0.227ns  (logic 0.100ns (44.062%)  route 0.127ns (55.938%))
  Logic Levels:           0  
  Clock Path Skew:        0.145ns (DCD - SCD - CPR)
    Destination Clock Delay (DCD):    1.002ns
    Source Clock Delay      (SCD):    0.759ns
    Clock Pessimism Removal (CPR):    0.097ns

    Location             Delay type                Incr(ns)  Path(ns)    Netlist Resource(s)
  -------------------------------------------------------------------    -------------------
                         (clock sys_clk rise edge)    0.000     0.000 r  
    AD12                                              0.000     0.000 r  clk_p_i (IN)
                         net (fo=0)                   0.000     0.000    clk_p_i
    AD12                 IBUFDS (Prop_ibufds_I_O)     0.388     0.388 r  u_ibufds_clk/O
                         net (fo=1, unplaced)         0.231     0.619    clk_200m
                         BUFG (Prop_bufg_I_O)         0.026     0.645 r  clk_200m_BUFG_inst/O
                         net (fo=11371, unplaced)     0.114     0.759    u_soc_top/u_core/u_ex_mem_reg/clk_200m_BUFG
                         FDRE                                         r  u_soc_top/u_core/u_ex_mem_reg/mem_alu_result_o_reg[9]_rep__2/C
  -------------------------------------------------------------------    -------------------
                         FDRE (Prop_fdre_C_Q)         0.100     0.859 r  u_soc_top/u_core/u_ex_mem_reg/mem_alu_result_o_reg[9]_rep__2/Q
                         net (fo=27, unplaced)        0.127     0.986    u_soc_top/u_data_ram/mem_reg_0_255_3_3/A7
                         RAMS64E                                      r  u_soc_top/u_data_ram/mem_reg_0_255_3_3/RAMS64E_A/WADR7
  -------------------------------------------------------------------    -------------------

                         (clock sys_clk rise edge)    0.000     0.000 r  
    AD12                                              0.000     0.000 r  clk_p_i (IN)
                         net (fo=0)                   0.000     0.000    clk_p_i
    AD12                 IBUFDS (Prop_ibufds_I_O)     0.470     0.470 r  u_ibufds_clk/O
                         net (fo=1, unplaced)         0.243     0.713    clk_200m
                         BUFG (Prop_bufg_I_O)         0.030     0.743 r  clk_200m_BUFG_inst/O
                         net (fo=11371, unplaced)     0.259     1.002    u_soc_top/u_data_ram/mem_reg_0_255_3_3/WCLK
                         RAMS64E                                      r  u_soc_top/u_data_ram/mem_reg_0_255_3_3/RAMS64E_A/CLK
                         clock pessimism             -0.097     0.904    
                         RAMS64E (Hold_rams64e_CLK_WADR7)
                                                      0.129     1.033    u_soc_top/u_data_ram/mem_reg_0_255_3_3/RAMS64E_A
  -------------------------------------------------------------------
                         required time                         -1.033    
                         arrival time                           0.986    
  -------------------------------------------------------------------
                         slack                                 -0.047    





Pulse Width Checks
--------------------------------------------------------------------------------------
Clock Name:         sys_clk
Waveform(ns):       { 0.000 2.500 }
Period(ns):         5.000
Sources:            { clk_p_i }

Check Type        Corner  Lib Pin             Reference Pin  Required(ns)  Actual(ns)  Slack(ns)  Location  Pin
Min Period        n/a     RAMB36E1/CLKARDCLK  n/a            2.095         5.000       2.905                u_soc_top/gen_inst_bram.u_inst_bram/mem_reg_0/CLKARDCLK
Low Pulse Width   Slow    RAMS64E/CLK         n/a            0.768         2.500       1.732                u_soc_top/u_data_ram/mem_reg_0_255_0_0/RAMS64E_A/CLK
High Pulse Width  Slow    RAMS64E/CLK         n/a            0.768         2.500       1.732                u_soc_top/u_data_ram/mem_reg_0_255_0_0/RAMS64E_A/CLK



---------------------------------------------------------------------------------------------------
Path Group:  **async_default**
From Clock:  sys_clk
  To Clock:  sys_clk

Setup :            0  Failing Endpoints,  Worst Slack        1.775ns,  Total Violation        0.000ns
Hold  :            0  Failing Endpoints,  Worst Slack        0.834ns,  Total Violation        0.000ns
---------------------------------------------------------------------------------------------------


Max Delay Paths
--------------------------------------------------------------------------------------
Slack (MET) :             1.775ns  (required time - arrival time)
  Source:                 rst_counter_reg[19]/C
                            (rising edge-triggered cell FDRE clocked by sys_clk  {rise@0.000ns fall@2.500ns period=5.000ns})
  Destination:            u_soc_top/u_core/u_hazard_unit/control_hazard_r_reg/CLR
                            (recovery check against rising-edge clock sys_clk  {rise@0.000ns fall@2.500ns period=5.000ns})
  Path Group:             **async_default**
  Path Type:              Recovery (Max at Slow Process Corner)
  Requirement:            5.000ns  (sys_clk rise@5.000ns - sys_clk rise@0.000ns)
  Data Path Delay:        2.831ns  (logic 0.518ns (18.297%)  route 2.313ns (81.703%))
  Logic Levels:           5  (LUT1=1 LUT4=1 LUT5=1 LUT6=2)
  Clock Path Skew:        -0.145ns (DCD - SCD + CPR)
    Destination Clock Delay (DCD):    1.768ns = ( 6.768 - 5.000 ) 
    Source Clock Delay      (SCD):    2.048ns
    Clock Pessimism Removal (CPR):    0.135ns
  Clock Uncertainty:      0.035ns  ((TSJ^2 + TIJ^2)^1/2 + DJ) / 2 + PE
    Total System Jitter     (TSJ):    0.071ns
    Total Input Jitter      (TIJ):    0.000ns
    Discrete Jitter          (DJ):    0.000ns
    Phase Error              (PE):    0.000ns

    Location             Delay type                Incr(ns)  Path(ns)    Netlist Resource(s)
  -------------------------------------------------------------------    -------------------
                         (clock sys_clk rise edge)    0.000     0.000 r  
    AD12                                              0.000     0.000 r  clk_p_i (IN)
                         net (fo=0)                   0.000     0.000    clk_p_i
    AD12                 IBUFDS (Prop_ibufds_I_O)     0.906     0.906 r  u_ibufds_clk/O
                         net (fo=1, unplaced)         0.466     1.371    clk_200m
                         BUFG (Prop_bufg_I_O)         0.093     1.464 r  clk_200m_BUFG_inst/O
                         net (fo=11371, unplaced)     0.584     2.048    clk_200m_BUFG
                         FDRE                                         r  rst_counter_reg[19]/C
  -------------------------------------------------------------------    -------------------
                         FDRE (Prop_fdre_C_Q)         0.223     2.271 r  rst_counter_reg[19]/Q
                         net (fo=2, unplaced)         0.427     2.698    u_soc_top/u_core/u_ifu_top/u_pc_reg/rst_counter_reg[19]
                         LUT4 (Prop_lut4_I1_O)        0.123     2.821 r  u_soc_top/u_core/u_ifu_top/u_pc_reg/led0_o_OBUF_inst_i_6/O
                         net (fo=1, unplaced)         0.270     3.091    u_soc_top/u_core/u_ifu_top/u_pc_reg/led0_o_OBUF_inst_i_6_n_0
                         LUT5 (Prop_lut5_I4_O)        0.043     3.134 r  u_soc_top/u_core/u_ifu_top/u_pc_reg/led0_o_OBUF_inst_i_5/O
                         net (fo=1, unplaced)         0.270     3.404    u_soc_top/u_core/u_ifu_top/u_pc_reg/led0_o_OBUF_inst_i_5_n_0
                         LUT6 (Prop_lut6_I5_O)        0.043     3.447 r  u_soc_top/u_core/u_ifu_top/u_pc_reg/led0_o_OBUF_inst_i_2/O
                         net (fo=1, unplaced)         0.270     3.717    u_soc_top/u_core/u_ifu_top/u_pc_reg/led0_o_OBUF_inst_i_2_n_0
                         LUT6 (Prop_lut6_I0_O)        0.043     3.760 r  u_soc_top/u_core/u_ifu_top/u_pc_reg/led0_o_OBUF_inst_i_1/O
                         net (fo=34, unplaced)        0.343     4.103    u_soc_top/u_core/u_id_top/u_regfile/registers_reg[31][0]_0
                         LUT1 (Prop_lut1_I0_O)        0.043     4.146 f  u_soc_top/u_core/u_id_top/u_regfile/pc[31]_i_1/O
                         net (fo=10169, unplaced)     0.733     4.879    u_soc_top/u_core/u_hazard_unit/control_hazard_r_reg_1
                         FDCE                                         f  u_soc_top/u_core/u_hazard_unit/control_hazard_r_reg/CLR
  -------------------------------------------------------------------    -------------------

                         (clock sys_clk rise edge)    5.000     5.000 r  
    AD12                                              0.000     5.000 r  clk_p_i (IN)
                         net (fo=0)                   0.000     5.000    clk_p_i
    AD12                 IBUFDS (Prop_ibufds_I_O)     0.803     5.803 r  u_ibufds_clk/O
                         net (fo=1, unplaced)         0.442     6.246    clk_200m
                         BUFG (Prop_bufg_I_O)         0.083     6.329 r  clk_200m_BUFG_inst/O
                         net (fo=11371, unplaced)     0.439     6.768    u_soc_top/u_core/u_hazard_unit/clk_200m_BUFG
                         FDCE                                         r  u_soc_top/u_core/u_hazard_unit/control_hazard_r_reg/C
                         clock pessimism              0.135     6.903    
                         clock uncertainty           -0.035     6.868    
                         FDCE (Recov_fdce_C_CLR)     -0.214     6.654    u_soc_top/u_core/u_hazard_unit/control_hazard_r_reg
  -------------------------------------------------------------------
                         required time                          6.654    
                         arrival time                          -4.879    
  -------------------------------------------------------------------
                         slack                                  1.775    





Min Delay Paths
--------------------------------------------------------------------------------------
Slack (MET) :             0.834ns  (arrival time - required time)
  Source:                 rst_counter_reg[4]/C
                            (rising edge-triggered cell FDRE clocked by sys_clk  {rise@0.000ns fall@2.500ns period=5.000ns})
  Destination:            u_soc_top/u_core/u_hazard_unit/control_hazard_r_reg/CLR
                            (removal check against rising-edge clock sys_clk  {rise@0.000ns fall@2.500ns period=5.000ns})
  Path Group:             **async_default**
  Path Type:              Removal (Min at Fast Process Corner)
  Requirement:            0.000ns  (sys_clk rise@0.000ns - sys_clk rise@0.000ns)
  Data Path Delay:        0.908ns  (logic 0.192ns (21.155%)  route 0.716ns (78.845%))
  Logic Levels:           2  (LUT1=1 LUT6=1)
  Clock Path Skew:        0.145ns (DCD - SCD - CPR)
    Destination Clock Delay (DCD):    1.002ns
    Source Clock Delay      (SCD):    0.759ns
    Clock Pessimism Removal (CPR):    0.097ns

    Location             Delay type                Incr(ns)  Path(ns)    Netlist Resource(s)
  -------------------------------------------------------------------    -------------------
                         (clock sys_clk rise edge)    0.000     0.000 r  
    AD12                                              0.000     0.000 r  clk_p_i (IN)
                         net (fo=0)                   0.000     0.000    clk_p_i
    AD12                 IBUFDS (Prop_ibufds_I_O)     0.388     0.388 r  u_ibufds_clk/O
                         net (fo=1, unplaced)         0.231     0.619    clk_200m
                         BUFG (Prop_bufg_I_O)         0.026     0.645 r  clk_200m_BUFG_inst/O
                         net (fo=11371, unplaced)     0.114     0.759    clk_200m_BUFG
                         FDRE                                         r  rst_counter_reg[4]/C
  -------------------------------------------------------------------    -------------------
                         FDRE (Prop_fdre_C_Q)         0.100     0.859 r  rst_counter_reg[4]/Q
                         net (fo=2, unplaced)         0.182     1.041    u_soc_top/u_core/u_ifu_top/u_pc_reg/rst_counter_reg[4]
                         LUT6 (Prop_lut6_I3_O)        0.064     1.105 r  u_soc_top/u_core/u_ifu_top/u_pc_reg/led0_o_OBUF_inst_i_1/O
                         net (fo=34, unplaced)        0.170     1.275    u_soc_top/u_core/u_id_top/u_regfile/registers_reg[31][0]_0
                         LUT1 (Prop_lut1_I0_O)        0.028     1.303 f  u_soc_top/u_core/u_id_top/u_regfile/pc[31]_i_1/O
                         net (fo=10169, unplaced)     0.363     1.667    u_soc_top/u_core/u_hazard_unit/control_hazard_r_reg_1
                         FDCE                                         f  u_soc_top/u_core/u_hazard_unit/control_hazard_r_reg/CLR
  -------------------------------------------------------------------    -------------------

                         (clock sys_clk rise edge)    0.000     0.000 r  
    AD12                                              0.000     0.000 r  clk_p_i (IN)
                         net (fo=0)                   0.000     0.000    clk_p_i
    AD12                 IBUFDS (Prop_ibufds_I_O)     0.470     0.470 r  u_ibufds_clk/O
                         net (fo=1, unplaced)         0.243     0.713    clk_200m
                         BUFG (Prop_bufg_I_O)         0.030     0.743 r  clk_200m_BUFG_inst/O
                         net (fo=11371, unplaced)     0.259     1.002    u_soc_top/u_core/u_hazard_unit/clk_200m_BUFG
                         FDCE                                         r  u_soc_top/u_core/u_hazard_unit/control_hazard_r_reg/C
                         clock pessimism             -0.097     0.904    
                         FDCE (Remov_fdce_C_CLR)     -0.071     0.833    u_soc_top/u_core/u_hazard_unit/control_hazard_r_reg
  -------------------------------------------------------------------
                         required time                         -0.833    
                         arrival time                           1.667    
  -------------------------------------------------------------------
                         slack                                  0.834    





