Copyright 1986-2022 Xilinx, Inc. All Rights Reserved.
-----------------------------------------------------------------------------------------------------------------------------------------
| Tool Version : Vivado v.2022.2 (win64) Build 3671981 Fri Oct 14 05:00:03 MDT 2022
| Date         : Thu Jul  2 21:42:09 2026
| Host         : DESKTOP-LKNE2KM running 64-bit major release  (build 9200)
| Command      : report_timing_summary -file D:/Path/RISC-V-TEST/Project/FX-RV32_Custom/vivado/synth_results/BANKS2_POL0_impl_timing.rpt
| Design       : soc_top_fpga
| Device       : 7k325t-ffg900
| Speed File   : -2  PRODUCTION 1.12 2017-02-17
-----------------------------------------------------------------------------------------------------------------------------------------

Timing Summary Report

------------------------------------------------------------------------------------------------
| Timer Settings
| --------------
------------------------------------------------------------------------------------------------

  Enable Multi Corner Analysis               :  Yes
  Enable Pessimism Removal                   :  Yes
  Pessimism Removal Resolution               :  Nearest Common Node
  Enable Input Delay Default Clock           :  No
  Enable Preset / Clear Arcs                 :  No
  Disable Flight Delays                      :  No
  Ignore I/O Paths                           :  No
  Timing Early Launch at Borrowing Latches   :  No
  Borrow Time for Max Delay Exceptions       :  Yes
  Merge Timing Exceptions                    :  Yes

  Corner  Analyze    Analyze    
  Name    Max Paths  Min Paths  
  ------  ---------  ---------  
  Slow    Yes        Yes        
  Fast    Yes        Yes        


------------------------------------------------------------------------------------------------
| Report Methodology
| ------------------
------------------------------------------------------------------------------------------------

No report available as report_methodology has not been run prior. Run report_methodology on the current design for the summary of methodology violations.



check_timing report

Table of Contents
-----------------
1. checking no_clock (0)
2. checking constant_clock (0)
3. checking pulse_width_clock (0)
4. checking unconstrained_internal_endpoints (0)
5. checking no_input_delay (33)
6. checking no_output_delay (44)
7. checking multiple_clock (0)
8. checking generated_clocks (0)
9. checking loops (0)
10. checking partial_input_delay (0)
11. checking partial_output_delay (0)
12. checking latch_loops (0)

1. checking no_clock (0)
------------------------
 There are 0 register/latch pins with no clock.


2. checking constant_clock (0)
------------------------------
 There are 0 register/latch pins with constant_clock.


3. checking pulse_width_clock (0)
---------------------------------
 There are 0 register/latch pins which need pulse_width check


4. checking unconstrained_internal_endpoints (0)
------------------------------------------------
 There are 0 pins that are not constrained for maximum delay.

 There are 0 pins that are not constrained for maximum delay due to constant clock.


5. checking no_input_delay (33)
-------------------------------
 There are 32 input ports with no input delay specified. (HIGH)

 There is 1 input port with no input delay but user has a false path constraint. (MEDIUM)


6. checking no_output_delay (44)
--------------------------------
 There are 39 ports with no output delay specified. (HIGH)

 There are 5 ports with no output delay but user has a false path constraint (MEDIUM)

 There are 0 ports with no output delay but with a timing clock defined on it or propagating through it


7. checking multiple_clock (0)
------------------------------
 There are 0 register/latch pins with multiple clocks.


8. checking generated_clocks (0)
--------------------------------
 There are 0 generated clocks that are not connected to a clock source.


9. checking loops (0)
---------------------
 There are 0 combinational loops in the design.


10. checking partial_input_delay (0)
------------------------------------
 There are 0 input ports with partial input delay specified.


11. checking partial_output_delay (0)
-------------------------------------
 There are 0 ports with partial output delay specified.


12. checking latch_loops (0)
----------------------------
 There are 0 combinational latch loops in the design through latch input



------------------------------------------------------------------------------------------------
| Design Timing Summary
| ---------------------
------------------------------------------------------------------------------------------------

    WNS(ns)      TNS(ns)  TNS Failing Endpoints  TNS Total Endpoints      WHS(ns)      THS(ns)  THS Failing Endpoints  THS Total Endpoints     WPWS(ns)     TPWS(ns)  TPWS Failing Endpoints  TPWS Total Endpoints  
    -------      -------  ---------------------  -------------------      -------      -------  ---------------------  -------------------     --------     --------  ----------------------  --------------------  
     -1.125     -253.567                    384                19194        0.076        0.000                      0                19194        1.732        0.000                       0                  5434  


Timing constraints are not met.


------------------------------------------------------------------------------------------------
| Clock Summary
| -------------
------------------------------------------------------------------------------------------------

Clock    Waveform(ns)         Period(ns)      Frequency(MHz)
-----    ------------         ----------      --------------
sys_clk  {0.000 2.500}        5.000           200.000         


------------------------------------------------------------------------------------------------
| Intra Clock Table
| -----------------
------------------------------------------------------------------------------------------------

Clock             WNS(ns)      TNS(ns)  TNS Failing Endpoints  TNS Total Endpoints      WHS(ns)      THS(ns)  THS Failing Endpoints  THS Total Endpoints     WPWS(ns)     TPWS(ns)  TPWS Failing Endpoints  TPWS Total Endpoints  
-----             -------      -------  ---------------------  -------------------      -------      -------  ---------------------  -------------------     --------     --------  ----------------------  --------------------  
sys_clk            -1.125     -253.567                    384                19063        0.076        0.000                      0                19063        1.732        0.000                       0                  5434  


------------------------------------------------------------------------------------------------
| Inter Clock Table
| -----------------
------------------------------------------------------------------------------------------------

From Clock    To Clock          WNS(ns)      TNS(ns)  TNS Failing Endpoints  TNS Total Endpoints      WHS(ns)      THS(ns)  THS Failing Endpoints  THS Total Endpoints  
----------    --------          -------      -------  ---------------------  -------------------      -------      -------  ---------------------  -------------------  


------------------------------------------------------------------------------------------------
| Other Path Groups Table
| -----------------------
------------------------------------------------------------------------------------------------

Path Group         From Clock         To Clock               WNS(ns)      TNS(ns)  TNS Failing Endpoints  TNS Total Endpoints      WHS(ns)      THS(ns)  THS Failing Endpoints  THS Total Endpoints  
----------         ----------         --------               -------      -------  ---------------------  -------------------      -------      -------  ---------------------  -------------------  
**async_default**  sys_clk            sys_clk                  1.411        0.000                      0                  131        1.024        0.000                      0                  131  


------------------------------------------------------------------------------------------------
| Timing Details
| --------------
------------------------------------------------------------------------------------------------


---------------------------------------------------------------------------------------------------
From Clock:  sys_clk
  To Clock:  sys_clk

Setup :          384  Failing Endpoints,  Worst Slack       -1.125ns,  Total Violation     -253.567ns
Hold  :            0  Failing Endpoints,  Worst Slack        0.076ns,  Total Violation        0.000ns
PW    :            0  Failing Endpoints,  Worst Slack        1.732ns,  Total Violation        0.000ns
---------------------------------------------------------------------------------------------------


Max Delay Paths
--------------------------------------------------------------------------------------
Slack (VIOLATED) :        -1.125ns  (required time - arrival time)
  Source:                 u_soc_top/u_core/u_if_id_reg/id_instr_o_reg[24]/C
                            (rising edge-triggered cell FDRE clocked by sys_clk  {rise@0.000ns fall@2.500ns period=5.000ns})
  Destination:            u_soc_top/u_core/u_id_ex_reg/ex_imm_o_reg[2]/R
                            (rising edge-triggered cell FDRE clocked by sys_clk  {rise@0.000ns fall@2.500ns period=5.000ns})
  Path Group:             sys_clk
  Path Type:              Setup (Max at Slow Process Corner)
  Requirement:            5.000ns  (sys_clk rise@5.000ns - sys_clk rise@0.000ns)
  Data Path Delay:        5.490ns  (logic 0.911ns (16.595%)  route 4.579ns (83.405%))
  Logic Levels:           12  (CARRY4=3 LUT4=1 LUT5=1 LUT6=7)
  Clock Path Skew:        -0.296ns (DCD - SCD + CPR)
    Destination Clock Delay (DCD):    4.553ns = ( 9.553 - 5.000 ) 
    Source Clock Delay      (SCD):    5.105ns
    Clock Pessimism Removal (CPR):    0.255ns
  Clock Uncertainty:      0.035ns  ((TSJ^2 + TIJ^2)^1/2 + DJ) / 2 + PE
    Total System Jitter     (TSJ):    0.071ns
    Total Input Jitter      (TIJ):    0.000ns
    Discrete Jitter          (DJ):    0.000ns
    Phase Error              (PE):    0.000ns

    Location             Delay type                Incr(ns)  Path(ns)    Netlist Resource(s)
  -------------------------------------------------------------------    -------------------
                         (clock sys_clk rise edge)    0.000     0.000 r  
    AD12                                              0.000     0.000 r  clk_p_i (IN)
                         net (fo=0)                   0.000     0.000    clk_p_i
    AD12                 IBUFDS (Prop_ibufds_I_O)     0.906     0.906 r  u_ibufds_clk/O
                         net (fo=1, routed)           2.299     3.205    clk_200m
    BUFGCTRL_X0Y0        BUFG (Prop_bufg_I_O)         0.093     3.298 r  clk_200m_BUFG_inst/O
                         net (fo=5433, routed)        1.807     5.105    u_soc_top/u_core/u_if_id_reg/clk_200m_BUFG
    SLICE_X32Y45         FDRE                                         r  u_soc_top/u_core/u_if_id_reg/id_instr_o_reg[24]/C
  -------------------------------------------------------------------    -------------------
    SLICE_X32Y45         FDRE (Prop_fdre_C_Q)         0.223     5.328 r  u_soc_top/u_core/u_if_id_reg/id_instr_o_reg[24]/Q
                         net (fo=41, routed)          0.552     5.879    u_soc_top/u_core/u_if_id_reg/if_id_instr[24]
    SLICE_X32Y44         LUT6 (Prop_lut6_I0_O)        0.043     5.922 r  u_soc_top/u_core/u_if_id_reg/pc[31]_i_17/O
                         net (fo=2, routed)           0.249     6.172    u_soc_top/u_core/u_if_id_reg/pc[31]_i_17_n_0
    SLICE_X34Y44         LUT5 (Prop_lut5_I0_O)        0.043     6.215 r  u_soc_top/u_core/u_if_id_reg/p_2_out_carry_i_49/O
                         net (fo=1, routed)           0.244     6.459    u_soc_top/u_core/u_id_ex_reg/p_2_out_carry__5_i_10
    SLICE_X37Y44         LUT6 (Prop_lut6_I3_O)        0.043     6.502 r  u_soc_top/u_core/u_id_ex_reg/p_2_out_carry_i_35/O
                         net (fo=81, routed)          0.432     6.934    u_soc_top/u_core/u_mem_wb_reg/mem_mem_wdata_o_reg[0]
    SLICE_X37Y47         LUT6 (Prop_lut6_I0_O)        0.043     6.977 f  u_soc_top/u_core/u_mem_wb_reg/p_2_out_carry_i_42/O
                         net (fo=32, routed)          0.598     7.575    u_soc_top/u_core/u_mem_wb_reg/p_2_out_carry_i_42_n_0
    SLICE_X38Y49         LUT6 (Prop_lut6_I4_O)        0.043     7.618 r  u_soc_top/u_core/u_mem_wb_reg/p_2_out_carry__2_i_30/O
                         net (fo=17, routed)          0.586     8.204    u_soc_top/u_core/u_mem_wb_reg/op1_selected[13]
    SLICE_X36Y50         LUT4 (Prop_lut4_I1_O)        0.043     8.247 r  u_soc_top/u_core/u_mem_wb_reg/bltu_taken_carry__0_i_6/O
                         net (fo=1, routed)           0.000     8.247    u_soc_top/u_core/u_ex_top/u_branch/bltu_taken_carry__1_1[2]
    SLICE_X36Y50         CARRY4 (Prop_carry4_S[2]_CO[3])
                                                      0.195     8.442 r  u_soc_top/u_core/u_ex_top/u_branch/bltu_taken_carry__0/CO[3]
                         net (fo=1, routed)           0.000     8.442    u_soc_top/u_core/u_ex_top/u_branch/bltu_taken_carry__0_n_0
    SLICE_X36Y51         CARRY4 (Prop_carry4_CI_CO[3])
                                                      0.053     8.495 r  u_soc_top/u_core/u_ex_top/u_branch/bltu_taken_carry__1/CO[3]
                         net (fo=1, routed)           0.000     8.495    u_soc_top/u_core/u_ex_top/u_branch/bltu_taken_carry__1_n_0
    SLICE_X36Y52         CARRY4 (Prop_carry4_CI_CO[3])
                                                      0.053     8.548 r  u_soc_top/u_core/u_ex_top/u_branch/bltu_taken_carry__2/CO[3]
                         net (fo=1, routed)           0.641     9.189    u_soc_top/u_core/u_id_ex_reg/id_pc_o[31]_i_3_0[0]
    SLICE_X35Y55         LUT6 (Prop_lut6_I1_O)        0.043     9.232 r  u_soc_top/u_core/u_id_ex_reg/id_pc_o[31]_i_4/O
                         net (fo=1, routed)           0.347     9.579    u_soc_top/u_core/u_id_ex_reg/id_pc_o[31]_i_4_n_0
    SLICE_X33Y54         LUT6 (Prop_lut6_I1_O)        0.043     9.622 r  u_soc_top/u_core/u_id_ex_reg/id_pc_o[31]_i_3/O
                         net (fo=52, routed)          0.273     9.895    u_soc_top/u_core/u_id_ex_reg/ex_branch_taken
    SLICE_X33Y54         LUT6 (Prop_lut6_I0_O)        0.043     9.938 r  u_soc_top/u_core/u_id_ex_reg/ex_pc_o[31]_i_1/O
                         net (fo=168, routed)         0.656    10.594    u_soc_top/u_core/u_id_ex_reg/ex_pc_o[31]_i_1_n_0
    SLICE_X39Y54         FDRE                                         r  u_soc_top/u_core/u_id_ex_reg/ex_imm_o_reg[2]/R
  -------------------------------------------------------------------    -------------------

                         (clock sys_clk rise edge)    5.000     5.000 r  
    AD12                                              0.000     5.000 r  clk_p_i (IN)
                         net (fo=0)                   0.000     5.000    clk_p_i
    AD12                 IBUFDS (Prop_ibufds_I_O)     0.803     5.803 r  u_ibufds_clk/O
                         net (fo=1, routed)           2.173     7.976    clk_200m
    BUFGCTRL_X0Y0        BUFG (Prop_bufg_I_O)         0.083     8.059 r  clk_200m_BUFG_inst/O
                         net (fo=5433, routed)        1.494     9.553    u_soc_top/u_core/u_id_ex_reg/clk_200m_BUFG
    SLICE_X39Y54         FDRE                                         r  u_soc_top/u_core/u_id_ex_reg/ex_imm_o_reg[2]/C
                         clock pessimism              0.255     9.809    
                         clock uncertainty           -0.035     9.773    
    SLICE_X39Y54         FDRE (Setup_fdre_C_R)       -0.304     9.469    u_soc_top/u_core/u_id_ex_reg/ex_imm_o_reg[2]
  -------------------------------------------------------------------
                         required time                          9.469    
                         arrival time                         -10.594    
  -------------------------------------------------------------------
                         slack                                 -1.125    





Min Delay Paths
--------------------------------------------------------------------------------------
Slack (MET) :             0.076ns  (arrival time - required time)
  Source:                 u_soc_top/u_core/u_if_id_reg/id_instr_o_reg[2]/C
                            (rising edge-triggered cell FDRE clocked by sys_clk  {rise@0.000ns fall@2.500ns period=5.000ns})
  Destination:            u_soc_top/u_core/u_id_ex_reg/ex_mem_re_o_reg/D
                            (rising edge-triggered cell FDRE clocked by sys_clk  {rise@0.000ns fall@2.500ns period=5.000ns})
  Path Group:             sys_clk
  Path Type:              Hold (Min at Fast Process Corner)
  Requirement:            0.000ns  (sys_clk rise@0.000ns - sys_clk rise@0.000ns)
  Data Path Delay:        0.399ns  (logic 0.128ns (32.076%)  route 0.271ns (67.924%))
  Logic Levels:           1  (LUT6=1)
  Clock Path Skew:        0.262ns (DCD - SCD - CPR)
    Destination Clock Delay (DCD):    2.653ns
    Source Clock Delay      (SCD):    2.186ns
    Clock Pessimism Removal (CPR):    0.204ns

    Location             Delay type                Incr(ns)  Path(ns)    Netlist Resource(s)
  -------------------------------------------------------------------    -------------------
                         (clock sys_clk rise edge)    0.000     0.000 r  
    AD12                                              0.000     0.000 r  clk_p_i (IN)
                         net (fo=0)                   0.000     0.000    clk_p_i
    AD12                 IBUFDS (Prop_ibufds_I_O)     0.388     0.388 r  u_ibufds_clk/O
                         net (fo=1, routed)           1.083     1.471    clk_200m
    BUFGCTRL_X0Y0        BUFG (Prop_bufg_I_O)         0.026     1.497 r  clk_200m_BUFG_inst/O
                         net (fo=5433, routed)        0.689     2.186    u_soc_top/u_core/u_if_id_reg/clk_200m_BUFG
    SLICE_X30Y51         FDRE                                         r  u_soc_top/u_core/u_if_id_reg/id_instr_o_reg[2]/C
  -------------------------------------------------------------------    -------------------
    SLICE_X30Y51         FDRE (Prop_fdre_C_Q)         0.100     2.286 f  u_soc_top/u_core/u_if_id_reg/id_instr_o_reg[2]/Q
                         net (fo=21, routed)          0.271     2.557    u_soc_top/u_core/u_if_id_reg/if_id_instr[2]
    SLICE_X33Y45         LUT6 (Prop_lut6_I5_O)        0.028     2.585 r  u_soc_top/u_core/u_if_id_reg/ex_mem_re_o_i_1/O
                         net (fo=1, routed)           0.000     2.585    u_soc_top/u_core/u_id_ex_reg/id_mem_re_i
    SLICE_X33Y45         FDRE                                         r  u_soc_top/u_core/u_id_ex_reg/ex_mem_re_o_reg/D
  -------------------------------------------------------------------    -------------------

                         (clock sys_clk rise edge)    0.000     0.000 r  
    AD12                                              0.000     0.000 r  clk_p_i (IN)
                         net (fo=0)                   0.000     0.000    clk_p_i
    AD12                 IBUFDS (Prop_ibufds_I_O)     0.470     0.470 r  u_ibufds_clk/O
                         net (fo=1, routed)           1.154     1.624    clk_200m
    BUFGCTRL_X0Y0        BUFG (Prop_bufg_I_O)         0.030     1.654 r  clk_200m_BUFG_inst/O
                         net (fo=5433, routed)        0.999     2.653    u_soc_top/u_core/u_id_ex_reg/clk_200m_BUFG
    SLICE_X33Y45         FDRE                                         r  u_soc_top/u_core/u_id_ex_reg/ex_mem_re_o_reg/C
                         clock pessimism             -0.204     2.448    
    SLICE_X33Y45         FDRE (Hold_fdre_C_D)         0.061     2.509    u_soc_top/u_core/u_id_ex_reg/ex_mem_re_o_reg
  -------------------------------------------------------------------
                         required time                         -2.509    
                         arrival time                           2.585    
  -------------------------------------------------------------------
                         slack                                  0.076    





Pulse Width Checks
--------------------------------------------------------------------------------------
Clock Name:         sys_clk
Waveform(ns):       { 0.000 2.500 }
Period(ns):         5.000
Sources:            { clk_p_i }

Check Type        Corner  Lib Pin             Reference Pin  Required(ns)  Actual(ns)  Slack(ns)  Location      Pin
Min Period        n/a     RAMB36E1/CLKARDCLK  n/a            2.095         5.000       2.905      RAMB36_X1Y7   u_soc_top/gen_inst_bram.u_inst_bram/mem_reg_0/CLKARDCLK
Low Pulse Width   Slow    RAMS64E/CLK         n/a            0.768         2.500       1.732      SLICE_X14Y35  u_soc_top/u_data_ram/mem_reg_0_255_0_0/RAMS64E_A/CLK
High Pulse Width  Slow    RAMS64E/CLK         n/a            0.768         2.500       1.732      SLICE_X14Y35  u_soc_top/u_data_ram/mem_reg_0_255_0_0/RAMS64E_A/CLK



---------------------------------------------------------------------------------------------------
Path Group:  **async_default**
From Clock:  sys_clk
  To Clock:  sys_clk

Setup :            0  Failing Endpoints,  Worst Slack        1.411ns,  Total Violation        0.000ns
Hold  :            0  Failing Endpoints,  Worst Slack        1.024ns,  Total Violation        0.000ns
---------------------------------------------------------------------------------------------------


Max Delay Paths
--------------------------------------------------------------------------------------
Slack (MET) :             1.411ns  (required time - arrival time)
  Source:                 rst_counter_reg[19]/C
                            (rising edge-triggered cell FDRE clocked by sys_clk  {rise@0.000ns fall@2.500ns period=5.000ns})
  Destination:            u_soc_top/u_core/u_interrupt_pipeline/csr_mcause_data_o_reg[0]/CLR
                            (recovery check against rising-edge clock sys_clk  {rise@0.000ns fall@2.500ns period=5.000ns})
  Path Group:             **async_default**
  Path Type:              Recovery (Max at Slow Process Corner)
  Requirement:            5.000ns  (sys_clk rise@5.000ns - sys_clk rise@0.000ns)
  Data Path Delay:        3.310ns  (logic 0.474ns (14.322%)  route 2.836ns (85.678%))
  Logic Levels:           5  (LUT1=1 LUT4=1 LUT5=1 LUT6=2)
  Clock Path Skew:        -0.032ns (DCD - SCD + CPR)
    Destination Clock Delay (DCD):    4.566ns = ( 9.566 - 5.000 ) 
    Source Clock Delay      (SCD):    4.927ns
    Clock Pessimism Removal (CPR):    0.328ns
  Clock Uncertainty:      0.035ns  ((TSJ^2 + TIJ^2)^1/2 + DJ) / 2 + PE
    Total System Jitter     (TSJ):    0.071ns
    Total Input Jitter      (TIJ):    0.000ns
    Discrete Jitter          (DJ):    0.000ns
    Phase Error              (PE):    0.000ns

    Location             Delay type                Incr(ns)  Path(ns)    Netlist Resource(s)
  -------------------------------------------------------------------    -------------------
                         (clock sys_clk rise edge)    0.000     0.000 r  
    AD12                                              0.000     0.000 r  clk_p_i (IN)
                         net (fo=0)                   0.000     0.000    clk_p_i
    AD12                 IBUFDS (Prop_ibufds_I_O)     0.906     0.906 r  u_ibufds_clk/O
                         net (fo=1, routed)           2.299     3.205    clk_200m
    BUFGCTRL_X0Y0        BUFG (Prop_bufg_I_O)         0.093     3.298 r  clk_200m_BUFG_inst/O
                         net (fo=5433, routed)        1.629     4.927    clk_200m_BUFG
    SLICE_X10Y72         FDRE                                         r  rst_counter_reg[19]/C
  -------------------------------------------------------------------    -------------------
    SLICE_X10Y72         FDRE (Prop_fdre_C_Q)         0.259     5.186 r  rst_counter_reg[19]/Q
                         net (fo=2, routed)           0.364     5.550    u_soc_top/u_core/u_ifu_top/u_pc_reg/rst_counter_reg[19]
    SLICE_X11Y72         LUT4 (Prop_lut4_I1_O)        0.043     5.593 r  u_soc_top/u_core/u_ifu_top/u_pc_reg/led0_o_OBUF_inst_i_6/O
                         net (fo=1, routed)           0.233     5.825    u_soc_top/u_core/u_ifu_top/u_pc_reg/led0_o_OBUF_inst_i_6_n_0
    SLICE_X11Y73         LUT5 (Prop_lut5_I4_O)        0.043     5.868 r  u_soc_top/u_core/u_ifu_top/u_pc_reg/led0_o_OBUF_inst_i_5/O
                         net (fo=1, routed)           0.283     6.151    u_soc_top/u_core/u_ifu_top/u_pc_reg/led0_o_OBUF_inst_i_5_n_0
    SLICE_X11Y69         LUT6 (Prop_lut6_I5_O)        0.043     6.194 r  u_soc_top/u_core/u_ifu_top/u_pc_reg/led0_o_OBUF_inst_i_2/O
                         net (fo=1, routed)           0.099     6.293    u_soc_top/u_core/u_ifu_top/u_pc_reg/led0_o_OBUF_inst_i_2_n_0
    SLICE_X11Y69         LUT6 (Prop_lut6_I0_O)        0.043     6.336 r  u_soc_top/u_core/u_ifu_top/u_pc_reg/led0_o_OBUF_inst_i_1/O
                         net (fo=34, routed)          0.719     7.054    u_soc_top/u_core/u_id_top/u_regfile/registers_reg[31][0]_0
    SLICE_X26Y62         LUT1 (Prop_lut1_I0_O)        0.043     7.097 f  u_soc_top/u_core/u_id_top/u_regfile/pc[31]_i_1/O
                         net (fo=4225, routed)        1.139     8.236    u_soc_top/u_core/u_interrupt_pipeline/csr_mepc_we_o_reg_3
    SLICE_X13Y51         FDCE                                         f  u_soc_top/u_core/u_interrupt_pipeline/csr_mcause_data_o_reg[0]/CLR
  -------------------------------------------------------------------    -------------------

                         (clock sys_clk rise edge)    5.000     5.000 r  
    AD12                                              0.000     5.000 r  clk_p_i (IN)
                         net (fo=0)                   0.000     5.000    clk_p_i
    AD12                 IBUFDS (Prop_ibufds_I_O)     0.803     5.803 r  u_ibufds_clk/O
                         net (fo=1, routed)           2.173     7.976    clk_200m
    BUFGCTRL_X0Y0        BUFG (Prop_bufg_I_O)         0.083     8.059 r  clk_200m_BUFG_inst/O
                         net (fo=5433, routed)        1.507     9.566    u_soc_top/u_core/u_interrupt_pipeline/clk_200m_BUFG
    SLICE_X13Y51         FDCE                                         r  u_soc_top/u_core/u_interrupt_pipeline/csr_mcause_data_o_reg[0]/C
                         clock pessimism              0.328     9.895    
                         clock uncertainty           -0.035     9.859    
    SLICE_X13Y51         FDCE (Recov_fdce_C_CLR)     -0.212     9.647    u_soc_top/u_core/u_interrupt_pipeline/csr_mcause_data_o_reg[0]
  -------------------------------------------------------------------
                         required time                          9.647    
                         arrival time                          -8.236    
  -------------------------------------------------------------------
                         slack                                  1.411    





Min Delay Paths
--------------------------------------------------------------------------------------
Slack (MET) :             1.024ns  (arrival time - required time)
  Source:                 rst_counter_reg[5]/C
                            (rising edge-triggered cell FDRE clocked by sys_clk  {rise@0.000ns fall@2.500ns period=5.000ns})
  Destination:            u_soc_top/u_core/u_ifu_top/gen_pc_delayed.pc_delayed_reg[10]/CLR
                            (removal check against rising-edge clock sys_clk  {rise@0.000ns fall@2.500ns period=5.000ns})
  Path Group:             **async_default**
  Path Type:              Removal (Min at Fast Process Corner)
  Requirement:            0.000ns  (sys_clk rise@0.000ns - sys_clk rise@0.000ns)
  Data Path Delay:        1.222ns  (logic 0.174ns (14.245%)  route 1.048ns (85.755%))
  Logic Levels:           2  (LUT1=1 LUT6=1)
  Clock Path Skew:        0.267ns (DCD - SCD - CPR)
    Destination Clock Delay (DCD):    2.657ns
    Source Clock Delay      (SCD):    2.185ns
    Clock Pessimism Removal (CPR):    0.204ns

    Location             Delay type                Incr(ns)  Path(ns)    Netlist Resource(s)
  -------------------------------------------------------------------    -------------------
                         (clock sys_clk rise edge)    0.000     0.000 r  
    AD12                                              0.000     0.000 r  clk_p_i (IN)
                         net (fo=0)                   0.000     0.000    clk_p_i
    AD12                 IBUFDS (Prop_ibufds_I_O)     0.388     0.388 r  u_ibufds_clk/O
                         net (fo=1, routed)           1.083     1.471    clk_200m
    BUFGCTRL_X0Y0        BUFG (Prop_bufg_I_O)         0.026     1.497 r  clk_200m_BUFG_inst/O
                         net (fo=5433, routed)        0.688     2.185    clk_200m_BUFG
    SLICE_X10Y69         FDRE                                         r  rst_counter_reg[5]/C
  -------------------------------------------------------------------    -------------------
    SLICE_X10Y69         FDRE (Prop_fdre_C_Q)         0.118     2.303 r  rst_counter_reg[5]/Q
                         net (fo=2, routed)           0.191     2.495    u_soc_top/u_core/u_ifu_top/u_pc_reg/rst_counter_reg[5]
    SLICE_X11Y69         LUT6 (Prop_lut6_I2_O)        0.028     2.523 r  u_soc_top/u_core/u_ifu_top/u_pc_reg/led0_o_OBUF_inst_i_1/O
                         net (fo=34, routed)          0.418     2.940    u_soc_top/u_core/u_id_top/u_regfile/registers_reg[31][0]_0
    SLICE_X26Y62         LUT1 (Prop_lut1_I0_O)        0.028     2.968 f  u_soc_top/u_core/u_id_top/u_regfile/pc[31]_i_1/O
                         net (fo=4225, routed)        0.439     3.407    u_soc_top/u_core/u_ifu_top/pc_reg[31]
    SLICE_X24Y49         FDCE                                         f  u_soc_top/u_core/u_ifu_top/gen_pc_delayed.pc_delayed_reg[10]/CLR
  -------------------------------------------------------------------    -------------------

                         (clock sys_clk rise edge)    0.000     0.000 r  
    AD12                                              0.000     0.000 r  clk_p_i (IN)
                         net (fo=0)                   0.000     0.000    clk_p_i
    AD12                 IBUFDS (Prop_ibufds_I_O)     0.470     0.470 r  u_ibufds_clk/O
                         net (fo=1, routed)           1.154     1.624    clk_200m
    BUFGCTRL_X0Y0        BUFG (Prop_bufg_I_O)         0.030     1.654 r  clk_200m_BUFG_inst/O
                         net (fo=5433, routed)        1.003     2.657    u_soc_top/u_core/u_ifu_top/clk_200m_BUFG
    SLICE_X24Y49         FDCE                                         r  u_soc_top/u_core/u_ifu_top/gen_pc_delayed.pc_delayed_reg[10]/C
                         clock pessimism             -0.204     2.452    
    SLICE_X24Y49         FDCE (Remov_fdce_C_CLR)     -0.069     2.383    u_soc_top/u_core/u_ifu_top/gen_pc_delayed.pc_delayed_reg[10]
  -------------------------------------------------------------------
                         required time                         -2.383    
                         arrival time                           3.407    
  -------------------------------------------------------------------
                         slack                                  1.024    





