Copyright 1986-2022 Xilinx, Inc. All Rights Reserved.
-----------------------------------------------------------------------------------------------------------------------------------------
| Tool Version : Vivado v.2022.2 (win64) Build 3671981 Fri Oct 14 05:00:03 MDT 2022
| Date         : Thu Jul  2 21:49:55 2026
| Host         : DESKTOP-LKNE2KM running 64-bit major release  (build 9200)
| Command      : report_timing_summary -file D:/Path/RISC-V-TEST/Project/FX-RV32_Custom/vivado/synth_results/BANKS4_POL0_impl_timing.rpt
| Design       : soc_top_fpga
| Device       : 7k325t-ffg900
| Speed File   : -2  PRODUCTION 1.12 2017-02-17
-----------------------------------------------------------------------------------------------------------------------------------------

Timing Summary Report

------------------------------------------------------------------------------------------------
| Timer Settings
| --------------
------------------------------------------------------------------------------------------------

  Enable Multi Corner Analysis               :  Yes
  Enable Pessimism Removal                   :  Yes
  Pessimism Removal Resolution               :  Nearest Common Node
  Enable Input Delay Default Clock           :  No
  Enable Preset / Clear Arcs                 :  No
  Disable Flight Delays                      :  No
  Ignore I/O Paths                           :  No
  Timing Early Launch at Borrowing Latches   :  No
  Borrow Time for Max Delay Exceptions       :  Yes
  Merge Timing Exceptions                    :  Yes

  Corner  Analyze    Analyze    
  Name    Max Paths  Min Paths  
  ------  ---------  ---------  
  Slow    Yes        Yes        
  Fast    Yes        Yes        


------------------------------------------------------------------------------------------------
| Report Methodology
| ------------------
------------------------------------------------------------------------------------------------

No report available as report_methodology has not been run prior. Run report_methodology on the current design for the summary of methodology violations.



check_timing report

Table of Contents
-----------------
1. checking no_clock (0)
2. checking constant_clock (0)
3. checking pulse_width_clock (0)
4. checking unconstrained_internal_endpoints (0)
5. checking no_input_delay (33)
6. checking no_output_delay (44)
7. checking multiple_clock (0)
8. checking generated_clocks (0)
9. checking loops (0)
10. checking partial_input_delay (0)
11. checking partial_output_delay (0)
12. checking latch_loops (0)

1. checking no_clock (0)
------------------------
 There are 0 register/latch pins with no clock.


2. checking constant_clock (0)
------------------------------
 There are 0 register/latch pins with constant_clock.


3. checking pulse_width_clock (0)
---------------------------------
 There are 0 register/latch pins which need pulse_width check


4. checking unconstrained_internal_endpoints (0)
------------------------------------------------
 There are 0 pins that are not constrained for maximum delay.

 There are 0 pins that are not constrained for maximum delay due to constant clock.


5. checking no_input_delay (33)
-------------------------------
 There are 32 input ports with no input delay specified. (HIGH)

 There is 1 input port with no input delay but user has a false path constraint. (MEDIUM)


6. checking no_output_delay (44)
--------------------------------
 There are 39 ports with no output delay specified. (HIGH)

 There are 5 ports with no output delay but user has a false path constraint (MEDIUM)

 There are 0 ports with no output delay but with a timing clock defined on it or propagating through it


7. checking multiple_clock (0)
------------------------------
 There are 0 register/latch pins with multiple clocks.


8. checking generated_clocks (0)
--------------------------------
 There are 0 generated clocks that are not connected to a clock source.


9. checking loops (0)
---------------------
 There are 0 combinational loops in the design.


10. checking partial_input_delay (0)
------------------------------------
 There are 0 input ports with partial input delay specified.


11. checking partial_output_delay (0)
-------------------------------------
 There are 0 ports with partial output delay specified.


12. checking latch_loops (0)
----------------------------
 There are 0 combinational latch loops in the design through latch input



------------------------------------------------------------------------------------------------
| Design Timing Summary
| ---------------------
------------------------------------------------------------------------------------------------

    WNS(ns)      TNS(ns)  TNS Failing Endpoints  TNS Total Endpoints      WHS(ns)      THS(ns)  THS Failing Endpoints  THS Total Endpoints     WPWS(ns)     TPWS(ns)  TPWS Failing Endpoints  TPWS Total Endpoints  
    -------      -------  ---------------------  -------------------      -------      -------  ---------------------  -------------------     --------     --------  ----------------------  --------------------  
     -0.612     -126.001                    297                25211        0.065        0.000                      0                25211        1.732        0.000                       0                  7443  


Timing constraints are not met.


------------------------------------------------------------------------------------------------
| Clock Summary
| -------------
------------------------------------------------------------------------------------------------

Clock    Waveform(ns)         Period(ns)      Frequency(MHz)
-----    ------------         ----------      --------------
sys_clk  {0.000 2.500}        5.000           200.000         


------------------------------------------------------------------------------------------------
| Intra Clock Table
| -----------------
------------------------------------------------------------------------------------------------

Clock             WNS(ns)      TNS(ns)  TNS Failing Endpoints  TNS Total Endpoints      WHS(ns)      THS(ns)  THS Failing Endpoints  THS Total Endpoints     WPWS(ns)     TPWS(ns)  TPWS Failing Endpoints  TPWS Total Endpoints  
-----             -------      -------  ---------------------  -------------------      -------      -------  ---------------------  -------------------     --------     --------  ----------------------  --------------------  
sys_clk            -0.612     -126.001                    297                25069        0.065        0.000                      0                25069        1.732        0.000                       0                  7443  


------------------------------------------------------------------------------------------------
| Inter Clock Table
| -----------------
------------------------------------------------------------------------------------------------

From Clock    To Clock          WNS(ns)      TNS(ns)  TNS Failing Endpoints  TNS Total Endpoints      WHS(ns)      THS(ns)  THS Failing Endpoints  THS Total Endpoints  
----------    --------          -------      -------  ---------------------  -------------------      -------      -------  ---------------------  -------------------  


------------------------------------------------------------------------------------------------
| Other Path Groups Table
| -----------------------
------------------------------------------------------------------------------------------------

Path Group         From Clock         To Clock               WNS(ns)      TNS(ns)  TNS Failing Endpoints  TNS Total Endpoints      WHS(ns)      THS(ns)  THS Failing Endpoints  THS Total Endpoints  
----------         ----------         --------               -------      -------  ---------------------  -------------------      -------      -------  ---------------------  -------------------  
**async_default**  sys_clk            sys_clk                  1.397        0.000                      0                  142        1.069        0.000                      0                  142  


------------------------------------------------------------------------------------------------
| Timing Details
| --------------
------------------------------------------------------------------------------------------------


---------------------------------------------------------------------------------------------------
From Clock:  sys_clk
  To Clock:  sys_clk

Setup :          297  Failing Endpoints,  Worst Slack       -0.612ns,  Total Violation     -126.001ns
Hold  :            0  Failing Endpoints,  Worst Slack        0.065ns,  Total Violation        0.000ns
PW    :            0  Failing Endpoints,  Worst Slack        1.732ns,  Total Violation        0.000ns
---------------------------------------------------------------------------------------------------


Max Delay Paths
--------------------------------------------------------------------------------------
Slack (VIOLATED) :        -0.612ns  (required time - arrival time)
  Source:                 u_soc_top/u_core/u_if_id_reg/id_instr_o_reg[24]/C
                            (rising edge-triggered cell FDRE clocked by sys_clk  {rise@0.000ns fall@2.500ns period=5.000ns})
  Destination:            u_soc_top/u_core/u_if_id_reg/id_pc_o_reg[13]/R
                            (rising edge-triggered cell FDRE clocked by sys_clk  {rise@0.000ns fall@2.500ns period=5.000ns})
  Path Group:             sys_clk
  Path Type:              Setup (Max at Slow Process Corner)
  Requirement:            5.000ns  (sys_clk rise@5.000ns - sys_clk rise@0.000ns)
  Data Path Delay:        5.221ns  (logic 1.019ns (19.517%)  route 4.202ns (80.483%))
  Logic Levels:           12  (CARRY4=3 LUT4=1 LUT5=1 LUT6=7)
  Clock Path Skew:        -0.052ns (DCD - SCD + CPR)
    Destination Clock Delay (DCD):    4.554ns = ( 9.554 - 5.000 ) 
    Source Clock Delay      (SCD):    4.935ns
    Clock Pessimism Removal (CPR):    0.328ns
  Clock Uncertainty:      0.035ns  ((TSJ^2 + TIJ^2)^1/2 + DJ) / 2 + PE
    Total System Jitter     (TSJ):    0.071ns
    Total Input Jitter      (TIJ):    0.000ns
    Discrete Jitter          (DJ):    0.000ns
    Phase Error              (PE):    0.000ns

    Location             Delay type                Incr(ns)  Path(ns)    Netlist Resource(s)
  -------------------------------------------------------------------    -------------------
                         (clock sys_clk rise edge)    0.000     0.000 r  
    AD12                                              0.000     0.000 r  clk_p_i (IN)
                         net (fo=0)                   0.000     0.000    clk_p_i
    AD12                 IBUFDS (Prop_ibufds_I_O)     0.906     0.906 r  u_ibufds_clk/O
                         net (fo=1, routed)           2.299     3.205    clk_200m
    BUFGCTRL_X0Y0        BUFG (Prop_bufg_I_O)         0.093     3.298 r  clk_200m_BUFG_inst/O
                         net (fo=7442, routed)        1.637     4.935    u_soc_top/u_core/u_if_id_reg/clk_200m_BUFG
    SLICE_X22Y86         FDRE                                         r  u_soc_top/u_core/u_if_id_reg/id_instr_o_reg[24]/C
  -------------------------------------------------------------------    -------------------
    SLICE_X22Y86         FDRE (Prop_fdre_C_Q)         0.259     5.194 r  u_soc_top/u_core/u_if_id_reg/id_instr_o_reg[24]/Q
                         net (fo=41, routed)          0.452     5.645    u_soc_top/u_core/u_if_id_reg/if_id_instr[24]
    SLICE_X23Y85         LUT6 (Prop_lut6_I0_O)        0.043     5.688 r  u_soc_top/u_core/u_if_id_reg/pc[31]_i_17/O
                         net (fo=2, routed)           0.198     5.886    u_soc_top/u_core/u_if_id_reg/pc[31]_i_17_n_0
    SLICE_X23Y83         LUT5 (Prop_lut5_I0_O)        0.043     5.929 r  u_soc_top/u_core/u_if_id_reg/p_2_out_carry_i_49/O
                         net (fo=1, routed)           0.240     6.169    u_soc_top/u_core/u_id_ex_reg/p_2_out_carry__5_i_10
    SLICE_X23Y81         LUT6 (Prop_lut6_I3_O)        0.043     6.212 r  u_soc_top/u_core/u_id_ex_reg/p_2_out_carry_i_35/O
                         net (fo=81, routed)          0.432     6.644    u_soc_top/u_core/u_mem_wb_reg/mem_mem_wdata_o_reg[0]
    SLICE_X26Y77         LUT6 (Prop_lut6_I0_O)        0.043     6.687 f  u_soc_top/u_core/u_mem_wb_reg/p_2_out_carry_i_42/O
                         net (fo=32, routed)          0.534     7.222    u_soc_top/u_core/u_mem_wb_reg/p_2_out_carry_i_42_n_0
    SLICE_X26Y79         LUT6 (Prop_lut6_I4_O)        0.043     7.265 r  u_soc_top/u_core/u_mem_wb_reg/p_2_out_carry__1_i_26/O
                         net (fo=17, routed)          0.689     7.954    u_soc_top/u_core/u_mem_wb_reg/op1_selected[11]
    SLICE_X26Y83         LUT4 (Prop_lut4_I1_O)        0.043     7.997 r  u_soc_top/u_core/u_mem_wb_reg/bltu_taken_carry__0_i_7/O
                         net (fo=1, routed)           0.000     7.997    u_soc_top/u_core/u_ex_top/u_branch/bltu_taken_carry__1_1[1]
    SLICE_X26Y83         CARRY4 (Prop_carry4_S[1]_CO[3])
                                                      0.267     8.264 r  u_soc_top/u_core/u_ex_top/u_branch/bltu_taken_carry__0/CO[3]
                         net (fo=1, routed)           0.000     8.264    u_soc_top/u_core/u_ex_top/u_branch/bltu_taken_carry__0_n_0
    SLICE_X26Y84         CARRY4 (Prop_carry4_CI_CO[3])
                                                      0.053     8.317 r  u_soc_top/u_core/u_ex_top/u_branch/bltu_taken_carry__1/CO[3]
                         net (fo=1, routed)           0.000     8.317    u_soc_top/u_core/u_ex_top/u_branch/bltu_taken_carry__1_n_0
    SLICE_X26Y85         CARRY4 (Prop_carry4_CI_CO[3])
                                                      0.053     8.370 r  u_soc_top/u_core/u_ex_top/u_branch/bltu_taken_carry__2/CO[3]
                         net (fo=1, routed)           0.543     8.914    u_soc_top/u_core/u_id_ex_reg/id_pc_o[31]_i_3_0[0]
    SLICE_X25Y87         LUT6 (Prop_lut6_I1_O)        0.043     8.957 r  u_soc_top/u_core/u_id_ex_reg/id_pc_o[31]_i_4/O
                         net (fo=1, routed)           0.192     9.149    u_soc_top/u_core/u_id_ex_reg/id_pc_o[31]_i_4_n_0
    SLICE_X29Y87         LUT6 (Prop_lut6_I1_O)        0.043     9.192 r  u_soc_top/u_core/u_id_ex_reg/id_pc_o[31]_i_3/O
                         net (fo=52, routed)          0.405     9.596    u_soc_top/u_core/u_id_ex_reg/ex_branch_taken
    SLICE_X27Y85         LUT6 (Prop_lut6_I0_O)        0.043     9.639 r  u_soc_top/u_core/u_id_ex_reg/id_pc_o[31]_i_1/O
                         net (fo=32, routed)          0.516    10.156    u_soc_top/u_core/u_if_id_reg/SR[0]
    SLICE_X25Y84         FDRE                                         r  u_soc_top/u_core/u_if_id_reg/id_pc_o_reg[13]/R
  -------------------------------------------------------------------    -------------------

                         (clock sys_clk rise edge)    5.000     5.000 r  
    AD12                                              0.000     5.000 r  clk_p_i (IN)
                         net (fo=0)                   0.000     5.000    clk_p_i
    AD12                 IBUFDS (Prop_ibufds_I_O)     0.803     5.803 r  u_ibufds_clk/O
                         net (fo=1, routed)           2.173     7.976    clk_200m
    BUFGCTRL_X0Y0        BUFG (Prop_bufg_I_O)         0.083     8.059 r  clk_200m_BUFG_inst/O
                         net (fo=7442, routed)        1.495     9.554    u_soc_top/u_core/u_if_id_reg/clk_200m_BUFG
    SLICE_X25Y84         FDRE                                         r  u_soc_top/u_core/u_if_id_reg/id_pc_o_reg[13]/C
                         clock pessimism              0.328     9.883    
                         clock uncertainty           -0.035     9.847    
    SLICE_X25Y84         FDRE (Setup_fdre_C_R)       -0.304     9.543    u_soc_top/u_core/u_if_id_reg/id_pc_o_reg[13]
  -------------------------------------------------------------------
                         required time                          9.543    
                         arrival time                         -10.156    
  -------------------------------------------------------------------
                         slack                                 -0.612    





Min Delay Paths
--------------------------------------------------------------------------------------
Slack (MET) :             0.065ns  (arrival time - required time)
  Source:                 u_soc_top/u_core/u_id_top/u_regfile/shadow_registers_reg[1][7][23]/C
                            (rising edge-triggered cell FDRE clocked by sys_clk  {rise@0.000ns fall@2.500ns period=5.000ns})
  Destination:            u_soc_top/u_core/u_id_top/u_regfile/registers_reg[7][23]/D
                            (rising edge-triggered cell FDRE clocked by sys_clk  {rise@0.000ns fall@2.500ns period=5.000ns})
  Path Group:             sys_clk
  Path Type:              Hold (Min at Fast Process Corner)
  Requirement:            0.000ns  (sys_clk rise@0.000ns - sys_clk rise@0.000ns)
  Data Path Delay:        0.390ns  (logic 0.183ns (46.895%)  route 0.207ns (53.105%))
  Logic Levels:           2  (LUT4=2)
  Clock Path Skew:        0.265ns (DCD - SCD - CPR)
    Destination Clock Delay (DCD):    2.591ns
    Source Clock Delay      (SCD):    2.141ns
    Clock Pessimism Removal (CPR):    0.184ns

    Location             Delay type                Incr(ns)  Path(ns)    Netlist Resource(s)
  -------------------------------------------------------------------    -------------------
                         (clock sys_clk rise edge)    0.000     0.000 r  
    AD12                                              0.000     0.000 r  clk_p_i (IN)
                         net (fo=0)                   0.000     0.000    clk_p_i
    AD12                 IBUFDS (Prop_ibufds_I_O)     0.388     0.388 r  u_ibufds_clk/O
                         net (fo=1, routed)           1.083     1.471    clk_200m
    BUFGCTRL_X0Y0        BUFG (Prop_bufg_I_O)         0.026     1.497 r  clk_200m_BUFG_inst/O
                         net (fo=7442, routed)        0.644     2.141    u_soc_top/u_core/u_id_top/u_regfile/clk_200m_BUFG
    SLICE_X13Y100        FDRE                                         r  u_soc_top/u_core/u_id_top/u_regfile/shadow_registers_reg[1][7][23]/C
  -------------------------------------------------------------------    -------------------
    SLICE_X13Y100        FDRE (Prop_fdre_C_Q)         0.091     2.232 r  u_soc_top/u_core/u_id_top/u_regfile/shadow_registers_reg[1][7][23]/Q
                         net (fo=1, routed)           0.076     2.308    u_soc_top/u_core/u_interrupt_pipeline/registers_reg[7][31]_0[23]
    SLICE_X13Y100        LUT4 (Prop_lut4_I3_O)        0.064     2.372 r  u_soc_top/u_core/u_interrupt_pipeline/registers[7][23]_i_2/O
                         net (fo=1, routed)           0.132     2.504    u_soc_top/u_core/u_interrupt_pipeline/registers[7][23]_i_2_n_0
    SLICE_X13Y99         LUT4 (Prop_lut4_I0_O)        0.028     2.532 r  u_soc_top/u_core/u_interrupt_pipeline/registers[7][23]_i_1/O
                         net (fo=1, routed)           0.000     2.532    u_soc_top/u_core/u_id_top/u_regfile/registers_reg[7][31]_0[23]
    SLICE_X13Y99         FDRE                                         r  u_soc_top/u_core/u_id_top/u_regfile/registers_reg[7][23]/D
  -------------------------------------------------------------------    -------------------

                         (clock sys_clk rise edge)    0.000     0.000 r  
    AD12                                              0.000     0.000 r  clk_p_i (IN)
                         net (fo=0)                   0.000     0.000    clk_p_i
    AD12                 IBUFDS (Prop_ibufds_I_O)     0.470     0.470 r  u_ibufds_clk/O
                         net (fo=1, routed)           1.154     1.624    clk_200m
    BUFGCTRL_X0Y0        BUFG (Prop_bufg_I_O)         0.030     1.654 r  clk_200m_BUFG_inst/O
                         net (fo=7442, routed)        0.937     2.591    u_soc_top/u_core/u_id_top/u_regfile/clk_200m_BUFG
    SLICE_X13Y99         FDRE                                         r  u_soc_top/u_core/u_id_top/u_regfile/registers_reg[7][23]/C
                         clock pessimism             -0.184     2.406    
    SLICE_X13Y99         FDRE (Hold_fdre_C_D)         0.060     2.466    u_soc_top/u_core/u_id_top/u_regfile/registers_reg[7][23]
  -------------------------------------------------------------------
                         required time                         -2.466    
                         arrival time                           2.532    
  -------------------------------------------------------------------
                         slack                                  0.065    





Pulse Width Checks
--------------------------------------------------------------------------------------
Clock Name:         sys_clk
Waveform(ns):       { 0.000 2.500 }
Period(ns):         5.000
Sources:            { clk_p_i }

Check Type        Corner  Lib Pin             Reference Pin  Required(ns)  Actual(ns)  Slack(ns)  Location      Pin
Min Period        n/a     RAMB36E1/CLKARDCLK  n/a            2.095         5.000       2.905      RAMB36_X1Y16  u_soc_top/gen_inst_bram.u_inst_bram/mem_reg_0/CLKARDCLK
Low Pulse Width   Slow    RAMS64E/CLK         n/a            0.768         2.500       1.732      SLICE_X22Y72  u_soc_top/u_data_ram/mem_reg_0_255_0_0/RAMS64E_A/CLK
High Pulse Width  Slow    RAMS64E/CLK         n/a            0.768         2.500       1.732      SLICE_X22Y72  u_soc_top/u_data_ram/mem_reg_0_255_0_0/RAMS64E_A/CLK



---------------------------------------------------------------------------------------------------
Path Group:  **async_default**
From Clock:  sys_clk
  To Clock:  sys_clk

Setup :            0  Failing Endpoints,  Worst Slack        1.397ns,  Total Violation        0.000ns
Hold  :            0  Failing Endpoints,  Worst Slack        1.069ns,  Total Violation        0.000ns
---------------------------------------------------------------------------------------------------


Max Delay Paths
--------------------------------------------------------------------------------------
Slack (MET) :             1.397ns  (required time - arrival time)
  Source:                 rst_counter_reg[20]/C
                            (rising edge-triggered cell FDRE clocked by sys_clk  {rise@0.000ns fall@2.500ns period=5.000ns})
  Destination:            u_soc_top/u_core/u_interrupt_pipeline/csr_mstatus_data_o_reg[21]/CLR
                            (recovery check against rising-edge clock sys_clk  {rise@0.000ns fall@2.500ns period=5.000ns})
  Path Group:             **async_default**
  Path Type:              Recovery (Max at Slow Process Corner)
  Requirement:            5.000ns  (sys_clk rise@5.000ns - sys_clk rise@0.000ns)
  Data Path Delay:        3.256ns  (logic 0.449ns (13.790%)  route 2.807ns (86.210%))
  Logic Levels:           5  (LUT1=1 LUT4=1 LUT5=1 LUT6=2)
  Clock Path Skew:        -0.031ns (DCD - SCD + CPR)
    Destination Clock Delay (DCD):    4.559ns = ( 9.559 - 5.000 ) 
    Source Clock Delay      (SCD):    4.919ns
    Clock Pessimism Removal (CPR):    0.328ns
  Clock Uncertainty:      0.035ns  ((TSJ^2 + TIJ^2)^1/2 + DJ) / 2 + PE
    Total System Jitter     (TSJ):    0.071ns
    Total Input Jitter      (TIJ):    0.000ns
    Discrete Jitter          (DJ):    0.000ns
    Phase Error              (PE):    0.000ns

    Location             Delay type                Incr(ns)  Path(ns)    Netlist Resource(s)
  -------------------------------------------------------------------    -------------------
                         (clock sys_clk rise edge)    0.000     0.000 r  
    AD12                                              0.000     0.000 r  clk_p_i (IN)
                         net (fo=0)                   0.000     0.000    clk_p_i
    AD12                 IBUFDS (Prop_ibufds_I_O)     0.906     0.906 r  u_ibufds_clk/O
                         net (fo=1, routed)           2.299     3.205    clk_200m
    BUFGCTRL_X0Y0        BUFG (Prop_bufg_I_O)         0.093     3.298 r  clk_200m_BUFG_inst/O
                         net (fo=7442, routed)        1.621     4.919    clk_200m_BUFG
    SLICE_X26Y73         FDRE                                         r  rst_counter_reg[20]/C
  -------------------------------------------------------------------    -------------------
    SLICE_X26Y73         FDRE (Prop_fdre_C_Q)         0.223     5.142 r  rst_counter_reg[20]/Q
                         net (fo=2, routed)           0.387     5.528    u_soc_top/u_core/u_ifu_top/u_pc_reg/rst_counter_reg[20]
    SLICE_X27Y72         LUT4 (Prop_lut4_I0_O)        0.043     5.571 r  u_soc_top/u_core/u_ifu_top/u_pc_reg/led0_o_OBUF_inst_i_6/O
                         net (fo=1, routed)           0.150     5.721    u_soc_top/u_core/u_ifu_top/u_pc_reg/led0_o_OBUF_inst_i_6_n_0
    SLICE_X27Y72         LUT5 (Prop_lut5_I4_O)        0.043     5.764 r  u_soc_top/u_core/u_ifu_top/u_pc_reg/led0_o_OBUF_inst_i_5/O
                         net (fo=1, routed)           0.326     6.090    u_soc_top/u_core/u_ifu_top/u_pc_reg/led0_o_OBUF_inst_i_5_n_0
    SLICE_X27Y69         LUT6 (Prop_lut6_I5_O)        0.043     6.133 r  u_soc_top/u_core/u_ifu_top/u_pc_reg/led0_o_OBUF_inst_i_2/O
                         net (fo=1, routed)           0.265     6.399    u_soc_top/u_core/u_ifu_top/u_pc_reg/led0_o_OBUF_inst_i_2_n_0
    SLICE_X27Y68         LUT6 (Prop_lut6_I0_O)        0.043     6.442 r  u_soc_top/u_core/u_ifu_top/u_pc_reg/led0_o_OBUF_inst_i_1/O
                         net (fo=34, routed)          0.626     7.068    u_soc_top/u_core/u_id_top/u_regfile/registers_reg[31][0]_0
    SLICE_X25Y75         LUT1 (Prop_lut1_I0_O)        0.054     7.122 f  u_soc_top/u_core/u_id_top/u_regfile/pc[31]_i_1/O
                         net (fo=6220, routed)        1.053     8.175    u_soc_top/u_core/u_interrupt_pipeline/csr_mepc_we_o_reg_3
    SLICE_X10Y83         FDCE                                         f  u_soc_top/u_core/u_interrupt_pipeline/csr_mstatus_data_o_reg[21]/CLR
  -------------------------------------------------------------------    -------------------

                         (clock sys_clk rise edge)    5.000     5.000 r  
    AD12                                              0.000     5.000 r  clk_p_i (IN)
                         net (fo=0)                   0.000     5.000    clk_p_i
    AD12                 IBUFDS (Prop_ibufds_I_O)     0.803     5.803 r  u_ibufds_clk/O
                         net (fo=1, routed)           2.173     7.976    clk_200m
    BUFGCTRL_X0Y0        BUFG (Prop_bufg_I_O)         0.083     8.059 r  clk_200m_BUFG_inst/O
                         net (fo=7442, routed)        1.500     9.559    u_soc_top/u_core/u_interrupt_pipeline/clk_200m_BUFG
    SLICE_X10Y83         FDCE                                         r  u_soc_top/u_core/u_interrupt_pipeline/csr_mstatus_data_o_reg[21]/C
                         clock pessimism              0.328     9.888    
                         clock uncertainty           -0.035     9.852    
    SLICE_X10Y83         FDCE (Recov_fdce_C_CLR)     -0.281     9.571    u_soc_top/u_core/u_interrupt_pipeline/csr_mstatus_data_o_reg[21]
  -------------------------------------------------------------------
                         required time                          9.571    
                         arrival time                          -8.175    
  -------------------------------------------------------------------
                         slack                                  1.397    





Min Delay Paths
--------------------------------------------------------------------------------------
Slack (MET) :             1.069ns  (arrival time - required time)
  Source:                 rst_counter_reg[1]/C
                            (rising edge-triggered cell FDRE clocked by sys_clk  {rise@0.000ns fall@2.500ns period=5.000ns})
  Destination:            u_soc_top/u_core/u_interrupt_pipeline/bank_ptr_reg_reg[0]_replica_1/CLR
                            (removal check against rising-edge clock sys_clk  {rise@0.000ns fall@2.500ns period=5.000ns})
  Path Group:             **async_default**
  Path Type:              Removal (Min at Fast Process Corner)
  Requirement:            0.000ns  (sys_clk rise@0.000ns - sys_clk rise@0.000ns)
  Data Path Delay:        1.008ns  (logic 0.189ns (18.745%)  route 0.819ns (81.255%))
  Logic Levels:           3  (LUT1=1 LUT5=1 LUT6=1)
  Clock Path Skew:        0.030ns (DCD - SCD - CPR)
    Destination Clock Delay (DCD):    2.575ns
    Source Clock Delay      (SCD):    2.180ns
    Clock Pessimism Removal (CPR):    0.364ns

    Location             Delay type                Incr(ns)  Path(ns)    Netlist Resource(s)
  -------------------------------------------------------------------    -------------------
                         (clock sys_clk rise edge)    0.000     0.000 r  
    AD12                                              0.000     0.000 r  clk_p_i (IN)
                         net (fo=0)                   0.000     0.000    clk_p_i
    AD12                 IBUFDS (Prop_ibufds_I_O)     0.388     0.388 r  u_ibufds_clk/O
                         net (fo=1, routed)           1.083     1.471    clk_200m
    BUFGCTRL_X0Y0        BUFG (Prop_bufg_I_O)         0.026     1.497 r  clk_200m_BUFG_inst/O
                         net (fo=7442, routed)        0.683     2.180    clk_200m_BUFG
    SLICE_X26Y68         FDRE                                         r  rst_counter_reg[1]/C
  -------------------------------------------------------------------    -------------------
    SLICE_X26Y68         FDRE (Prop_fdre_C_Q)         0.100     2.280 r  rst_counter_reg[1]/Q
                         net (fo=2, routed)           0.061     2.342    u_soc_top/u_core/u_ifu_top/u_pc_reg/rst_counter_reg[1]
    SLICE_X27Y68         LUT5 (Prop_lut5_I1_O)        0.028     2.370 f  u_soc_top/u_core/u_ifu_top/u_pc_reg/led0_o_OBUF_inst_i_3/O
                         net (fo=1, routed)           0.075     2.444    u_soc_top/u_core/u_ifu_top/u_pc_reg/led0_o_OBUF_inst_i_3_n_0
    SLICE_X27Y68         LUT6 (Prop_lut6_I5_O)        0.028     2.472 r  u_soc_top/u_core/u_ifu_top/u_pc_reg/led0_o_OBUF_inst_i_1/O
                         net (fo=34, routed)          0.342     2.815    u_soc_top/u_core/u_id_top/u_regfile/registers_reg[31][0]_0
    SLICE_X25Y75         LUT1 (Prop_lut1_I0_O)        0.033     2.848 f  u_soc_top/u_core/u_id_top/u_regfile/pc[31]_i_1/O
                         net (fo=6220, routed)        0.341     3.189    u_soc_top/u_core/u_interrupt_pipeline/csr_mepc_we_o_reg_3
    SLICE_X20Y77         FDCE                                         f  u_soc_top/u_core/u_interrupt_pipeline/bank_ptr_reg_reg[0]_replica_1/CLR
  -------------------------------------------------------------------    -------------------

                         (clock sys_clk rise edge)    0.000     0.000 r  
    AD12                                              0.000     0.000 r  clk_p_i (IN)
                         net (fo=0)                   0.000     0.000    clk_p_i
    AD12                 IBUFDS (Prop_ibufds_I_O)     0.470     0.470 r  u_ibufds_clk/O
                         net (fo=1, routed)           1.154     1.624    clk_200m
    BUFGCTRL_X0Y0        BUFG (Prop_bufg_I_O)         0.030     1.654 r  clk_200m_BUFG_inst/O
                         net (fo=7442, routed)        0.921     2.575    u_soc_top/u_core/u_interrupt_pipeline/clk_200m_BUFG
    SLICE_X20Y77         FDCE                                         r  u_soc_top/u_core/u_interrupt_pipeline/bank_ptr_reg_reg[0]_replica_1/C
                         clock pessimism             -0.364     2.210    
    SLICE_X20Y77         FDCE (Remov_fdce_C_CLR)     -0.091     2.119    u_soc_top/u_core/u_interrupt_pipeline/bank_ptr_reg_reg[0]_replica_1
  -------------------------------------------------------------------
                         required time                         -2.119    
                         arrival time                           3.189    
  -------------------------------------------------------------------
                         slack                                  1.069    





