Copyright 1986-2022 Xilinx, Inc. All Rights Reserved.
-----------------------------------------------------------------------------------------------------------------------------------------
| Tool Version : Vivado v.2022.2 (win64) Build 3671981 Fri Oct 14 05:00:03 MDT 2022
| Date         : Thu Jul  2 21:59:46 2026
| Host         : DESKTOP-LKNE2KM running 64-bit major release  (build 9200)
| Command      : report_timing_summary -file D:/Path/RISC-V-TEST/Project/FX-RV32_Custom/vivado/synth_results/BANKS8_POL0_impl_timing.rpt
| Design       : soc_top_fpga
| Device       : 7k325t-ffg900
| Speed File   : -2  PRODUCTION 1.12 2017-02-17
-----------------------------------------------------------------------------------------------------------------------------------------

Timing Summary Report

------------------------------------------------------------------------------------------------
| Timer Settings
| --------------
------------------------------------------------------------------------------------------------

  Enable Multi Corner Analysis               :  Yes
  Enable Pessimism Removal                   :  Yes
  Pessimism Removal Resolution               :  Nearest Common Node
  Enable Input Delay Default Clock           :  No
  Enable Preset / Clear Arcs                 :  No
  Disable Flight Delays                      :  No
  Ignore I/O Paths                           :  No
  Timing Early Launch at Borrowing Latches   :  No
  Borrow Time for Max Delay Exceptions       :  Yes
  Merge Timing Exceptions                    :  Yes

  Corner  Analyze    Analyze    
  Name    Max Paths  Min Paths  
  ------  ---------  ---------  
  Slow    Yes        Yes        
  Fast    Yes        Yes        


------------------------------------------------------------------------------------------------
| Report Methodology
| ------------------
------------------------------------------------------------------------------------------------

No report available as report_methodology has not been run prior. Run report_methodology on the current design for the summary of methodology violations.



check_timing report

Table of Contents
-----------------
1. checking no_clock (0)
2. checking constant_clock (0)
3. checking pulse_width_clock (0)
4. checking unconstrained_internal_endpoints (0)
5. checking no_input_delay (33)
6. checking no_output_delay (44)
7. checking multiple_clock (0)
8. checking generated_clocks (0)
9. checking loops (0)
10. checking partial_input_delay (0)
11. checking partial_output_delay (0)
12. checking latch_loops (0)

1. checking no_clock (0)
------------------------
 There are 0 register/latch pins with no clock.


2. checking constant_clock (0)
------------------------------
 There are 0 register/latch pins with constant_clock.


3. checking pulse_width_clock (0)
---------------------------------
 There are 0 register/latch pins which need pulse_width check


4. checking unconstrained_internal_endpoints (0)
------------------------------------------------
 There are 0 pins that are not constrained for maximum delay.

 There are 0 pins that are not constrained for maximum delay due to constant clock.


5. checking no_input_delay (33)
-------------------------------
 There are 32 input ports with no input delay specified. (HIGH)

 There is 1 input port with no input delay but user has a false path constraint. (MEDIUM)


6. checking no_output_delay (44)
--------------------------------
 There are 39 ports with no output delay specified. (HIGH)

 There are 5 ports with no output delay but user has a false path constraint (MEDIUM)

 There are 0 ports with no output delay but with a timing clock defined on it or propagating through it


7. checking multiple_clock (0)
------------------------------
 There are 0 register/latch pins with multiple clocks.


8. checking generated_clocks (0)
--------------------------------
 There are 0 generated clocks that are not connected to a clock source.


9. checking loops (0)
---------------------
 There are 0 combinational loops in the design.


10. checking partial_input_delay (0)
------------------------------------
 There are 0 input ports with partial input delay specified.


11. checking partial_output_delay (0)
-------------------------------------
 There are 0 ports with partial output delay specified.


12. checking latch_loops (0)
----------------------------
 There are 0 combinational latch loops in the design through latch input



------------------------------------------------------------------------------------------------
| Design Timing Summary
| ---------------------
------------------------------------------------------------------------------------------------

    WNS(ns)      TNS(ns)  TNS Failing Endpoints  TNS Total Endpoints      WHS(ns)      THS(ns)  THS Failing Endpoints  THS Total Endpoints     WPWS(ns)     TPWS(ns)  TPWS Failing Endpoints  TPWS Total Endpoints  
    -------      -------  ---------------------  -------------------      -------      -------  ---------------------  -------------------     --------     --------  ----------------------  --------------------  
     -1.235     -303.716                    416                37063        0.072        0.000                      0                37063        1.732        0.000                       0                 11388  


Timing constraints are not met.


------------------------------------------------------------------------------------------------
| Clock Summary
| -------------
------------------------------------------------------------------------------------------------

Clock    Waveform(ns)         Period(ns)      Frequency(MHz)
-----    ------------         ----------      --------------
sys_clk  {0.000 2.500}        5.000           200.000         


------------------------------------------------------------------------------------------------
| Intra Clock Table
| -----------------
------------------------------------------------------------------------------------------------

Clock             WNS(ns)      TNS(ns)  TNS Failing Endpoints  TNS Total Endpoints      WHS(ns)      THS(ns)  THS Failing Endpoints  THS Total Endpoints     WPWS(ns)     TPWS(ns)  TPWS Failing Endpoints  TPWS Total Endpoints  
-----             -------      -------  ---------------------  -------------------      -------      -------  ---------------------  -------------------     --------     --------  ----------------------  --------------------  
sys_clk            -1.235     -303.716                    416                36926        0.072        0.000                      0                36926        1.732        0.000                       0                 11388  


------------------------------------------------------------------------------------------------
| Inter Clock Table
| -----------------
------------------------------------------------------------------------------------------------

From Clock    To Clock          WNS(ns)      TNS(ns)  TNS Failing Endpoints  TNS Total Endpoints      WHS(ns)      THS(ns)  THS Failing Endpoints  THS Total Endpoints  
----------    --------          -------      -------  ---------------------  -------------------      -------      -------  ---------------------  -------------------  


------------------------------------------------------------------------------------------------
| Other Path Groups Table
| -----------------------
------------------------------------------------------------------------------------------------

Path Group         From Clock         To Clock               WNS(ns)      TNS(ns)  TNS Failing Endpoints  TNS Total Endpoints      WHS(ns)      THS(ns)  THS Failing Endpoints  THS Total Endpoints  
----------         ----------         --------               -------      -------  ---------------------  -------------------      -------      -------  ---------------------  -------------------  
**async_default**  sys_clk            sys_clk                  1.564        0.000                      0                  137        1.015        0.000                      0                  137  


------------------------------------------------------------------------------------------------
| Timing Details
| --------------
------------------------------------------------------------------------------------------------


---------------------------------------------------------------------------------------------------
From Clock:  sys_clk
  To Clock:  sys_clk

Setup :          416  Failing Endpoints,  Worst Slack       -1.235ns,  Total Violation     -303.716ns
Hold  :            0  Failing Endpoints,  Worst Slack        0.072ns,  Total Violation        0.000ns
PW    :            0  Failing Endpoints,  Worst Slack        1.732ns,  Total Violation        0.000ns
---------------------------------------------------------------------------------------------------


Max Delay Paths
--------------------------------------------------------------------------------------
Slack (VIOLATED) :        -1.235ns  (required time - arrival time)
  Source:                 u_soc_top/u_core/u_if_id_reg/id_instr_o_reg[19]/C
                            (rising edge-triggered cell FDRE clocked by sys_clk  {rise@0.000ns fall@2.500ns period=5.000ns})
  Destination:            u_soc_top/u_core/u_id_ex_reg/ex_rs2_data_o_reg[11]/R
                            (rising edge-triggered cell FDRE clocked by sys_clk  {rise@0.000ns fall@2.500ns period=5.000ns})
  Path Group:             sys_clk
  Path Type:              Setup (Max at Slow Process Corner)
  Requirement:            5.000ns  (sys_clk rise@5.000ns - sys_clk rise@0.000ns)
  Data Path Delay:        5.845ns  (logic 0.930ns (15.910%)  route 4.915ns (84.090%))
  Logic Levels:           11  (CARRY4=2 LUT4=2 LUT5=1 LUT6=6)
  Clock Path Skew:        -0.050ns (DCD - SCD + CPR)
    Destination Clock Delay (DCD):    4.714ns = ( 9.714 - 5.000 ) 
    Source Clock Delay      (SCD):    5.095ns
    Clock Pessimism Removal (CPR):    0.330ns
  Clock Uncertainty:      0.035ns  ((TSJ^2 + TIJ^2)^1/2 + DJ) / 2 + PE
    Total System Jitter     (TSJ):    0.071ns
    Total Input Jitter      (TIJ):    0.000ns
    Discrete Jitter          (DJ):    0.000ns
    Phase Error              (PE):    0.000ns

    Location             Delay type                Incr(ns)  Path(ns)    Netlist Resource(s)
  -------------------------------------------------------------------    -------------------
                         (clock sys_clk rise edge)    0.000     0.000 r  
    AD12                                              0.000     0.000 r  clk_p_i (IN)
                         net (fo=0)                   0.000     0.000    clk_p_i
    AD12                 IBUFDS (Prop_ibufds_I_O)     0.906     0.906 r  u_ibufds_clk/O
                         net (fo=1, routed)           2.299     3.205    clk_200m
    BUFGCTRL_X0Y0        BUFG (Prop_bufg_I_O)         0.093     3.298 r  clk_200m_BUFG_inst/O
                         net (fo=11387, routed)       1.797     5.095    u_soc_top/u_core/u_if_id_reg/clk_200m_BUFG
    SLICE_X37Y35         FDRE                                         r  u_soc_top/u_core/u_if_id_reg/id_instr_o_reg[19]/C
  -------------------------------------------------------------------    -------------------
    SLICE_X37Y35         FDRE (Prop_fdre_C_Q)         0.223     5.318 r  u_soc_top/u_core/u_if_id_reg/id_instr_o_reg[19]/Q
                         net (fo=39, routed)          0.759     6.077    u_soc_top/u_core/u_if_id_reg/if_id_instr[19]
    SLICE_X37Y24         LUT6 (Prop_lut6_I0_O)        0.043     6.120 f  u_soc_top/u_core/u_if_id_reg/pc[31]_i_25/O
                         net (fo=1, routed)           0.101     6.221    u_soc_top/u_core/u_if_id_reg/pc[31]_i_25_n_0
    SLICE_X37Y24         LUT5 (Prop_lut5_I0_O)        0.043     6.264 f  u_soc_top/u_core/u_if_id_reg/pc[31]_i_18/O
                         net (fo=2, routed)           0.366     6.630    u_soc_top/u_core/u_id_ex_reg/p_2_out_carry__5_i_10_0
    SLICE_X36Y25         LUT6 (Prop_lut6_I4_O)        0.043     6.673 f  u_soc_top/u_core/u_id_ex_reg/p_2_out_carry_i_35/O
                         net (fo=81, routed)          0.293     6.966    u_soc_top/u_core/u_id_ex_reg/mem_mem_re_o_reg
    SLICE_X40Y25         LUT4 (Prop_lut4_I0_O)        0.043     7.009 r  u_soc_top/u_core/u_id_ex_reg/mem_mem_wdata_o[7]_i_3/O
                         net (fo=32, routed)          0.758     7.767    u_soc_top/u_core/u_mem_wb_reg/mem_mem_wdata_o_reg[5]
    SLICE_X35Y28         LUT6 (Prop_lut6_I1_O)        0.043     7.810 r  u_soc_top/u_core/u_mem_wb_reg/blt_taken_carry__1_i_14/O
                         net (fo=10, routed)          0.625     8.434    u_soc_top/u_core/u_mem_wb_reg/ex_rs2_data_o_reg[19]
    SLICE_X39Y31         LUT4 (Prop_lut4_I0_O)        0.043     8.477 r  u_soc_top/u_core/u_mem_wb_reg/bge_taken_carry__1_i_7/O
                         net (fo=1, routed)           0.000     8.477    u_soc_top/u_core/u_ex_top/u_branch/bge_taken_carry__2_1[1]
    SLICE_X39Y31         CARRY4 (Prop_carry4_S[1]_CO[3])
                                                      0.267     8.744 r  u_soc_top/u_core/u_ex_top/u_branch/bge_taken_carry__1/CO[3]
                         net (fo=1, routed)           0.000     8.744    u_soc_top/u_core/u_ex_top/u_branch/bge_taken_carry__1_n_0
    SLICE_X39Y32         CARRY4 (Prop_carry4_CI_CO[3])
                                                      0.053     8.797 r  u_soc_top/u_core/u_ex_top/u_branch/bge_taken_carry__2/CO[3]
                         net (fo=1, routed)           0.540     9.338    u_soc_top/u_core/u_id_ex_reg/id_pc_o[31]_i_3_2[0]
    SLICE_X38Y36         LUT6 (Prop_lut6_I5_O)        0.043     9.381 r  u_soc_top/u_core/u_id_ex_reg/id_pc_o[31]_i_4/O
                         net (fo=1, routed)           0.367     9.747    u_soc_top/u_core/u_id_ex_reg/id_pc_o[31]_i_4_n_0
    SLICE_X35Y31         LUT6 (Prop_lut6_I1_O)        0.043     9.790 r  u_soc_top/u_core/u_id_ex_reg/id_pc_o[31]_i_3/O
                         net (fo=52, routed)          0.441    10.231    u_soc_top/u_core/u_id_ex_reg/ex_branch_taken
    SLICE_X38Y33         LUT6 (Prop_lut6_I0_O)        0.043    10.274 r  u_soc_top/u_core/u_id_ex_reg/ex_pc_o[31]_i_1/O
                         net (fo=168, routed)         0.666    10.940    u_soc_top/u_core/u_id_ex_reg/ex_pc_o[31]_i_1_n_0
    SLICE_X41Y30         FDRE                                         r  u_soc_top/u_core/u_id_ex_reg/ex_rs2_data_o_reg[11]/R
  -------------------------------------------------------------------    -------------------

                         (clock sys_clk rise edge)    5.000     5.000 r  
    AD12                                              0.000     5.000 r  clk_p_i (IN)
                         net (fo=0)                   0.000     5.000    clk_p_i
    AD12                 IBUFDS (Prop_ibufds_I_O)     0.803     5.803 r  u_ibufds_clk/O
                         net (fo=1, routed)           2.173     7.976    clk_200m
    BUFGCTRL_X0Y0        BUFG (Prop_bufg_I_O)         0.083     8.059 r  clk_200m_BUFG_inst/O
                         net (fo=11387, routed)       1.655     9.714    u_soc_top/u_core/u_id_ex_reg/clk_200m_BUFG
    SLICE_X41Y30         FDRE                                         r  u_soc_top/u_core/u_id_ex_reg/ex_rs2_data_o_reg[11]/C
                         clock pessimism              0.330    10.045    
                         clock uncertainty           -0.035    10.009    
    SLICE_X41Y30         FDRE (Setup_fdre_C_R)       -0.304     9.705    u_soc_top/u_core/u_id_ex_reg/ex_rs2_data_o_reg[11]
  -------------------------------------------------------------------
                         required time                          9.705    
                         arrival time                         -10.940    
  -------------------------------------------------------------------
                         slack                                 -1.235    





Min Delay Paths
--------------------------------------------------------------------------------------
Slack (MET) :             0.072ns  (arrival time - required time)
  Source:                 u_soc_top/u_core/u_id_top/u_regfile/registers_reg[3][27]/C
                            (rising edge-triggered cell FDRE clocked by sys_clk  {rise@0.000ns fall@2.500ns period=5.000ns})
  Destination:            u_soc_top/u_core/u_id_top/u_regfile/shadow_registers_reg[5][3][27]/D
                            (rising edge-triggered cell FDRE clocked by sys_clk  {rise@0.000ns fall@2.500ns period=5.000ns})
  Path Group:             sys_clk
  Path Type:              Hold (Min at Fast Process Corner)
  Requirement:            0.000ns  (sys_clk rise@0.000ns - sys_clk rise@0.000ns)
  Data Path Delay:        0.260ns  (logic 0.118ns (45.391%)  route 0.142ns (54.609%))
  Logic Levels:           0  
  Clock Path Skew:        0.141ns (DCD - SCD - CPR)
    Destination Clock Delay (DCD):    2.578ns
    Source Clock Delay      (SCD):    2.232ns
    Clock Pessimism Removal (CPR):    0.204ns

    Location             Delay type                Incr(ns)  Path(ns)    Netlist Resource(s)
  -------------------------------------------------------------------    -------------------
                         (clock sys_clk rise edge)    0.000     0.000 r  
    AD12                                              0.000     0.000 r  clk_p_i (IN)
                         net (fo=0)                   0.000     0.000    clk_p_i
    AD12                 IBUFDS (Prop_ibufds_I_O)     0.388     0.388 r  u_ibufds_clk/O
                         net (fo=1, routed)           1.083     1.471    clk_200m
    BUFGCTRL_X0Y0        BUFG (Prop_bufg_I_O)         0.026     1.497 r  clk_200m_BUFG_inst/O
                         net (fo=11387, routed)       0.735     2.232    u_soc_top/u_core/u_id_top/u_regfile/clk_200m_BUFG
    SLICE_X42Y49         FDRE                                         r  u_soc_top/u_core/u_id_top/u_regfile/registers_reg[3][27]/C
  -------------------------------------------------------------------    -------------------
    SLICE_X42Y49         FDRE (Prop_fdre_C_Q)         0.118     2.350 r  u_soc_top/u_core/u_id_top/u_regfile/registers_reg[3][27]/Q
                         net (fo=10, routed)          0.142     2.492    u_soc_top/u_core/u_id_top/u_regfile/registers_reg[3]_19[27]
    SLICE_X41Y50         FDRE                                         r  u_soc_top/u_core/u_id_top/u_regfile/shadow_registers_reg[5][3][27]/D
  -------------------------------------------------------------------    -------------------

                         (clock sys_clk rise edge)    0.000     0.000 r  
    AD12                                              0.000     0.000 r  clk_p_i (IN)
                         net (fo=0)                   0.000     0.000    clk_p_i
    AD12                 IBUFDS (Prop_ibufds_I_O)     0.470     0.470 r  u_ibufds_clk/O
                         net (fo=1, routed)           1.154     1.624    clk_200m
    BUFGCTRL_X0Y0        BUFG (Prop_bufg_I_O)         0.030     1.654 r  clk_200m_BUFG_inst/O
                         net (fo=11387, routed)       0.924     2.578    u_soc_top/u_core/u_id_top/u_regfile/clk_200m_BUFG
    SLICE_X41Y50         FDRE                                         r  u_soc_top/u_core/u_id_top/u_regfile/shadow_registers_reg[5][3][27]/C
                         clock pessimism             -0.204     2.373    
    SLICE_X41Y50         FDRE (Hold_fdre_C_D)         0.047     2.420    u_soc_top/u_core/u_id_top/u_regfile/shadow_registers_reg[5][3][27]
  -------------------------------------------------------------------
                         required time                         -2.420    
                         arrival time                           2.492    
  -------------------------------------------------------------------
                         slack                                  0.072    





Pulse Width Checks
--------------------------------------------------------------------------------------
Clock Name:         sys_clk
Waveform(ns):       { 0.000 2.500 }
Period(ns):         5.000
Sources:            { clk_p_i }

Check Type        Corner  Lib Pin             Reference Pin  Required(ns)  Actual(ns)  Slack(ns)  Location      Pin
Min Period        n/a     RAMB36E1/CLKARDCLK  n/a            2.095         5.000       2.905      RAMB36_X1Y5   u_soc_top/gen_inst_bram.u_inst_bram/mem_reg_0/CLKARDCLK
Low Pulse Width   Slow    RAMS64E/CLK         n/a            0.768         2.500       1.732      SLICE_X12Y28  u_soc_top/u_data_ram/mem_reg_0_255_0_0/RAMS64E_A/CLK
High Pulse Width  Slow    RAMS64E/CLK         n/a            0.768         2.500       1.732      SLICE_X12Y28  u_soc_top/u_data_ram/mem_reg_0_255_0_0/RAMS64E_A/CLK



---------------------------------------------------------------------------------------------------
Path Group:  **async_default**
From Clock:  sys_clk
  To Clock:  sys_clk

Setup :            0  Failing Endpoints,  Worst Slack        1.564ns,  Total Violation        0.000ns
Hold  :            0  Failing Endpoints,  Worst Slack        1.015ns,  Total Violation        0.000ns
---------------------------------------------------------------------------------------------------


Max Delay Paths
--------------------------------------------------------------------------------------
Slack (MET) :             1.564ns  (required time - arrival time)
  Source:                 rst_counter_reg[20]/C
                            (rising edge-triggered cell FDRE clocked by sys_clk  {rise@0.000ns fall@2.500ns period=5.000ns})
  Destination:            u_soc_top/u_core/u_interrupt_pipeline/bank_ptr_reg_reg[0]_replica/CLR
                            (recovery check against rising-edge clock sys_clk  {rise@0.000ns fall@2.500ns period=5.000ns})
  Path Group:             **async_default**
  Path Type:              Recovery (Max at Slow Process Corner)
  Requirement:            5.000ns  (sys_clk rise@5.000ns - sys_clk rise@0.000ns)
  Data Path Delay:        3.034ns  (logic 0.449ns (14.800%)  route 2.585ns (85.200%))
  Logic Levels:           5  (LUT1=1 LUT4=1 LUT5=1 LUT6=2)
  Clock Path Skew:        -0.061ns (DCD - SCD + CPR)
    Destination Clock Delay (DCD):    4.717ns = ( 9.717 - 5.000 ) 
    Source Clock Delay      (SCD):    5.109ns
    Clock Pessimism Removal (CPR):    0.330ns
  Clock Uncertainty:      0.035ns  ((TSJ^2 + TIJ^2)^1/2 + DJ) / 2 + PE
    Total System Jitter     (TSJ):    0.071ns
    Total Input Jitter      (TIJ):    0.000ns
    Discrete Jitter          (DJ):    0.000ns
    Phase Error              (PE):    0.000ns

    Location             Delay type                Incr(ns)  Path(ns)    Netlist Resource(s)
  -------------------------------------------------------------------    -------------------
                         (clock sys_clk rise edge)    0.000     0.000 r  
    AD12                                              0.000     0.000 r  clk_p_i (IN)
                         net (fo=0)                   0.000     0.000    clk_p_i
    AD12                 IBUFDS (Prop_ibufds_I_O)     0.906     0.906 r  u_ibufds_clk/O
                         net (fo=1, routed)           2.299     3.205    clk_200m
    BUFGCTRL_X0Y0        BUFG (Prop_bufg_I_O)         0.093     3.298 r  clk_200m_BUFG_inst/O
                         net (fo=11387, routed)       1.811     5.109    clk_200m_BUFG
    SLICE_X27Y45         FDRE                                         r  rst_counter_reg[20]/C
  -------------------------------------------------------------------    -------------------
    SLICE_X27Y45         FDRE (Prop_fdre_C_Q)         0.223     5.332 r  rst_counter_reg[20]/Q
                         net (fo=2, routed)           0.355     5.687    u_soc_top/u_core/u_ifu_top/u_pc_reg/rst_counter_reg[20]
    SLICE_X26Y45         LUT4 (Prop_lut4_I0_O)        0.043     5.730 r  u_soc_top/u_core/u_ifu_top/u_pc_reg/led0_o_OBUF_inst_i_6/O
                         net (fo=1, routed)           0.104     5.833    u_soc_top/u_core/u_ifu_top/u_pc_reg/led0_o_OBUF_inst_i_6_n_0
    SLICE_X26Y45         LUT5 (Prop_lut5_I4_O)        0.043     5.876 r  u_soc_top/u_core/u_ifu_top/u_pc_reg/led0_o_OBUF_inst_i_5/O
                         net (fo=1, routed)           0.277     6.153    u_soc_top/u_core/u_ifu_top/u_pc_reg/led0_o_OBUF_inst_i_5_n_0
    SLICE_X26Y42         LUT6 (Prop_lut6_I5_O)        0.043     6.196 r  u_soc_top/u_core/u_ifu_top/u_pc_reg/led0_o_OBUF_inst_i_2/O
                         net (fo=1, routed)           0.184     6.380    u_soc_top/u_core/u_ifu_top/u_pc_reg/led0_o_OBUF_inst_i_2_n_0
    SLICE_X26Y41         LUT6 (Prop_lut6_I0_O)        0.043     6.423 r  u_soc_top/u_core/u_ifu_top/u_pc_reg/led0_o_OBUF_inst_i_1/O
                         net (fo=34, routed)          0.749     7.172    u_soc_top/u_core/u_id_top/u_regfile/registers_reg[31][0]_0
    SLICE_X34Y33         LUT1 (Prop_lut1_I0_O)        0.054     7.226 f  u_soc_top/u_core/u_id_top/u_regfile/pc[31]_i_1/O
                         net (fo=10183, routed)       0.916     8.142    u_soc_top/u_core/u_interrupt_pipeline/csr_mepc_we_o_reg_3
    SLICE_X48Y40         FDCE                                         f  u_soc_top/u_core/u_interrupt_pipeline/bank_ptr_reg_reg[0]_replica/CLR
  -------------------------------------------------------------------    -------------------

                         (clock sys_clk rise edge)    5.000     5.000 r  
    AD12                                              0.000     5.000 r  clk_p_i (IN)
                         net (fo=0)                   0.000     5.000    clk_p_i
    AD12                 IBUFDS (Prop_ibufds_I_O)     0.803     5.803 r  u_ibufds_clk/O
                         net (fo=1, routed)           2.173     7.976    clk_200m
    BUFGCTRL_X0Y0        BUFG (Prop_bufg_I_O)         0.083     8.059 r  clk_200m_BUFG_inst/O
                         net (fo=11387, routed)       1.658     9.717    u_soc_top/u_core/u_interrupt_pipeline/clk_200m_BUFG
    SLICE_X48Y40         FDCE                                         r  u_soc_top/u_core/u_interrupt_pipeline/bank_ptr_reg_reg[0]_replica/C
                         clock pessimism              0.330    10.048    
                         clock uncertainty           -0.035    10.012    
    SLICE_X48Y40         FDCE (Recov_fdce_C_CLR)     -0.306     9.706    u_soc_top/u_core/u_interrupt_pipeline/bank_ptr_reg_reg[0]_replica
  -------------------------------------------------------------------
                         required time                          9.706    
                         arrival time                          -8.142    
  -------------------------------------------------------------------
                         slack                                  1.564    





Min Delay Paths
--------------------------------------------------------------------------------------
Slack (MET) :             1.015ns  (arrival time - required time)
  Source:                 rst_counter_reg[6]/C
                            (rising edge-triggered cell FDRE clocked by sys_clk  {rise@0.000ns fall@2.500ns period=5.000ns})
  Destination:            u_soc_top/u_core/u_ifu_top/gen_pc_delayed.pc_delayed_reg[10]/CLR
                            (removal check against rising-edge clock sys_clk  {rise@0.000ns fall@2.500ns period=5.000ns})
  Path Group:             **async_default**
  Path Type:              Removal (Min at Fast Process Corner)
  Requirement:            0.000ns  (sys_clk rise@0.000ns - sys_clk rise@0.000ns)
  Data Path Delay:        0.928ns  (logic 0.158ns (17.031%)  route 0.770ns (82.969%))
  Logic Levels:           2  (LUT1=1 LUT6=1)
  Clock Path Skew:        0.023ns (DCD - SCD - CPR)
    Destination Clock Delay (DCD):    2.646ns
    Source Clock Delay      (SCD):    2.238ns
    Clock Pessimism Removal (CPR):    0.384ns

    Location             Delay type                Incr(ns)  Path(ns)    Netlist Resource(s)
  -------------------------------------------------------------------    -------------------
                         (clock sys_clk rise edge)    0.000     0.000 r  
    AD12                                              0.000     0.000 r  clk_p_i (IN)
                         net (fo=0)                   0.000     0.000    clk_p_i
    AD12                 IBUFDS (Prop_ibufds_I_O)     0.388     0.388 r  u_ibufds_clk/O
                         net (fo=1, routed)           1.083     1.471    clk_200m
    BUFGCTRL_X0Y0        BUFG (Prop_bufg_I_O)         0.026     1.497 r  clk_200m_BUFG_inst/O
                         net (fo=11387, routed)       0.741     2.238    clk_200m_BUFG
    SLICE_X27Y41         FDRE                                         r  rst_counter_reg[6]/C
  -------------------------------------------------------------------    -------------------
    SLICE_X27Y41         FDRE (Prop_fdre_C_Q)         0.100     2.338 r  rst_counter_reg[6]/Q
                         net (fo=2, routed)           0.130     2.469    u_soc_top/u_core/u_ifu_top/u_pc_reg/rst_counter_reg[6]
    SLICE_X26Y41         LUT6 (Prop_lut6_I1_O)        0.028     2.497 r  u_soc_top/u_core/u_ifu_top/u_pc_reg/led0_o_OBUF_inst_i_1/O
                         net (fo=34, routed)          0.390     2.887    u_soc_top/u_core/u_id_top/u_regfile/registers_reg[31][0]_0
    SLICE_X34Y33         LUT1 (Prop_lut1_I0_O)        0.030     2.917 f  u_soc_top/u_core/u_id_top/u_regfile/pc[31]_i_1/O
                         net (fo=10183, routed)       0.249     3.166    u_soc_top/u_core/u_ifu_top/pc_reg[31]
    SLICE_X32Y33         FDCE                                         f  u_soc_top/u_core/u_ifu_top/gen_pc_delayed.pc_delayed_reg[10]/CLR
  -------------------------------------------------------------------    -------------------

                         (clock sys_clk rise edge)    0.000     0.000 r  
    AD12                                              0.000     0.000 r  clk_p_i (IN)
                         net (fo=0)                   0.000     0.000    clk_p_i
    AD12                 IBUFDS (Prop_ibufds_I_O)     0.470     0.470 r  u_ibufds_clk/O
                         net (fo=1, routed)           1.154     1.624    clk_200m
    BUFGCTRL_X0Y0        BUFG (Prop_bufg_I_O)         0.030     1.654 r  clk_200m_BUFG_inst/O
                         net (fo=11387, routed)       0.992     2.646    u_soc_top/u_core/u_ifu_top/clk_200m_BUFG
    SLICE_X32Y33         FDCE                                         r  u_soc_top/u_core/u_ifu_top/gen_pc_delayed.pc_delayed_reg[10]/C
                         clock pessimism             -0.384     2.261    
    SLICE_X32Y33         FDCE (Remov_fdce_C_CLR)     -0.110     2.151    u_soc_top/u_core/u_ifu_top/gen_pc_delayed.pc_delayed_reg[10]
  -------------------------------------------------------------------
                         required time                         -2.151    
                         arrival time                           3.166    
  -------------------------------------------------------------------
                         slack                                  1.015    





