Copyright 1986-2022 Xilinx, Inc. All Rights Reserved.
-----------------------------------------------------------------------------------------------------------------------------------------
| Tool Version : Vivado v.2022.2 (win64) Build 3671981 Fri Oct 14 05:00:03 MDT 2022
| Date         : Thu Jul  2 21:36:12 2026
| Host         : DESKTOP-LKNE2KM running 64-bit major release  (build 9200)
| Command      : report_timing_summary -file D:/Path/RISC-V-TEST/Project/FX-RV32_Custom/vivado/synth_results/BANKS1_POL0_impl_timing.rpt
| Design       : soc_top_fpga
| Device       : 7k325t-ffg900
| Speed File   : -2  PRODUCTION 1.12 2017-02-17
-----------------------------------------------------------------------------------------------------------------------------------------

Timing Summary Report

------------------------------------------------------------------------------------------------
| Timer Settings
| --------------
------------------------------------------------------------------------------------------------

  Enable Multi Corner Analysis               :  Yes
  Enable Pessimism Removal                   :  Yes
  Pessimism Removal Resolution               :  Nearest Common Node
  Enable Input Delay Default Clock           :  No
  Enable Preset / Clear Arcs                 :  No
  Disable Flight Delays                      :  No
  Ignore I/O Paths                           :  No
  Timing Early Launch at Borrowing Latches   :  No
  Borrow Time for Max Delay Exceptions       :  Yes
  Merge Timing Exceptions                    :  Yes

  Corner  Analyze    Analyze    
  Name    Max Paths  Min Paths  
  ------  ---------  ---------  
  Slow    Yes        Yes        
  Fast    Yes        Yes        


------------------------------------------------------------------------------------------------
| Report Methodology
| ------------------
------------------------------------------------------------------------------------------------

No report available as report_methodology has not been run prior. Run report_methodology on the current design for the summary of methodology violations.



check_timing report

Table of Contents
-----------------
1. checking no_clock (0)
2. checking constant_clock (0)
3. checking pulse_width_clock (0)
4. checking unconstrained_internal_endpoints (0)
5. checking no_input_delay (33)
6. checking no_output_delay (44)
7. checking multiple_clock (0)
8. checking generated_clocks (0)
9. checking loops (0)
10. checking partial_input_delay (0)
11. checking partial_output_delay (0)
12. checking latch_loops (0)

1. checking no_clock (0)
------------------------
 There are 0 register/latch pins with no clock.


2. checking constant_clock (0)
------------------------------
 There are 0 register/latch pins with constant_clock.


3. checking pulse_width_clock (0)
---------------------------------
 There are 0 register/latch pins which need pulse_width check


4. checking unconstrained_internal_endpoints (0)
------------------------------------------------
 There are 0 pins that are not constrained for maximum delay.

 There are 0 pins that are not constrained for maximum delay due to constant clock.


5. checking no_input_delay (33)
-------------------------------
 There are 32 input ports with no input delay specified. (HIGH)

 There is 1 input port with no input delay but user has a false path constraint. (MEDIUM)


6. checking no_output_delay (44)
--------------------------------
 There are 39 ports with no output delay specified. (HIGH)

 There are 5 ports with no output delay but user has a false path constraint (MEDIUM)

 There are 0 ports with no output delay but with a timing clock defined on it or propagating through it


7. checking multiple_clock (0)
------------------------------
 There are 0 register/latch pins with multiple clocks.


8. checking generated_clocks (0)
--------------------------------
 There are 0 generated clocks that are not connected to a clock source.


9. checking loops (0)
---------------------
 There are 0 combinational loops in the design.


10. checking partial_input_delay (0)
------------------------------------
 There are 0 input ports with partial input delay specified.


11. checking partial_output_delay (0)
-------------------------------------
 There are 0 ports with partial output delay specified.


12. checking latch_loops (0)
----------------------------
 There are 0 combinational latch loops in the design through latch input



------------------------------------------------------------------------------------------------
| Design Timing Summary
| ---------------------
------------------------------------------------------------------------------------------------

    WNS(ns)      TNS(ns)  TNS Failing Endpoints  TNS Total Endpoints      WHS(ns)      THS(ns)  THS Failing Endpoints  THS Total Endpoints     WPWS(ns)     TPWS(ns)  TPWS Failing Endpoints  TPWS Total Endpoints  
    -------      -------  ---------------------  -------------------      -------      -------  ---------------------  -------------------     --------     --------  ----------------------  --------------------  
     -0.748     -158.307                    327                16219        0.088        0.000                      0                16219        1.732        0.000                       0                  4446  


Timing constraints are not met.


------------------------------------------------------------------------------------------------
| Clock Summary
| -------------
------------------------------------------------------------------------------------------------

Clock    Waveform(ns)         Period(ns)      Frequency(MHz)
-----    ------------         ----------      --------------
sys_clk  {0.000 2.500}        5.000           200.000         


------------------------------------------------------------------------------------------------
| Intra Clock Table
| -----------------
------------------------------------------------------------------------------------------------

Clock             WNS(ns)      TNS(ns)  TNS Failing Endpoints  TNS Total Endpoints      WHS(ns)      THS(ns)  THS Failing Endpoints  THS Total Endpoints     WPWS(ns)     TPWS(ns)  TPWS Failing Endpoints  TPWS Total Endpoints  
-----             -------      -------  ---------------------  -------------------      -------      -------  ---------------------  -------------------     --------     --------  ----------------------  --------------------  
sys_clk            -0.748     -158.307                    327                16097        0.088        0.000                      0                16097        1.732        0.000                       0                  4446  


------------------------------------------------------------------------------------------------
| Inter Clock Table
| -----------------
------------------------------------------------------------------------------------------------

From Clock    To Clock          WNS(ns)      TNS(ns)  TNS Failing Endpoints  TNS Total Endpoints      WHS(ns)      THS(ns)  THS Failing Endpoints  THS Total Endpoints  
----------    --------          -------      -------  ---------------------  -------------------      -------      -------  ---------------------  -------------------  


------------------------------------------------------------------------------------------------
| Other Path Groups Table
| -----------------------
------------------------------------------------------------------------------------------------

Path Group         From Clock         To Clock               WNS(ns)      TNS(ns)  TNS Failing Endpoints  TNS Total Endpoints      WHS(ns)      THS(ns)  THS Failing Endpoints  THS Total Endpoints  
----------         ----------         --------               -------      -------  ---------------------  -------------------      -------      -------  ---------------------  -------------------  
**async_default**  sys_clk            sys_clk                  0.968        0.000                      0                  122        0.827        0.000                      0                  122  


------------------------------------------------------------------------------------------------
| Timing Details
| --------------
------------------------------------------------------------------------------------------------


---------------------------------------------------------------------------------------------------
From Clock:  sys_clk
  To Clock:  sys_clk

Setup :          327  Failing Endpoints,  Worst Slack       -0.748ns,  Total Violation     -158.307ns
Hold  :            0  Failing Endpoints,  Worst Slack        0.088ns,  Total Violation        0.000ns
PW    :            0  Failing Endpoints,  Worst Slack        1.732ns,  Total Violation        0.000ns
---------------------------------------------------------------------------------------------------


Max Delay Paths
--------------------------------------------------------------------------------------
Slack (VIOLATED) :        -0.748ns  (required time - arrival time)
  Source:                 u_soc_top/u_core/u_if_id_reg/id_instr_o_reg[23]/C
                            (rising edge-triggered cell FDRE clocked by sys_clk  {rise@0.000ns fall@2.500ns period=5.000ns})
  Destination:            u_soc_top/u_core/u_id_ex_reg/ex_rd_addr_o_reg[1]/R
                            (rising edge-triggered cell FDRE clocked by sys_clk  {rise@0.000ns fall@2.500ns period=5.000ns})
  Path Group:             sys_clk
  Path Type:              Setup (Max at Slow Process Corner)
  Requirement:            5.000ns  (sys_clk rise@5.000ns - sys_clk rise@0.000ns)
  Data Path Delay:        5.359ns  (logic 0.966ns (18.024%)  route 4.393ns (81.976%))
  Logic Levels:           11  (CARRY4=2 LUT4=1 LUT5=1 LUT6=7)
  Clock Path Skew:        -0.049ns (DCD - SCD + CPR)
    Destination Clock Delay (DCD):    4.547ns = ( 9.547 - 5.000 ) 
    Source Clock Delay      (SCD):    4.925ns
    Clock Pessimism Removal (CPR):    0.328ns
  Clock Uncertainty:      0.035ns  ((TSJ^2 + TIJ^2)^1/2 + DJ) / 2 + PE
    Total System Jitter     (TSJ):    0.071ns
    Total Input Jitter      (TIJ):    0.000ns
    Discrete Jitter          (DJ):    0.000ns
    Phase Error              (PE):    0.000ns

    Location             Delay type                Incr(ns)  Path(ns)    Netlist Resource(s)
  -------------------------------------------------------------------    -------------------
                         (clock sys_clk rise edge)    0.000     0.000 r  
    AD12                                              0.000     0.000 r  clk_p_i (IN)
                         net (fo=0)                   0.000     0.000    clk_p_i
    AD12                 IBUFDS (Prop_ibufds_I_O)     0.906     0.906 r  u_ibufds_clk/O
                         net (fo=1, routed)           2.299     3.205    clk_200m
    BUFGCTRL_X0Y0        BUFG (Prop_bufg_I_O)         0.093     3.298 r  clk_200m_BUFG_inst/O
                         net (fo=4445, routed)        1.627     4.925    u_soc_top/u_core/u_if_id_reg/clk_200m_BUFG
    SLICE_X38Y62         FDRE                                         r  u_soc_top/u_core/u_if_id_reg/id_instr_o_reg[23]/C
  -------------------------------------------------------------------    -------------------
    SLICE_X38Y62         FDRE (Prop_fdre_C_Q)         0.259     5.184 r  u_soc_top/u_core/u_if_id_reg/id_instr_o_reg[23]/Q
                         net (fo=73, routed)          0.364     5.548    u_soc_top/u_core/u_if_id_reg/if_id_instr[23]
    SLICE_X41Y62         LUT6 (Prop_lut6_I2_O)        0.043     5.591 f  u_soc_top/u_core/u_if_id_reg/pc[31]_i_17/O
                         net (fo=2, routed)           0.354     5.945    u_soc_top/u_core/u_if_id_reg/pc[31]_i_17_n_0
    SLICE_X43Y62         LUT5 (Prop_lut5_I0_O)        0.043     5.988 f  u_soc_top/u_core/u_if_id_reg/p_2_out_carry_i_49/O
                         net (fo=1, routed)           0.360     6.348    u_soc_top/u_core/u_id_ex_reg/p_2_out_carry__5_i_10
    SLICE_X43Y62         LUT6 (Prop_lut6_I3_O)        0.043     6.391 f  u_soc_top/u_core/u_id_ex_reg/p_2_out_carry_i_35/O
                         net (fo=81, routed)          0.464     6.855    u_soc_top/u_core/u_mem_wb_reg/mem_mem_wdata_o_reg[0]
    SLICE_X44Y64         LUT6 (Prop_lut6_I1_O)        0.043     6.898 r  u_soc_top/u_core/u_mem_wb_reg/mem_mem_wdata_o[7]_i_4/O
                         net (fo=37, routed)          0.517     7.415    u_soc_top/u_core/u_mem_wb_reg/csr_mepc_we_o_reg
    SLICE_X43Y66         LUT6 (Prop_lut6_I3_O)        0.043     7.458 r  u_soc_top/u_core/u_mem_wb_reg/blt_taken_carry__1_i_14/O
                         net (fo=10, routed)          0.681     8.139    u_soc_top/u_core/u_mem_wb_reg/ex_rs2_data_o_reg[19]
    SLICE_X43Y69         LUT4 (Prop_lut4_I0_O)        0.043     8.182 r  u_soc_top/u_core/u_mem_wb_reg/bge_taken_carry__1_i_7/O
                         net (fo=1, routed)           0.000     8.182    u_soc_top/u_core/u_ex_top/u_branch/bge_taken_carry__2_1[1]
    SLICE_X43Y69         CARRY4 (Prop_carry4_S[1]_CO[3])
                                                      0.267     8.449 r  u_soc_top/u_core/u_ex_top/u_branch/bge_taken_carry__1/CO[3]
                         net (fo=1, routed)           0.000     8.449    u_soc_top/u_core/u_ex_top/u_branch/bge_taken_carry__1_n_0
    SLICE_X43Y70         CARRY4 (Prop_carry4_CI_CO[3])
                                                      0.053     8.502 r  u_soc_top/u_core/u_ex_top/u_branch/bge_taken_carry__2/CO[3]
                         net (fo=1, routed)           0.464     8.965    u_soc_top/u_core/u_id_ex_reg/id_pc_o[31]_i_3_2[0]
    SLICE_X40Y70         LUT6 (Prop_lut6_I5_O)        0.043     9.008 r  u_soc_top/u_core/u_id_ex_reg/id_pc_o[31]_i_4/O
                         net (fo=1, routed)           0.260     9.269    u_soc_top/u_core/u_id_ex_reg/id_pc_o[31]_i_4_n_0
    SLICE_X39Y69         LUT6 (Prop_lut6_I1_O)        0.043     9.312 r  u_soc_top/u_core/u_id_ex_reg/id_pc_o[31]_i_3/O
                         net (fo=52, routed)          0.222     9.534    u_soc_top/u_core/u_id_ex_reg/ex_branch_taken
    SLICE_X39Y68         LUT6 (Prop_lut6_I0_O)        0.043     9.577 r  u_soc_top/u_core/u_id_ex_reg/ex_pc_o[31]_i_1/O
                         net (fo=168, routed)         0.707    10.284    u_soc_top/u_core/u_id_ex_reg/ex_pc_o[31]_i_1_n_0
    SLICE_X43Y62         FDRE                                         r  u_soc_top/u_core/u_id_ex_reg/ex_rd_addr_o_reg[1]/R
  -------------------------------------------------------------------    -------------------

                         (clock sys_clk rise edge)    5.000     5.000 r  
    AD12                                              0.000     5.000 r  clk_p_i (IN)
                         net (fo=0)                   0.000     5.000    clk_p_i
    AD12                 IBUFDS (Prop_ibufds_I_O)     0.803     5.803 r  u_ibufds_clk/O
                         net (fo=1, routed)           2.173     7.976    clk_200m
    BUFGCTRL_X0Y0        BUFG (Prop_bufg_I_O)         0.083     8.059 r  clk_200m_BUFG_inst/O
                         net (fo=4445, routed)        1.488     9.547    u_soc_top/u_core/u_id_ex_reg/clk_200m_BUFG
    SLICE_X43Y62         FDRE                                         r  u_soc_top/u_core/u_id_ex_reg/ex_rd_addr_o_reg[1]/C
                         clock pessimism              0.328     9.876    
                         clock uncertainty           -0.035     9.840    
    SLICE_X43Y62         FDRE (Setup_fdre_C_R)       -0.304     9.536    u_soc_top/u_core/u_id_ex_reg/ex_rd_addr_o_reg[1]
  -------------------------------------------------------------------
                         required time                          9.536    
                         arrival time                         -10.284    
  -------------------------------------------------------------------
                         slack                                 -0.748    





Min Delay Paths
--------------------------------------------------------------------------------------
Slack (MET) :             0.088ns  (arrival time - required time)
  Source:                 u_soc_top/u_uart_ctrl/fifo_mem_reg[14][1]/C
                            (rising edge-triggered cell FDRE clocked by sys_clk  {rise@0.000ns fall@2.500ns period=5.000ns})
  Destination:            u_soc_top/u_uart_ctrl/tx_data_reg_reg[1]/D
                            (rising edge-triggered cell FDRE clocked by sys_clk  {rise@0.000ns fall@2.500ns period=5.000ns})
  Path Group:             sys_clk
  Path Type:              Hold (Min at Fast Process Corner)
  Requirement:            0.000ns  (sys_clk rise@0.000ns - sys_clk rise@0.000ns)
  Data Path Delay:        0.423ns  (logic 0.196ns (46.285%)  route 0.227ns (53.715%))
  Logic Levels:           3  (LUT6=1 MUXF7=1 MUXF8=1)
  Clock Path Skew:        0.265ns (DCD - SCD - CPR)
    Destination Clock Delay (DCD):    2.656ns
    Source Clock Delay      (SCD):    2.186ns
    Clock Pessimism Removal (CPR):    0.204ns

    Location             Delay type                Incr(ns)  Path(ns)    Netlist Resource(s)
  -------------------------------------------------------------------    -------------------
                         (clock sys_clk rise edge)    0.000     0.000 r  
    AD12                                              0.000     0.000 r  clk_p_i (IN)
                         net (fo=0)                   0.000     0.000    clk_p_i
    AD12                 IBUFDS (Prop_ibufds_I_O)     0.388     0.388 r  u_ibufds_clk/O
                         net (fo=1, routed)           1.083     1.471    clk_200m
    BUFGCTRL_X0Y0        BUFG (Prop_bufg_I_O)         0.026     1.497 r  clk_200m_BUFG_inst/O
                         net (fo=4445, routed)        0.689     2.186    u_soc_top/u_uart_ctrl/clk_200m_BUFG
    SLICE_X31Y50         FDRE                                         r  u_soc_top/u_uart_ctrl/fifo_mem_reg[14][1]/C
  -------------------------------------------------------------------    -------------------
    SLICE_X31Y50         FDRE (Prop_fdre_C_Q)         0.100     2.286 r  u_soc_top/u_uart_ctrl/fifo_mem_reg[14][1]/Q
                         net (fo=1, routed)           0.227     2.514    u_soc_top/u_uart_ctrl/fifo_mem_reg[14]_76[1]
    SLICE_X30Y49         LUT6 (Prop_lut6_I1_O)        0.028     2.542 r  u_soc_top/u_uart_ctrl/tx_data_reg[1]_i_7/O
                         net (fo=1, routed)           0.000     2.542    u_soc_top/u_uart_ctrl/tx_data_reg[1]_i_7_n_0
    SLICE_X30Y49         MUXF7 (Prop_muxf7_I1_O)      0.051     2.593 r  u_soc_top/u_uart_ctrl/tx_data_reg_reg[1]_i_3/O
                         net (fo=1, routed)           0.000     2.593    u_soc_top/u_uart_ctrl/tx_data_reg_reg[1]_i_3_n_0
    SLICE_X30Y49         MUXF8 (Prop_muxf8_I1_O)      0.017     2.610 r  u_soc_top/u_uart_ctrl/tx_data_reg_reg[1]_i_1/O
                         net (fo=1, routed)           0.000     2.610    u_soc_top/u_uart_ctrl/fifo_mem[1]
    SLICE_X30Y49         FDRE                                         r  u_soc_top/u_uart_ctrl/tx_data_reg_reg[1]/D
  -------------------------------------------------------------------    -------------------

                         (clock sys_clk rise edge)    0.000     0.000 r  
    AD12                                              0.000     0.000 r  clk_p_i (IN)
                         net (fo=0)                   0.000     0.000    clk_p_i
    AD12                 IBUFDS (Prop_ibufds_I_O)     0.470     0.470 r  u_ibufds_clk/O
                         net (fo=1, routed)           1.154     1.624    clk_200m
    BUFGCTRL_X0Y0        BUFG (Prop_bufg_I_O)         0.030     1.654 r  clk_200m_BUFG_inst/O
                         net (fo=4445, routed)        1.002     2.656    u_soc_top/u_uart_ctrl/clk_200m_BUFG
    SLICE_X30Y49         FDRE                                         r  u_soc_top/u_uart_ctrl/tx_data_reg_reg[1]/C
                         clock pessimism             -0.204     2.451    
    SLICE_X30Y49         FDRE (Hold_fdre_C_D)         0.070     2.521    u_soc_top/u_uart_ctrl/tx_data_reg_reg[1]
  -------------------------------------------------------------------
                         required time                         -2.521    
                         arrival time                           2.610    
  -------------------------------------------------------------------
                         slack                                  0.088    





Pulse Width Checks
--------------------------------------------------------------------------------------
Clock Name:         sys_clk
Waveform(ns):       { 0.000 2.500 }
Period(ns):         5.000
Sources:            { clk_p_i }

Check Type        Corner  Lib Pin             Reference Pin  Required(ns)  Actual(ns)  Slack(ns)  Location      Pin
Min Period        n/a     RAMB36E1/CLKARDCLK  n/a            2.095         5.000       2.905      RAMB36_X1Y11  u_soc_top/gen_inst_bram.u_inst_bram/mem_reg_0/CLKARDCLK
Low Pulse Width   Slow    RAMS64E/CLK         n/a            0.768         2.500       1.732      SLICE_X14Y48  u_soc_top/u_data_ram/mem_reg_0_255_0_0/RAMS64E_A/CLK
High Pulse Width  Slow    RAMS64E/CLK         n/a            0.768         2.500       1.732      SLICE_X14Y48  u_soc_top/u_data_ram/mem_reg_0_255_0_0/RAMS64E_A/CLK



---------------------------------------------------------------------------------------------------
Path Group:  **async_default**
From Clock:  sys_clk
  To Clock:  sys_clk

Setup :            0  Failing Endpoints,  Worst Slack        0.968ns,  Total Violation        0.000ns
Hold  :            0  Failing Endpoints,  Worst Slack        0.827ns,  Total Violation        0.000ns
---------------------------------------------------------------------------------------------------


Max Delay Paths
--------------------------------------------------------------------------------------
Slack (MET) :             0.968ns  (required time - arrival time)
  Source:                 rst_counter_reg[18]/C
                            (rising edge-triggered cell FDRE clocked by sys_clk  {rise@0.000ns fall@2.500ns period=5.000ns})
  Destination:            u_soc_top/u_core/u_interrupt_pipeline/shadow_restore_o_reg_rep__2/CLR
                            (recovery check against rising-edge clock sys_clk  {rise@0.000ns fall@2.500ns period=5.000ns})
  Path Group:             **async_default**
  Path Type:              Recovery (Max at Slow Process Corner)
  Requirement:            5.000ns  (sys_clk rise@5.000ns - sys_clk rise@0.000ns)
  Data Path Delay:        3.696ns  (logic 0.482ns (13.041%)  route 3.214ns (86.959%))
  Logic Levels:           5  (LUT1=1 LUT4=1 LUT5=1 LUT6=2)
  Clock Path Skew:        -0.056ns (DCD - SCD + CPR)
    Destination Clock Delay (DCD):    4.542ns = ( 9.542 - 5.000 ) 
    Source Clock Delay      (SCD):    4.927ns
    Clock Pessimism Removal (CPR):    0.328ns
  Clock Uncertainty:      0.035ns  ((TSJ^2 + TIJ^2)^1/2 + DJ) / 2 + PE
    Total System Jitter     (TSJ):    0.071ns
    Total Input Jitter      (TIJ):    0.000ns
    Discrete Jitter          (DJ):    0.000ns
    Phase Error              (PE):    0.000ns

    Location             Delay type                Incr(ns)  Path(ns)    Netlist Resource(s)
  -------------------------------------------------------------------    -------------------
                         (clock sys_clk rise edge)    0.000     0.000 r  
    AD12                                              0.000     0.000 r  clk_p_i (IN)
                         net (fo=0)                   0.000     0.000    clk_p_i
    AD12                 IBUFDS (Prop_ibufds_I_O)     0.906     0.906 r  u_ibufds_clk/O
                         net (fo=1, routed)           2.299     3.205    clk_200m
    BUFGCTRL_X0Y0        BUFG (Prop_bufg_I_O)         0.093     3.298 r  clk_200m_BUFG_inst/O
                         net (fo=4445, routed)        1.629     4.927    clk_200m_BUFG
    SLICE_X8Y71          FDRE                                         r  rst_counter_reg[18]/C
  -------------------------------------------------------------------    -------------------
    SLICE_X8Y71          FDRE (Prop_fdre_C_Q)         0.259     5.186 r  rst_counter_reg[18]/Q
                         net (fo=2, routed)           0.475     5.661    u_soc_top/u_core/u_ifu_top/u_pc_reg/rst_counter_reg[18]
    SLICE_X9Y71          LUT4 (Prop_lut4_I2_O)        0.043     5.704 r  u_soc_top/u_core/u_ifu_top/u_pc_reg/led0_o_OBUF_inst_i_6/O
                         net (fo=1, routed)           0.181     5.885    u_soc_top/u_core/u_ifu_top/u_pc_reg/led0_o_OBUF_inst_i_6_n_0
    SLICE_X9Y72          LUT5 (Prop_lut5_I4_O)        0.043     5.928 r  u_soc_top/u_core/u_ifu_top/u_pc_reg/led0_o_OBUF_inst_i_5/O
                         net (fo=1, routed)           0.242     6.170    u_soc_top/u_core/u_ifu_top/u_pc_reg/led0_o_OBUF_inst_i_5_n_0
    SLICE_X9Y70          LUT6 (Prop_lut6_I5_O)        0.043     6.213 r  u_soc_top/u_core/u_ifu_top/u_pc_reg/led0_o_OBUF_inst_i_2/O
                         net (fo=1, routed)           0.191     6.404    u_soc_top/u_core/u_ifu_top/u_pc_reg/led0_o_OBUF_inst_i_2_n_0
    SLICE_X9Y68          LUT6 (Prop_lut6_I0_O)        0.043     6.447 r  u_soc_top/u_core/u_ifu_top/u_pc_reg/led0_o_OBUF_inst_i_1/O
                         net (fo=34, routed)          0.451     6.898    u_soc_top/u_core/u_id_top/u_regfile/registers_reg[31][0]_0
    SLICE_X14Y68         LUT1 (Prop_lut1_I0_O)        0.051     6.949 f  u_soc_top/u_core/u_id_top/u_regfile/pc[31]_i_1/O
                         net (fo=3224, routed)        1.673     8.623    u_soc_top/u_core/u_interrupt_pipeline/csr_mepc_we_o_reg_3
    SLICE_X46Y66         FDCE                                         f  u_soc_top/u_core/u_interrupt_pipeline/shadow_restore_o_reg_rep__2/CLR
  -------------------------------------------------------------------    -------------------

                         (clock sys_clk rise edge)    5.000     5.000 r  
    AD12                                              0.000     5.000 r  clk_p_i (IN)
                         net (fo=0)                   0.000     5.000    clk_p_i
    AD12                 IBUFDS (Prop_ibufds_I_O)     0.803     5.803 r  u_ibufds_clk/O
                         net (fo=1, routed)           2.173     7.976    clk_200m
    BUFGCTRL_X0Y0        BUFG (Prop_bufg_I_O)         0.083     8.059 r  clk_200m_BUFG_inst/O
                         net (fo=4445, routed)        1.483     9.542    u_soc_top/u_core/u_interrupt_pipeline/clk_200m_BUFG
    SLICE_X46Y66         FDCE                                         r  u_soc_top/u_core/u_interrupt_pipeline/shadow_restore_o_reg_rep__2/C
                         clock pessimism              0.328     9.871    
                         clock uncertainty           -0.035     9.835    
    SLICE_X46Y66         FDCE (Recov_fdce_C_CLR)     -0.245     9.590    u_soc_top/u_core/u_interrupt_pipeline/shadow_restore_o_reg_rep__2
  -------------------------------------------------------------------
                         required time                          9.590    
                         arrival time                          -8.623    
  -------------------------------------------------------------------
                         slack                                  0.968    





Min Delay Paths
--------------------------------------------------------------------------------------
Slack (MET) :             0.827ns  (arrival time - required time)
  Source:                 rst_counter_reg[6]/C
                            (rising edge-triggered cell FDRE clocked by sys_clk  {rise@0.000ns fall@2.500ns period=5.000ns})
  Destination:            u_soc_top/u_core/u_interrupt_pipeline/csr_mstatus_we_o_reg/CLR
                            (removal check against rising-edge clock sys_clk  {rise@0.000ns fall@2.500ns period=5.000ns})
  Path Group:             **async_default**
  Path Type:              Removal (Min at Fast Process Corner)
  Requirement:            0.000ns  (sys_clk rise@0.000ns - sys_clk rise@0.000ns)
  Data Path Delay:        0.766ns  (logic 0.175ns (22.843%)  route 0.591ns (77.157%))
  Logic Levels:           2  (LUT1=1 LUT6=1)
  Clock Path Skew:        0.029ns (DCD - SCD - CPR)
    Destination Clock Delay (DCD):    2.580ns
    Source Clock Delay      (SCD):    2.186ns
    Clock Pessimism Removal (CPR):    0.364ns

    Location             Delay type                Incr(ns)  Path(ns)    Netlist Resource(s)
  -------------------------------------------------------------------    -------------------
                         (clock sys_clk rise edge)    0.000     0.000 r  
    AD12                                              0.000     0.000 r  clk_p_i (IN)
                         net (fo=0)                   0.000     0.000    clk_p_i
    AD12                 IBUFDS (Prop_ibufds_I_O)     0.388     0.388 r  u_ibufds_clk/O
                         net (fo=1, routed)           1.083     1.471    clk_200m
    BUFGCTRL_X0Y0        BUFG (Prop_bufg_I_O)         0.026     1.497 r  clk_200m_BUFG_inst/O
                         net (fo=4445, routed)        0.689     2.186    clk_200m_BUFG
    SLICE_X8Y68          FDRE                                         r  rst_counter_reg[6]/C
  -------------------------------------------------------------------    -------------------
    SLICE_X8Y68          FDRE (Prop_fdre_C_Q)         0.118     2.304 r  rst_counter_reg[6]/Q
                         net (fo=2, routed)           0.138     2.442    u_soc_top/u_core/u_ifu_top/u_pc_reg/rst_counter_reg[6]
    SLICE_X9Y68          LUT6 (Prop_lut6_I1_O)        0.028     2.470 r  u_soc_top/u_core/u_ifu_top/u_pc_reg/led0_o_OBUF_inst_i_1/O
                         net (fo=34, routed)          0.239     2.710    u_soc_top/u_core/u_id_top/u_regfile/registers_reg[31][0]_0
    SLICE_X14Y68         LUT1 (Prop_lut1_I0_O)        0.029     2.739 f  u_soc_top/u_core/u_id_top/u_regfile/pc[31]_i_1/O
                         net (fo=3224, routed)        0.214     2.953    u_soc_top/u_core/u_interrupt_pipeline/csr_mepc_we_o_reg_3
    SLICE_X14Y69         FDCE                                         f  u_soc_top/u_core/u_interrupt_pipeline/csr_mstatus_we_o_reg/CLR
  -------------------------------------------------------------------    -------------------

                         (clock sys_clk rise edge)    0.000     0.000 r  
    AD12                                              0.000     0.000 r  clk_p_i (IN)
                         net (fo=0)                   0.000     0.000    clk_p_i
    AD12                 IBUFDS (Prop_ibufds_I_O)     0.470     0.470 r  u_ibufds_clk/O
                         net (fo=1, routed)           1.154     1.624    clk_200m
    BUFGCTRL_X0Y0        BUFG (Prop_bufg_I_O)         0.030     1.654 r  clk_200m_BUFG_inst/O
                         net (fo=4445, routed)        0.926     2.580    u_soc_top/u_core/u_interrupt_pipeline/clk_200m_BUFG
    SLICE_X14Y69         FDCE                                         r  u_soc_top/u_core/u_interrupt_pipeline/csr_mstatus_we_o_reg/C
                         clock pessimism             -0.364     2.215    
    SLICE_X14Y69         FDCE (Remov_fdce_C_CLR)     -0.090     2.125    u_soc_top/u_core/u_interrupt_pipeline/csr_mstatus_we_o_reg
  -------------------------------------------------------------------
                         required time                         -2.125    
                         arrival time                           2.953    
  -------------------------------------------------------------------
                         slack                                  0.827    





