 
****************************************
Report : area
Design : soc_top_USE_INST_ROM1_SHADOW_BANKS1
Version: Q-2019.12-SP5-3
Date   : Thu Jul  2 16:00:47 2026
****************************************

Library(s) Used:

    scc55nll_hd_rvt_tt_v1p2_25c_basic (File: /home/yifengxin/smic55_rvt_lib/synopsys/1.2v/scc55nll_hd_rvt_tt_v1p2_25c_basic.db)

Number of ports:                         8782
Number of nets:                        104476
Number of cells:                        96764
Number of combinational cells:          59653
Number of sequential cells:             36763
Number of macros/black boxes:               0
Number of buf/inv:                       8245
Number of references:                      11

Combinational area:             123185.439641
Buf/Inv area:                     8870.119999
Noncombinational area:          252846.724847
Macro/Black Box area:                0.000000
Net Interconnect area:      undefined  (No wire load specified)

Total cell area:                376032.164487
Total area:                 undefined
1
