Loading db file '/home/yifengxin/smic55_rvt_lib/synopsys/1.2v/scc55nll_hd_rvt_tt_v1p2_25c_basic.db'
Information: Propagating switching activity (low effort zero delay simulation). (PWR-6)
Warning: Design has unannotated primary inputs. (PWR-414)
Warning: Design has unannotated sequential cell outputs. (PWR-415)
 
****************************************
Report : power
        -analysis_effort low
Design : soc_top_USE_INST_ROM1_SHADOW_BANKS1
Version: Q-2019.12-SP5-3
Date   : Thu Jul  2 16:00:56 2026
****************************************


Library(s) Used:

    scc55nll_hd_rvt_tt_v1p2_25c_basic (File: /home/yifengxin/smic55_rvt_lib/synopsys/1.2v/scc55nll_hd_rvt_tt_v1p2_25c_basic.db)


Operating Conditions: tt_v1p2_25c   Library: scc55nll_hd_rvt_tt_v1p2_25c_basic
Wire Load Model Mode: top


Global Operating Voltage = 1.2  
Power-specific unit information :
    Voltage Units = 1V
    Capacitance Units = 1.000000pf
    Time Units = 1ns
    Dynamic Power Units = 1mW    (derived from V,C,T units)
    Leakage Power Units = 1uW


  Cell Internal Power  =  71.7864 mW  (100%)
  Net Switching Power  =  72.6761 uW    (0%)
                         ---------
Total Dynamic Power    =  71.8590 mW  (100%)

Cell Leakage Power     =  18.4644 uW


                 Internal         Switching           Leakage            Total
Power Group      Power            Power               Power              Power   (   %    )  Attrs
--------------------------------------------------------------------------------------------------
io_pad             0.0000            0.0000            0.0000            0.0000  (   0.00%)
memory             0.0000            0.0000            0.0000            0.0000  (   0.00%)
black_box          0.0000            0.0000            0.0000            0.0000  (   0.00%)
clock_network      0.0000            0.0000            0.0000            0.0000  (   0.00%)
register          71.7299        7.0916e-03           13.4829           71.7502  (  99.81%)
sequential         0.0000            0.0000            0.0000            0.0000  (   0.00%)
combinational  6.6965e-02        6.5584e-02            4.9815            0.1375  (   0.19%)
--------------------------------------------------------------------------------------------------
Total             71.7968 mW     7.2676e-02 mW        18.4644 uW        71.8877 mW
1
