 
****************************************
Report : area
Design : soc_top_USE_INST_ROM1_SHADOW_BANKS8
Version: Q-2019.12-SP5-3
Date   : Thu Jul  2 16:39:24 2026
****************************************

Library(s) Used:

    scc55nll_hd_rvt_tt_v1p2_25c_basic (File: /home/yifengxin/smic55_rvt_lib/synopsys/1.2v/scc55nll_hd_rvt_tt_v1p2_25c_basic.db)

Number of ports:                         8782
Number of nets:                        121107
Number of cells:                       113395
Number of combinational cells:          69340
Number of sequential cells:             43707
Number of macros/black boxes:               0
Number of buf/inv:                       9993
Number of references:                      11

Combinational area:             143716.999758
Buf/Inv area:                    10811.640005
Noncombinational area:          304231.486928
Macro/Black Box area:                0.000000
Net Interconnect area:      undefined  (No wire load specified)

Total cell area:                447948.486686
Total area:                 undefined
1
