Loading db file '/home/yifengxin/smic55_rvt_lib/synopsys/1.2v/scc55nll_hd_rvt_tt_v1p2_25c_basic.db'
Information: Propagating switching activity (low effort zero delay simulation). (PWR-6)
Warning: Design has unannotated primary inputs. (PWR-414)
Warning: Design has unannotated sequential cell outputs. (PWR-415)
 
****************************************
Report : power
        -analysis_effort low
Design : soc_top_USE_INST_ROM1_SHADOW_BANKS8
Version: Q-2019.12-SP5-3
Date   : Thu Jul  2 16:39:33 2026
****************************************


Library(s) Used:

    scc55nll_hd_rvt_tt_v1p2_25c_basic (File: /home/yifengxin/smic55_rvt_lib/synopsys/1.2v/scc55nll_hd_rvt_tt_v1p2_25c_basic.db)


Operating Conditions: tt_v1p2_25c   Library: scc55nll_hd_rvt_tt_v1p2_25c_basic
Wire Load Model Mode: top


Global Operating Voltage = 1.2  
Power-specific unit information :
    Voltage Units = 1V
    Capacitance Units = 1.000000pf
    Time Units = 1ns
    Dynamic Power Units = 1mW    (derived from V,C,T units)
    Leakage Power Units = 1uW


  Cell Internal Power  =  84.9914 mW  (100%)
  Net Switching Power  = 168.5358 uW    (0%)
                         ---------
Total Dynamic Power    =  85.1599 mW  (100%)

Cell Leakage Power     =  21.6552 uW


                 Internal         Switching           Leakage            Total
Power Group      Power            Power               Power              Power   (   %    )  Attrs
--------------------------------------------------------------------------------------------------
io_pad             0.0000            0.0000            0.0000            0.0000  (   0.00%)
memory             0.0000            0.0000            0.0000            0.0000  (   0.00%)
black_box          0.0000            0.0000            0.0000            0.0000  (   0.00%)
clock_network      0.0000            0.0000            0.0000            0.0000  (   0.00%)
register          84.9662        6.9816e-03           15.9076           84.9890  (  99.75%)
sequential         0.0000            0.0000            0.0000            0.0000  (   0.00%)
combinational  4.6710e-02            0.1616            5.7476            0.2140  (   0.25%)
--------------------------------------------------------------------------------------------------
Total             85.0129 mW         0.1685 mW        21.6552 uW        85.2030 mW
1
