#-----------------------------------------------------------
# Vivado v2022.2 (64-bit)
# SW Build 3671981 on Fri Oct 14 05:00:03 MDT 2022
# IP Build 3669848 on Fri Oct 14 08:30:02 MDT 2022
# Start of session at: Thu Jul  2 20:51:29 2026
# Process ID: 10644
# Current directory: D:/Path/RISC-V-TEST/Project/FX-RV32_Custom/vivado
# Command line: vivado.exe -mode batch -source synth_fpga_banks.tcl -tclargs -impl 1
# Log file: D:/Path/RISC-V-TEST/Project/FX-RV32_Custom/vivado/vivado.log
# Journal file: D:/Path/RISC-V-TEST/Project/FX-RV32_Custom/vivado\vivado.jou
# Running On: DESKTOP-LKNE2KM, OS: Windows, CPU Frequency: 3094 MHz, CPU Physical cores: 16, Host memory: 16902 MB
#-----------------------------------------------------------
source synth_fpga_banks.tcl
# set run_impl 0
# if { [llength $argv] > 0 } {
#     foreach {k v} $argv {
#         if {$k eq "-impl"} { set run_impl $v }
#     }
# }
# set script_dir [file dirname [file normalize [info script]]]
# set repo_root  [file normalize [file join $script_dir ..]]
# set part_name xc7k325tffg900-2
# set top_name  soc_top_fpga
# set configs [list \
#     [list 1 0 "1Bank_NoNest"] \
#     [list 2 0 "2Bank_1Nest"] \
#     [list 4 0 "4Bank_3Nest"] \
#     [list 8 0 "8Bank_7Nest"] \
# ]
# set out_dir [file join $script_dir synth_results]
# file mkdir $out_dir
# set summary_file [file join $out_dir fpga_summary.md]
# set summary_fh [open $summary_file w]
# puts $summary_fh "# FX-RV32-X FPGA ń╗╝ÕÉłń╗ōµ×£"
# puts $summary_fh ""
# puts $summary_fh "**ÕÖ©õ╗Č**: Xilinx Kintex-7 xc7k325tffg900-2  "
# puts $summary_fh "**µŚČķÆ¤ń║”µØ¤**: 200 MHz  "
# puts $summary_fh "**ń╗╝ÕÉłńŁ¢ńĢź**: Flow_PerfOptimized_high  "
# puts $summary_fh "**µŚźµ£¤**: [clock format [clock seconds] -format %Y-%m-%d]"
# puts $summary_fh ""
# puts $summary_fh "---"
# puts $summary_fh ""
# puts $summary_fh "## ĶĄäµ║ÉÕŹĀńö©"
# puts $summary_fh ""
# puts $summary_fh "| Banks | LUT | FF | BRAM (18K) | DSP |"
# puts $summary_fh "|:-----:|----:|----:|:---------:|:---:|"
# close $summary_fh
# puts "=============================================="
==============================================
# puts " FX-RV32-X FPGA µē╣ķćÅń╗╝ÕÉł"
 FX-RV32-X FPGA µē╣ķćÅń╗╝ÕÉł
# puts " ķģŹńĮ«µĢĪŃ: [llength $configs]"
 ķģŹńĮ«µĢĪŃ: 4
# puts " µ©ĪÕ╝Å:   [expr {$run_impl ? "ń╗╝ÕÉł+Õ«×ńÄ░" : "õ╗ģń╗╝ÕÉ?"}]"
 µ©ĪÕ╝Å:   ń╗╝ÕÉł+Õ«×ńÄ░
# puts " ÕÖ©õ╗Č:   $part_name"
 ÕÖ©õ╗Č:   xc7k325tffg900-2
# puts "=============================================="
==============================================
# proc add_all_rtl {repo_root} {
#     set core_dir  [file join $repo_root core]
#     set soc_dir   [file join $repo_root soc]
# 
#     # core/ifu
#     add_files -norecurse [file join $core_dir ifu pc_reg.v]
#     add_files -norecurse [file join $core_dir ifu ifu_top.v]
#     # core/id
#     add_files -norecurse [file join $core_dir id decoder.v]
#     add_files -norecurse [file join $core_dir id ctrl.v]
#     add_files -norecurse [file join $core_dir id imm_gen.v]
#     add_files -norecurse [file join $core_dir id regfile.v]
#     add_files -norecurse [file join $core_dir id id_top.v]
#     # core/exu
#     add_files -norecurse [file join $core_dir exu alu.v]
#     add_files -norecurse [file join $core_dir exu branch.v]
#     add_files -norecurse [file join $core_dir exu ex_top.v]
#     # core/mem
#     add_files -norecurse [file join $core_dir mem mem_ctrl.v]
#     add_files -norecurse [file join $core_dir mem mem_top.v]
#     # core/wbu
#     add_files -norecurse [file join $core_dir wbu wb_mux.v]
#     add_files -norecurse [file join $core_dir wbu wb_top.v]
#     # core/pipeline
#     add_files -norecurse [file join $core_dir pipeline if_id_reg.v]
#     add_files -norecurse [file join $core_dir pipeline id_ex_reg.v]
#     add_files -norecurse [file join $core_dir pipeline ex_mem_reg.v]
#     add_files -norecurse [file join $core_dir pipeline mem_wb_reg.v]
#     # core/hazard
#     add_files -norecurse [file join $core_dir hazard hazard_unit.v]
#     add_files -norecurse [file join $core_dir hazard forwarding_unit.v]
#     # core/csr
#     add_files -norecurse [file join $core_dir csr csr_regfile.v]
#     add_files -norecurse [file join $core_dir csr csr_instructions.v]
#     # core/interrupt
#     add_files -norecurse [file join $core_dir interrupt interrupt_controller.v]
#     add_files -norecurse [file join $core_dir interrupt interrupt_pipeline.v]
#     add_files -norecurse [file join $core_dir interrupt bank_controller.v]
#     add_files -norecurse [file join $core_dir interrupt bank_controller.v]
#     # core_top
#     add_files -norecurse [file join $core_dir core_top.v]
#     # soc/mem
#     add_files -norecurse [file join $soc_dir mem inst_bram.v]
#     add_files -norecurse [file join $soc_dir mem data_ram.v]
#     # soc/bus
#     add_files -norecurse [file join $soc_dir bus bus_arbiter.v]
#     # soc/periph
#     add_files -norecurse [file join $soc_dir periph uart_tx.v]
#     add_files -norecurse [file join $soc_dir periph uart_rx.v]
#     add_files -norecurse [file join $soc_dir periph uart_ctrl.v]
#     add_files -norecurse [file join $soc_dir periph gpio.v]
#     add_files -norecurse [file join $soc_dir periph timer.v]
#     add_files -norecurse [file join $soc_dir periph spi_master.v]
#     add_files -norecurse [file join $soc_dir periph spi_flash_ctrl.v]
#     add_files -norecurse [file join $soc_dir periph i2c_master.v]
#     # soc/top
#     add_files -norecurse [file join $soc_dir top soc_top.v]
#     add_files -norecurse [file join $soc_dir top soc_top_fpga.v]
# 
#     # ń║”µØ¤µ¢ćõ╗Č
#     set xdc_file [file join $repo_root constraints.xdc]
#     if {[file exists $xdc_file]} {
#         add_files -fileset constrs_1 $xdc_file
#     }
# }
# set results_data {}
# foreach cfg $configs {
#     lassign $cfg banks pol label
# 
#     set cfg_name "BANKS${banks}_POL${pol}"
#     puts ""
#     puts "----------------------------------------------"
#     puts " ķģŹńĮ«: $label (SHADOW_BANKS=$banks, OVERFLOW_POLICY=$pol)"
#     puts "----------------------------------------------"
# 
#     # ÕłøÕ╗║ in-memory ÕĘźń©ŗ
#     create_project -in_memory -part $part_name
#     set_property target_language Verilog [current_project]
# 
#     # µĘ╗ÕŖĀ RTL
#     add_all_rtl $repo_root
# 
#     # Ķ«ŠńĮ«ķĪČÕ▒éÕÆīÕÅéµĢĪŃ
#     set_property top $top_name [current_fileset]
#     set_property generic "SHADOW_BANKS=$banks OVERFLOW_POLICY=$pol" [current_fileset]
# 
#     # ń╗╝ÕÉł
#     puts "  Ōå? ń╗╝ÕÉłõĖ?..."
#     set synth_start [clock seconds]
#     synth_design -top $top_name -part $part_name \
#         -generic "SHADOW_BANKS=$banks OVERFLOW_POLICY=$pol" \
#         -flatten_hierarchy rebuilt
#     set synth_elapsed [expr {[clock seconds] - $synth_start}]
#     puts "  Ō£? ń╗╝ÕÉłÕ«īµłÉ (${synth_elapsed}s)"
# 
#     # µöČķøåń╗╝ÕÉłµŖźÕæŖ
#     set util_rpt [file join $out_dir ${cfg_name}_utilization.rpt]
#     set timing_rpt [file join $out_dir ${cfg_name}_timing.rpt]
# 
#     report_utilization -file $util_rpt
#     report_timing_summary -file $timing_rpt
# 
#     # Ķ¦Żµ×ÉÕł®ńö©ńÄ?
#     set luts [get_property SLICE_LUTS [get_designs]]
#     set regs [get_property SLICE_REGISTERS [get_designs]]
#     set bram [llength [get_cells -hierarchical -filter {PRIMITIVE_TYPE =~ BLOCKRAM*}]]
#     set dsp  [llength [get_cells -hierarchical -filter {PRIMITIVE_TYPE =~ DSP*}]]
# 
#     # Ķ¦Żµ×ÉµŚČÕ║Å (WNS)
#     set wns [get_property SLACK [get_timing_paths -delay_type max -max_paths 1]]
#     set period 5.0;  # 200MHz = 5ns
#     set fmax [expr {1000.0 / ($period - $wns)}]
# 
#     puts "    LUT: $luts  FF: $regs  BRAM: $bram  DSP: $dsp"
#     puts "    WNS: ${wns}ns  Fmax: [format %.1f $fmax] MHz"
# 
#     # Õ«īµĢ┤Õ«×ńÄ░ (ÕÅ?ķĆ?)
#     set impl_wns ""
#     set impl_fmax ""
#     if {$run_impl} {
#         puts "  Ōå? Õ«×ńÄ░õĖ? (opt + place + route)..."
#         set impl_start [clock seconds]
#         opt_design
#         place_design
#         route_design
#         set impl_elapsed [expr {[clock seconds] - $impl_start}]
#         puts "  Ō£? Õ«×ńÄ░Õ«īµłÉ (${impl_elapsed}s)"
# 
#         set impl_wns [get_property SLACK [get_timing_paths -delay_type max -max_paths 1]]
#         set impl_fmax [expr {1000.0 / ($period - $impl_wns)}]
# 
#         set impl_util_rpt [file join $out_dir ${cfg_name}_impl_utilization.rpt]
#         set impl_timing_rpt [file join $out_dir ${cfg_name}_impl_timing.rpt]
#         report_utilization -file $impl_util_rpt
#         report_timing_summary -file $impl_timing_rpt
#         puts "    Õ«×ńÄ░ WNS: ${impl_wns}ns  Fmax: [format %.1f $impl_fmax] MHz"
#     }
# 
#     # õ┐ØÕŁśÕł░ń╗ōµ×£ÕłŚĶĪĪ¦
#     lappend results_data [list $banks $luts $regs $bram $dsp $wns $fmax $impl_wns $impl_fmax]
# 
#     close_project
# }

----------------------------------------------
 ķģŹńĮ«: 1Bank_NoNest (SHADOW_BANKS=1, OVERFLOW_POLICY=0)
----------------------------------------------
create_project: Time (s): cpu = 00:00:08 ; elapsed = 00:00:09 . Memory (MB): peak = 1003.492 ; gain = 118.988
WARNING: [filemgmt 56-12] File 'D:/Path/RISC-V-TEST/Project/FX-RV32_Custom/core/interrupt/bank_controller.v' cannot be added to the project because it already exists in the project, skipping this file
  Ōå? ń╗╝ÕÉłõĖ?...
Command: synth_design -top soc_top_fpga -part xc7k325tffg900-2 -generic {SHADOW_BANKS=1 OVERFLOW_POLICY=0} -flatten_hierarchy rebuilt
Starting synth_design
Attempting to get a license for feature 'Synthesis' and/or device 'xc7k325t'
INFO: [Common 17-349] Got license for feature 'Synthesis' and/or device 'xc7k325t'
INFO: [Device 21-403] Loading part xc7k325tffg900-2
INFO: [Synth 8-7079] Multithreading enabled for synth_design using a maximum of 2 processes.
INFO: [Synth 8-7078] Launching helper process for spawning children vivado processes
INFO: [Synth 8-7075] Helper process launched with PID 32164
INFO: [Synth 8-11241] undeclared symbol 'REGCCE', assumed default net type 'wire' [C:/Xilinx/Vivado/2022.2/data/verilog/src/unimacro/BRAM_SINGLE_MACRO.v:2170]
WARNING: [Synth 8-10929] literal value 'd8 truncated to fit in 3 bits [D:/Path/RISC-V-TEST/Project/FX-RV32_Custom/soc/periph/spi_flash_ctrl.v:61]
WARNING: [Synth 8-10929] literal value 'd9 truncated to fit in 3 bits [D:/Path/RISC-V-TEST/Project/FX-RV32_Custom/soc/periph/spi_flash_ctrl.v:62]
---------------------------------------------------------------------------------
Starting RTL Elaboration : Time (s): cpu = 00:00:10 ; elapsed = 00:00:12 . Memory (MB): peak = 1872.453 ; gain = 406.926
---------------------------------------------------------------------------------
INFO: [Synth 8-6157] synthesizing module 'soc_top_fpga' [D:/Path/RISC-V-TEST/Project/FX-RV32_Custom/soc/top/soc_top_fpga.v:6]
	Parameter SHADOW_BANKS bound to: 1 - type: integer 
	Parameter OVERFLOW_POLICY bound to: 0 - type: integer 
INFO: [Synth 8-6157] synthesizing module 'IOBUF' [C:/Xilinx/Vivado/2022.2/scripts/rt/data/unisim_comp.v:75902]
INFO: [Synth 8-6155] done synthesizing module 'IOBUF' (0#1) [C:/Xilinx/Vivado/2022.2/scripts/rt/data/unisim_comp.v:75902]
INFO: [Synth 8-6157] synthesizing module 'IBUFDS' [C:/Xilinx/Vivado/2022.2/scripts/rt/data/unisim_comp.v:71342]
INFO: [Synth 8-6155] done synthesizing module 'IBUFDS' (0#1) [C:/Xilinx/Vivado/2022.2/scripts/rt/data/unisim_comp.v:71342]
INFO: [Synth 8-6157] synthesizing module 'soc_top' [D:/Path/RISC-V-TEST/Project/FX-RV32_Custom/soc/top/soc_top.v:10]
	Parameter SHADOW_BANKS bound to: 1 - type: integer 
	Parameter OVERFLOW_POLICY bound to: 0 - type: integer 
INFO: [Synth 8-6157] synthesizing module 'inst_bram' [D:/Path/RISC-V-TEST/Project/FX-RV32_Custom/soc/mem/inst_bram.v:17]
INFO: [Synth 8-6155] done synthesizing module 'inst_bram' (0#1) [D:/Path/RISC-V-TEST/Project/FX-RV32_Custom/soc/mem/inst_bram.v:17]
INFO: [Synth 8-6157] synthesizing module 'core_top' [D:/Path/RISC-V-TEST/Project/FX-RV32_Custom/core/core_top.v:4]
	Parameter SYNC_INST_MEM bound to: 1'b1 
	Parameter SHADOW_BANKS bound to: 1 - type: integer 
	Parameter OVERFLOW_POLICY bound to: 0 - type: integer 
INFO: [Synth 8-6157] synthesizing module 'ifu_top' [D:/Path/RISC-V-TEST/Project/FX-RV32_Custom/core/ifu/ifu_top.v:16]
	Parameter SYNC_INST_MEM bound to: 1'b1 
INFO: [Synth 8-6157] synthesizing module 'pc_reg' [D:/Path/RISC-V-TEST/Project/FX-RV32_Custom/core/ifu/pc_reg.v:14]
INFO: [Synth 8-6155] done synthesizing module 'pc_reg' (0#1) [D:/Path/RISC-V-TEST/Project/FX-RV32_Custom/core/ifu/pc_reg.v:14]
INFO: [Synth 8-6155] done synthesizing module 'ifu_top' (0#1) [D:/Path/RISC-V-TEST/Project/FX-RV32_Custom/core/ifu/ifu_top.v:16]
WARNING: [Synth 8-7071] port 'instr' of module 'ifu_top' is unconnected for instance 'u_ifu_top' [D:/Path/RISC-V-TEST/Project/FX-RV32_Custom/core/core_top.v:248]
WARNING: [Synth 8-7023] instance 'u_ifu_top' of module 'ifu_top' has 15 connections declared, but only 14 given [D:/Path/RISC-V-TEST/Project/FX-RV32_Custom/core/core_top.v:248]
INFO: [Synth 8-6157] synthesizing module 'if_id_reg' [D:/Path/RISC-V-TEST/Project/FX-RV32_Custom/core/pipeline/if_id_reg.v:12]
INFO: [Synth 8-6155] done synthesizing module 'if_id_reg' (0#1) [D:/Path/RISC-V-TEST/Project/FX-RV32_Custom/core/pipeline/if_id_reg.v:12]
INFO: [Synth 8-6157] synthesizing module 'id_top' [D:/Path/RISC-V-TEST/Project/FX-RV32_Custom/core/id/id_top.v:16]
	Parameter SHADOW_BANKS bound to: 1 - type: integer 
INFO: [Synth 8-6157] synthesizing module 'decoder' [D:/Path/RISC-V-TEST/Project/FX-RV32_Custom/core/id/decoder.v:13]
INFO: [Synth 8-226] default block is never used [D:/Path/RISC-V-TEST/Project/FX-RV32_Custom/core/id/decoder.v:84]
INFO: [Synth 8-226] default block is never used [D:/Path/RISC-V-TEST/Project/FX-RV32_Custom/core/id/decoder.v:98]
INFO: [Synth 8-6155] done synthesizing module 'decoder' (0#1) [D:/Path/RISC-V-TEST/Project/FX-RV32_Custom/core/id/decoder.v:13]
INFO: [Synth 8-6157] synthesizing module 'imm_gen' [D:/Path/RISC-V-TEST/Project/FX-RV32_Custom/core/id/imm_gen.v:19]
INFO: [Synth 8-6155] done synthesizing module 'imm_gen' (0#1) [D:/Path/RISC-V-TEST/Project/FX-RV32_Custom/core/id/imm_gen.v:19]
INFO: [Synth 8-6157] synthesizing module 'regfile' [D:/Path/RISC-V-TEST/Project/FX-RV32_Custom/core/id/regfile.v:14]
	Parameter SHADOW_EN bound to: 1 - type: integer 
	Parameter SHADOW_BANKS bound to: 1 - type: integer 
INFO: [Synth 8-6155] done synthesizing module 'regfile' (0#1) [D:/Path/RISC-V-TEST/Project/FX-RV32_Custom/core/id/regfile.v:14]
INFO: [Synth 8-6157] synthesizing module 'ctrl' [D:/Path/RISC-V-TEST/Project/FX-RV32_Custom/core/id/ctrl.v:12]
INFO: [Synth 8-6155] done synthesizing module 'ctrl' (0#1) [D:/Path/RISC-V-TEST/Project/FX-RV32_Custom/core/id/ctrl.v:12]
INFO: [Synth 8-6155] done synthesizing module 'id_top' (0#1) [D:/Path/RISC-V-TEST/Project/FX-RV32_Custom/core/id/id_top.v:16]
INFO: [Synth 8-6157] synthesizing module 'id_ex_reg' [D:/Path/RISC-V-TEST/Project/FX-RV32_Custom/core/pipeline/id_ex_reg.v:13]
INFO: [Synth 8-6155] done synthesizing module 'id_ex_reg' (0#1) [D:/Path/RISC-V-TEST/Project/FX-RV32_Custom/core/pipeline/id_ex_reg.v:13]
INFO: [Synth 8-6157] synthesizing module 'hazard_unit' [D:/Path/RISC-V-TEST/Project/FX-RV32_Custom/core/hazard/hazard_unit.v:19]
	Parameter SYNC_INST_MEM bound to: 1'b1 
INFO: [Synth 8-6155] done synthesizing module 'hazard_unit' (0#1) [D:/Path/RISC-V-TEST/Project/FX-RV32_Custom/core/hazard/hazard_unit.v:19]
INFO: [Synth 8-6157] synthesizing module 'forwarding_unit' [D:/Path/RISC-V-TEST/Project/FX-RV32_Custom/core/hazard/forwarding_unit.v:19]
INFO: [Synth 8-6155] done synthesizing module 'forwarding_unit' (0#1) [D:/Path/RISC-V-TEST/Project/FX-RV32_Custom/core/hazard/forwarding_unit.v:19]
INFO: [Synth 8-6157] synthesizing module 'ex_top' [D:/Path/RISC-V-TEST/Project/FX-RV32_Custom/core/exu/ex_top.v:27]
INFO: [Synth 8-6157] synthesizing module 'alu' [D:/Path/RISC-V-TEST/Project/FX-RV32_Custom/core/exu/alu.v:21]
INFO: [Synth 8-6155] done synthesizing module 'alu' (0#1) [D:/Path/RISC-V-TEST/Project/FX-RV32_Custom/core/exu/alu.v:21]
INFO: [Synth 8-6157] synthesizing module 'branch' [D:/Path/RISC-V-TEST/Project/FX-RV32_Custom/core/exu/branch.v:16]
INFO: [Synth 8-6155] done synthesizing module 'branch' (0#1) [D:/Path/RISC-V-TEST/Project/FX-RV32_Custom/core/exu/branch.v:16]
INFO: [Synth 8-6155] done synthesizing module 'ex_top' (0#1) [D:/Path/RISC-V-TEST/Project/FX-RV32_Custom/core/exu/ex_top.v:27]
INFO: [Synth 8-6157] synthesizing module 'ex_mem_reg' [D:/Path/RISC-V-TEST/Project/FX-RV32_Custom/core/pipeline/ex_mem_reg.v:12]
INFO: [Synth 8-6155] done synthesizing module 'ex_mem_reg' (0#1) [D:/Path/RISC-V-TEST/Project/FX-RV32_Custom/core/pipeline/ex_mem_reg.v:12]
INFO: [Synth 8-6157] synthesizing module 'mem_top' [D:/Path/RISC-V-TEST/Project/FX-RV32_Custom/core/mem/mem_top.v:15]
INFO: [Synth 8-6155] done synthesizing module 'mem_top' (0#1) [D:/Path/RISC-V-TEST/Project/FX-RV32_Custom/core/mem/mem_top.v:15]
WARNING: [Synth 8-7071] port 'mem_exception_o' of module 'mem_top' is unconnected for instance 'u_mem_top' [D:/Path/RISC-V-TEST/Project/FX-RV32_Custom/core/core_top.v:491]
WARNING: [Synth 8-7023] instance 'u_mem_top' of module 'mem_top' has 23 connections declared, but only 22 given [D:/Path/RISC-V-TEST/Project/FX-RV32_Custom/core/core_top.v:491]
INFO: [Synth 8-6157] synthesizing module 'mem_wb_reg' [D:/Path/RISC-V-TEST/Project/FX-RV32_Custom/core/pipeline/mem_wb_reg.v:12]
INFO: [Synth 8-6155] done synthesizing module 'mem_wb_reg' (0#1) [D:/Path/RISC-V-TEST/Project/FX-RV32_Custom/core/pipeline/mem_wb_reg.v:12]
INFO: [Synth 8-6157] synthesizing module 'wb_top' [D:/Path/RISC-V-TEST/Project/FX-RV32_Custom/core/wbu/wb_top.v:23]
INFO: [Synth 8-6157] synthesizing module 'wb_mux' [D:/Path/RISC-V-TEST/Project/FX-RV32_Custom/core/wbu/wb_mux.v:14]
INFO: [Synth 8-226] default block is never used [D:/Path/RISC-V-TEST/Project/FX-RV32_Custom/core/wbu/wb_mux.v:37]
INFO: [Synth 8-6155] done synthesizing module 'wb_mux' (0#1) [D:/Path/RISC-V-TEST/Project/FX-RV32_Custom/core/wbu/wb_mux.v:14]
INFO: [Synth 8-6155] done synthesizing module 'wb_top' (0#1) [D:/Path/RISC-V-TEST/Project/FX-RV32_Custom/core/wbu/wb_top.v:23]
INFO: [Synth 8-6157] synthesizing module 'csr_regfile' [D:/Path/RISC-V-TEST/Project/FX-RV32_Custom/core/csr/csr_regfile.v:21]
INFO: [Synth 8-6155] done synthesizing module 'csr_regfile' (0#1) [D:/Path/RISC-V-TEST/Project/FX-RV32_Custom/core/csr/csr_regfile.v:21]
INFO: [Synth 8-6157] synthesizing module 'csr_instructions' [D:/Path/RISC-V-TEST/Project/FX-RV32_Custom/core/csr/csr_instructions.v:17]
INFO: [Synth 8-6155] done synthesizing module 'csr_instructions' (0#1) [D:/Path/RISC-V-TEST/Project/FX-RV32_Custom/core/csr/csr_instructions.v:17]
INFO: [Synth 8-6157] synthesizing module 'interrupt_controller' [D:/Path/RISC-V-TEST/Project/FX-RV32_Custom/core/interrupt/interrupt_controller.v:13]
INFO: [Synth 8-6155] done synthesizing module 'interrupt_controller' (0#1) [D:/Path/RISC-V-TEST/Project/FX-RV32_Custom/core/interrupt/interrupt_controller.v:13]
INFO: [Synth 8-6157] synthesizing module 'bank_controller' [D:/Path/RISC-V-TEST/Project/FX-RV32_Custom/core/interrupt/bank_controller.v:16]
	Parameter SHADOW_BANKS bound to: 1 - type: integer 
	Parameter OVERFLOW_POLICY bound to: 0 - type: integer 
INFO: [Synth 8-6155] done synthesizing module 'bank_controller' (0#1) [D:/Path/RISC-V-TEST/Project/FX-RV32_Custom/core/interrupt/bank_controller.v:16]
INFO: [Synth 8-6157] synthesizing module 'interrupt_pipeline' [D:/Path/RISC-V-TEST/Project/FX-RV32_Custom/core/interrupt/interrupt_pipeline.v:15]
	Parameter SHADOW_BANKS bound to: 1 - type: integer 
INFO: [Synth 8-6155] done synthesizing module 'interrupt_pipeline' (0#1) [D:/Path/RISC-V-TEST/Project/FX-RV32_Custom/core/interrupt/interrupt_pipeline.v:15]
INFO: [Synth 8-6155] done synthesizing module 'core_top' (0#1) [D:/Path/RISC-V-TEST/Project/FX-RV32_Custom/core/core_top.v:4]
INFO: [Synth 8-6157] synthesizing module 'data_ram' [D:/Path/RISC-V-TEST/Project/FX-RV32_Custom/soc/mem/data_ram.v:35]
INFO: [Synth 8-6155] done synthesizing module 'data_ram' (0#1) [D:/Path/RISC-V-TEST/Project/FX-RV32_Custom/soc/mem/data_ram.v:35]
INFO: [Synth 8-6157] synthesizing module 'bus_arbiter' [D:/Path/RISC-V-TEST/Project/FX-RV32_Custom/soc/bus/bus_arbiter.v:23]
INFO: [Synth 8-6155] done synthesizing module 'bus_arbiter' (0#1) [D:/Path/RISC-V-TEST/Project/FX-RV32_Custom/soc/bus/bus_arbiter.v:23]
INFO: [Synth 8-6157] synthesizing module 'uart_ctrl' [D:/Path/RISC-V-TEST/Project/FX-RV32_Custom/soc/periph/uart_ctrl.v:22]
	Parameter CLK_FREQ bound to: 200000000 - type: integer 
	Parameter BAUD_RATE bound to: 115200 - type: integer 
INFO: [Synth 8-6157] synthesizing module 'uart_tx' [D:/Path/RISC-V-TEST/Project/FX-RV32_Custom/soc/periph/uart_tx.v:17]
	Parameter CLK_FREQ bound to: 200000000 - type: integer 
	Parameter BAUD_RATE bound to: 115200 - type: integer 
INFO: [Synth 8-226] default block is never used [D:/Path/RISC-V-TEST/Project/FX-RV32_Custom/soc/periph/uart_tx.v:66]
INFO: [Synth 8-6155] done synthesizing module 'uart_tx' (0#1) [D:/Path/RISC-V-TEST/Project/FX-RV32_Custom/soc/periph/uart_tx.v:17]
INFO: [Synth 8-6157] synthesizing module 'uart_rx' [D:/Path/RISC-V-TEST/Project/FX-RV32_Custom/soc/periph/uart_rx.v:18]
	Parameter CLK_FREQ bound to: 200000000 - type: integer 
	Parameter BAUD_RATE bound to: 115200 - type: integer 
INFO: [Synth 8-226] default block is never used [D:/Path/RISC-V-TEST/Project/FX-RV32_Custom/soc/periph/uart_rx.v:88]
INFO: [Synth 8-6155] done synthesizing module 'uart_rx' (0#1) [D:/Path/RISC-V-TEST/Project/FX-RV32_Custom/soc/periph/uart_rx.v:18]
INFO: [Synth 8-6155] done synthesizing module 'uart_ctrl' (0#1) [D:/Path/RISC-V-TEST/Project/FX-RV32_Custom/soc/periph/uart_ctrl.v:22]
INFO: [Synth 8-6157] synthesizing module 'gpio' [D:/Path/RISC-V-TEST/Project/FX-RV32_Custom/soc/periph/gpio.v:21]
INFO: [Synth 8-6155] done synthesizing module 'gpio' (0#1) [D:/Path/RISC-V-TEST/Project/FX-RV32_Custom/soc/periph/gpio.v:21]
WARNING: [Synth 8-7071] port 'debug_gpio_out' of module 'gpio' is unconnected for instance 'u_gpio' [D:/Path/RISC-V-TEST/Project/FX-RV32_Custom/soc/top/soc_top.v:296]
WARNING: [Synth 8-7071] port 'debug_gpio_oe' of module 'gpio' is unconnected for instance 'u_gpio' [D:/Path/RISC-V-TEST/Project/FX-RV32_Custom/soc/top/soc_top.v:296]
WARNING: [Synth 8-7071] port 'debug_gpio_in' of module 'gpio' is unconnected for instance 'u_gpio' [D:/Path/RISC-V-TEST/Project/FX-RV32_Custom/soc/top/soc_top.v:296]
WARNING: [Synth 8-7071] port 'debug_gpio_if' of module 'gpio' is unconnected for instance 'u_gpio' [D:/Path/RISC-V-TEST/Project/FX-RV32_Custom/soc/top/soc_top.v:296]
WARNING: [Synth 8-7023] instance 'u_gpio' of module 'gpio' has 15 connections declared, but only 11 given [D:/Path/RISC-V-TEST/Project/FX-RV32_Custom/soc/top/soc_top.v:296]
INFO: [Synth 8-6157] synthesizing module 'spi_flash_ctrl' [D:/Path/RISC-V-TEST/Project/FX-RV32_Custom/soc/periph/spi_flash_ctrl.v:20]
WARNING: [Synth 8-151] case item 4'b0000 is unreachable [D:/Path/RISC-V-TEST/Project/FX-RV32_Custom/soc/periph/spi_flash_ctrl.v:143]
WARNING: [Synth 8-151] case item 4'b0001 is unreachable [D:/Path/RISC-V-TEST/Project/FX-RV32_Custom/soc/periph/spi_flash_ctrl.v:143]
INFO: [Synth 8-6155] done synthesizing module 'spi_flash_ctrl' (0#1) [D:/Path/RISC-V-TEST/Project/FX-RV32_Custom/soc/periph/spi_flash_ctrl.v:20]
INFO: [Synth 8-6157] synthesizing module 'timer' [D:/Path/RISC-V-TEST/Project/FX-RV32_Custom/soc/periph/timer.v:20]
INFO: [Synth 8-6155] done synthesizing module 'timer' (0#1) [D:/Path/RISC-V-TEST/Project/FX-RV32_Custom/soc/periph/timer.v:20]
INFO: [Synth 8-6157] synthesizing module 'spi_master' [D:/Path/RISC-V-TEST/Project/FX-RV32_Custom/soc/periph/spi_master.v:37]
INFO: [Synth 8-155] case statement is not full and has no default [D:/Path/RISC-V-TEST/Project/FX-RV32_Custom/soc/periph/spi_master.v:264]
INFO: [Synth 8-6155] done synthesizing module 'spi_master' (0#1) [D:/Path/RISC-V-TEST/Project/FX-RV32_Custom/soc/periph/spi_master.v:37]
INFO: [Synth 8-6157] synthesizing module 'i2c_master' [D:/Path/RISC-V-TEST/Project/FX-RV32_Custom/soc/periph/i2c_master.v:33]
INFO: [Synth 8-155] case statement is not full and has no default [D:/Path/RISC-V-TEST/Project/FX-RV32_Custom/soc/periph/i2c_master.v:327]
INFO: [Synth 8-6155] done synthesizing module 'i2c_master' (0#1) [D:/Path/RISC-V-TEST/Project/FX-RV32_Custom/soc/periph/i2c_master.v:33]
INFO: [Synth 8-6155] done synthesizing module 'soc_top' (0#1) [D:/Path/RISC-V-TEST/Project/FX-RV32_Custom/soc/top/soc_top.v:10]
INFO: [Synth 8-6155] done synthesizing module 'soc_top_fpga' (0#1) [D:/Path/RISC-V-TEST/Project/FX-RV32_Custom/soc/top/soc_top_fpga.v:6]
WARNING: [Synth 8-6014] Unused sequential element saved_interrupt_pc_reg was removed.  [D:/Path/RISC-V-TEST/Project/FX-RV32_Custom/core/interrupt/interrupt_pipeline.v:119]
WARNING: [Synth 8-6014] Unused sequential element saved_interrupt_cause_reg was removed.  [D:/Path/RISC-V-TEST/Project/FX-RV32_Custom/core/interrupt/interrupt_pipeline.v:120]
WARNING: [Synth 8-6014] Unused sequential element tx_irq_enable_reg was removed.  [D:/Path/RISC-V-TEST/Project/FX-RV32_Custom/soc/periph/uart_ctrl.v:148]
WARNING: [Synth 8-6014] Unused sequential element shift_in_reg was removed.  [D:/Path/RISC-V-TEST/Project/FX-RV32_Custom/soc/periph/spi_flash_ctrl.v:137]
WARNING: [Synth 8-6014] Unused sequential element scl_in_reg was removed.  [D:/Path/RISC-V-TEST/Project/FX-RV32_Custom/soc/periph/i2c_master.v:112]
WARNING: [Synth 8-3917] design soc_top_fpga has port led7_o driven by constant 1
WARNING: [Synth 8-7129] Port re_i in module i2c_master is either unconnected or has no load
WARNING: [Synth 8-7129] Port addr_i[31] in module i2c_master is either unconnected or has no load
WARNING: [Synth 8-7129] Port addr_i[30] in module i2c_master is either unconnected or has no load
WARNING: [Synth 8-7129] Port addr_i[29] in module i2c_master is either unconnected or has no load
WARNING: [Synth 8-7129] Port addr_i[28] in module i2c_master is either unconnected or has no load
WARNING: [Synth 8-7129] Port addr_i[27] in module i2c_master is either unconnected or has no load
WARNING: [Synth 8-7129] Port addr_i[26] in module i2c_master is either unconnected or has no load
WARNING: [Synth 8-7129] Port addr_i[25] in module i2c_master is either unconnected or has no load
WARNING: [Synth 8-7129] Port addr_i[24] in module i2c_master is either unconnected or has no load
WARNING: [Synth 8-7129] Port addr_i[23] in module i2c_master is either unconnected or has no load
WARNING: [Synth 8-7129] Port addr_i[22] in module i2c_master is either unconnected or has no load
WARNING: [Synth 8-7129] Port addr_i[21] in module i2c_master is either unconnected or has no load
WARNING: [Synth 8-7129] Port addr_i[20] in module i2c_master is either unconnected or has no load
WARNING: [Synth 8-7129] Port addr_i[19] in module i2c_master is either unconnected or has no load
WARNING: [Synth 8-7129] Port addr_i[18] in module i2c_master is either unconnected or has no load
WARNING: [Synth 8-7129] Port addr_i[17] in module i2c_master is either unconnected or has no load
WARNING: [Synth 8-7129] Port addr_i[16] in module i2c_master is either unconnected or has no load
WARNING: [Synth 8-7129] Port addr_i[15] in module i2c_master is either unconnected or has no load
WARNING: [Synth 8-7129] Port addr_i[14] in module i2c_master is either unconnected or has no load
WARNING: [Synth 8-7129] Port addr_i[13] in module i2c_master is either unconnected or has no load
WARNING: [Synth 8-7129] Port addr_i[12] in module i2c_master is either unconnected or has no load
WARNING: [Synth 8-7129] Port addr_i[11] in module i2c_master is either unconnected or has no load
WARNING: [Synth 8-7129] Port addr_i[10] in module i2c_master is either unconnected or has no load
WARNING: [Synth 8-7129] Port addr_i[9] in module i2c_master is either unconnected or has no load
WARNING: [Synth 8-7129] Port addr_i[8] in module i2c_master is either unconnected or has no load
WARNING: [Synth 8-7129] Port wdata_i[31] in module i2c_master is either unconnected or has no load
WARNING: [Synth 8-7129] Port wdata_i[30] in module i2c_master is either unconnected or has no load
WARNING: [Synth 8-7129] Port wdata_i[29] in module i2c_master is either unconnected or has no load
WARNING: [Synth 8-7129] Port wdata_i[28] in module i2c_master is either unconnected or has no load
WARNING: [Synth 8-7129] Port wdata_i[27] in module i2c_master is either unconnected or has no load
WARNING: [Synth 8-7129] Port wdata_i[26] in module i2c_master is either unconnected or has no load
WARNING: [Synth 8-7129] Port wdata_i[25] in module i2c_master is either unconnected or has no load
WARNING: [Synth 8-7129] Port wdata_i[24] in module i2c_master is either unconnected or has no load
WARNING: [Synth 8-7129] Port wdata_i[23] in module i2c_master is either unconnected or has no load
WARNING: [Synth 8-7129] Port wdata_i[22] in module i2c_master is either unconnected or has no load
WARNING: [Synth 8-7129] Port wdata_i[21] in module i2c_master is either unconnected or has no load
WARNING: [Synth 8-7129] Port wdata_i[20] in module i2c_master is either unconnected or has no load
WARNING: [Synth 8-7129] Port wdata_i[19] in module i2c_master is either unconnected or has no load
WARNING: [Synth 8-7129] Port wdata_i[18] in module i2c_master is either unconnected or has no load
WARNING: [Synth 8-7129] Port wdata_i[17] in module i2c_master is either unconnected or has no load
WARNING: [Synth 8-7129] Port wdata_i[16] in module i2c_master is either unconnected or has no load
WARNING: [Synth 8-7129] Port re_i in module spi_master is either unconnected or has no load
WARNING: [Synth 8-7129] Port addr_i[31] in module spi_master is either unconnected or has no load
WARNING: [Synth 8-7129] Port addr_i[30] in module spi_master is either unconnected or has no load
WARNING: [Synth 8-7129] Port addr_i[29] in module spi_master is either unconnected or has no load
WARNING: [Synth 8-7129] Port addr_i[28] in module spi_master is either unconnected or has no load
WARNING: [Synth 8-7129] Port addr_i[27] in module spi_master is either unconnected or has no load
WARNING: [Synth 8-7129] Port addr_i[26] in module spi_master is either unconnected or has no load
WARNING: [Synth 8-7129] Port addr_i[25] in module spi_master is either unconnected or has no load
WARNING: [Synth 8-7129] Port addr_i[24] in module spi_master is either unconnected or has no load
WARNING: [Synth 8-7129] Port addr_i[23] in module spi_master is either unconnected or has no load
WARNING: [Synth 8-7129] Port addr_i[22] in module spi_master is either unconnected or has no load
WARNING: [Synth 8-7129] Port addr_i[21] in module spi_master is either unconnected or has no load
WARNING: [Synth 8-7129] Port addr_i[20] in module spi_master is either unconnected or has no load
WARNING: [Synth 8-7129] Port addr_i[19] in module spi_master is either unconnected or has no load
WARNING: [Synth 8-7129] Port addr_i[18] in module spi_master is either unconnected or has no load
WARNING: [Synth 8-7129] Port addr_i[17] in module spi_master is either unconnected or has no load
WARNING: [Synth 8-7129] Port addr_i[16] in module spi_master is either unconnected or has no load
WARNING: [Synth 8-7129] Port addr_i[15] in module spi_master is either unconnected or has no load
WARNING: [Synth 8-7129] Port addr_i[14] in module spi_master is either unconnected or has no load
WARNING: [Synth 8-7129] Port addr_i[13] in module spi_master is either unconnected or has no load
WARNING: [Synth 8-7129] Port addr_i[12] in module spi_master is either unconnected or has no load
WARNING: [Synth 8-7129] Port addr_i[11] in module spi_master is either unconnected or has no load
WARNING: [Synth 8-7129] Port addr_i[10] in module spi_master is either unconnected or has no load
WARNING: [Synth 8-7129] Port addr_i[9] in module spi_master is either unconnected or has no load
WARNING: [Synth 8-7129] Port addr_i[8] in module spi_master is either unconnected or has no load
WARNING: [Synth 8-7129] Port wdata_i[31] in module spi_master is either unconnected or has no load
WARNING: [Synth 8-7129] Port wdata_i[30] in module spi_master is either unconnected or has no load
WARNING: [Synth 8-7129] Port wdata_i[29] in module spi_master is either unconnected or has no load
WARNING: [Synth 8-7129] Port wdata_i[28] in module spi_master is either unconnected or has no load
WARNING: [Synth 8-7129] Port wdata_i[27] in module spi_master is either unconnected or has no load
WARNING: [Synth 8-7129] Port wdata_i[26] in module spi_master is either unconnected or has no load
WARNING: [Synth 8-7129] Port wdata_i[25] in module spi_master is either unconnected or has no load
WARNING: [Synth 8-7129] Port wdata_i[24] in module spi_master is either unconnected or has no load
WARNING: [Synth 8-7129] Port wdata_i[23] in module spi_master is either unconnected or has no load
WARNING: [Synth 8-7129] Port wdata_i[22] in module spi_master is either unconnected or has no load
WARNING: [Synth 8-7129] Port wdata_i[21] in module spi_master is either unconnected or has no load
WARNING: [Synth 8-7129] Port wdata_i[20] in module spi_master is either unconnected or has no load
WARNING: [Synth 8-7129] Port wdata_i[19] in module spi_master is either unconnected or has no load
WARNING: [Synth 8-7129] Port wdata_i[18] in module spi_master is either unconnected or has no load
WARNING: [Synth 8-7129] Port wdata_i[17] in module spi_master is either unconnected or has no load
WARNING: [Synth 8-7129] Port wdata_i[16] in module spi_master is either unconnected or has no load
WARNING: [Synth 8-7129] Port re_i in module timer is either unconnected or has no load
WARNING: [Synth 8-7129] Port addr_i[31] in module timer is either unconnected or has no load
WARNING: [Synth 8-7129] Port addr_i[30] in module timer is either unconnected or has no load
WARNING: [Synth 8-7129] Port addr_i[29] in module timer is either unconnected or has no load
WARNING: [Synth 8-7129] Port addr_i[28] in module timer is either unconnected or has no load
WARNING: [Synth 8-7129] Port addr_i[27] in module timer is either unconnected or has no load
WARNING: [Synth 8-7129] Port addr_i[26] in module timer is either unconnected or has no load
WARNING: [Synth 8-7129] Port addr_i[25] in module timer is either unconnected or has no load
WARNING: [Synth 8-7129] Port addr_i[24] in module timer is either unconnected or has no load
WARNING: [Synth 8-7129] Port addr_i[23] in module timer is either unconnected or has no load
WARNING: [Synth 8-7129] Port addr_i[22] in module timer is either unconnected or has no load
WARNING: [Synth 8-7129] Port addr_i[21] in module timer is either unconnected or has no load
WARNING: [Synth 8-7129] Port addr_i[20] in module timer is either unconnected or has no load
WARNING: [Synth 8-7129] Port addr_i[19] in module timer is either unconnected or has no load
WARNING: [Synth 8-7129] Port addr_i[18] in module timer is either unconnected or has no load
WARNING: [Synth 8-7129] Port addr_i[17] in module timer is either unconnected or has no load
WARNING: [Synth 8-7129] Port addr_i[16] in module timer is either unconnected or has no load
WARNING: [Synth 8-7129] Port addr_i[15] in module timer is either unconnected or has no load
INFO: [Common 17-14] Message 'Synth 8-7129' appears 100 times and further instances of the messages will be disabled. Use the Tcl command set_msg_config to change the current settings.
---------------------------------------------------------------------------------
Finished RTL Elaboration : Time (s): cpu = 00:00:16 ; elapsed = 00:00:19 . Memory (MB): peak = 2010.328 ; gain = 544.801
---------------------------------------------------------------------------------
---------------------------------------------------------------------------------
Start Handling Custom Attributes
---------------------------------------------------------------------------------
---------------------------------------------------------------------------------
Finished Handling Custom Attributes : Time (s): cpu = 00:00:16 ; elapsed = 00:00:19 . Memory (MB): peak = 2010.328 ; gain = 544.801
---------------------------------------------------------------------------------
---------------------------------------------------------------------------------
Finished RTL Optimization Phase 1 : Time (s): cpu = 00:00:16 ; elapsed = 00:00:19 . Memory (MB): peak = 2010.328 ; gain = 544.801
---------------------------------------------------------------------------------
Netlist sorting complete. Time (s): cpu = 00:00:00 ; elapsed = 00:00:00.241 . Memory (MB): peak = 2010.328 ; gain = 0.000
INFO: [Netlist 29-17] Analyzing 33 Unisim elements for replacement
INFO: [Netlist 29-28] Unisim Transformation completed in 0 CPU seconds
INFO: [Project 1-570] Preparing netlist for logic optimization

Processing XDC Constraints
Initializing timing engine
Parsing XDC File [D:/Path/RISC-V-TEST/Project/FX-RV32_Custom/constraints.xdc]
Finished Parsing XDC File [D:/Path/RISC-V-TEST/Project/FX-RV32_Custom/constraints.xdc]
INFO: [Project 1-236] Implementation specific constraints were found while reading constraint file [D:/Path/RISC-V-TEST/Project/FX-RV32_Custom/constraints.xdc]. These constraints will be ignored for synthesis but will be used in implementation. Impacted constraints are listed in the file [.Xil/soc_top_fpga_propImpl.xdc].
Resolution: To avoid this warning, move constraints listed in [.Xil/soc_top_fpga_propImpl.xdc] to another XDC file and exclude this new file from synthesis with the used_in_synthesis property (File Properties dialog in GUI) and re-run elaboration/synthesis.
Completed Processing XDC Constraints

Netlist sorting complete. Time (s): cpu = 00:00:00 ; elapsed = 00:00:00.006 . Memory (MB): peak = 2100.207 ; gain = 0.000
INFO: [Project 1-111] Unisim Transformation Summary:
  A total of 32 instances were transformed.
  IOBUF => IOBUF (IBUF, OBUFT): 32 instances

Constraint Validation Runtime : Time (s): cpu = 00:00:00 ; elapsed = 00:00:00.044 . Memory (MB): peak = 2100.207 ; gain = 0.000
INFO: [Synth 8-11241] undeclared symbol 'REGCCE', assumed default net type 'wire' [C:/Xilinx/Vivado/2022.2/data/verilog/src/unimacro/BRAM_SINGLE_MACRO.v:2170]
---------------------------------------------------------------------------------
Finished Constraint Validation : Time (s): cpu = 00:00:34 ; elapsed = 00:00:39 . Memory (MB): peak = 2100.207 ; gain = 634.680
---------------------------------------------------------------------------------
---------------------------------------------------------------------------------
Start Loading Part and Timing Information
---------------------------------------------------------------------------------
Loading part: xc7k325tffg900-2
---------------------------------------------------------------------------------
Finished Loading Part and Timing Information : Time (s): cpu = 00:00:34 ; elapsed = 00:00:39 . Memory (MB): peak = 2100.207 ; gain = 634.680
---------------------------------------------------------------------------------
---------------------------------------------------------------------------------
Start Applying 'set_property' XDC Constraints
---------------------------------------------------------------------------------
---------------------------------------------------------------------------------
Finished applying 'set_property' XDC Constraints : Time (s): cpu = 00:00:34 ; elapsed = 00:00:40 . Memory (MB): peak = 2100.207 ; gain = 634.680
---------------------------------------------------------------------------------
INFO: [Synth 8-802] inferred FSM for state register 'state_reg' in module 'uart_tx'
INFO: [Synth 8-802] inferred FSM for state register 'state_reg' in module 'uart_rx'
INFO: [Synth 8-802] inferred FSM for state register 'state_reg' in module 'uart_ctrl'
INFO: [Synth 8-802] inferred FSM for state register 'spi_state_reg' in module 'spi_master'
INFO: [Synth 8-802] inferred FSM for state register 'i2c_state_reg' in module 'i2c_master'
---------------------------------------------------------------------------------------------------
                   State |                     New Encoding |                Previous Encoding 
---------------------------------------------------------------------------------------------------
                    IDLE |                               00 |                               00
                   START |                               01 |                               01
                    DATA |                               10 |                               10
                    STOP |                               11 |                               11
---------------------------------------------------------------------------------------------------
INFO: [Synth 8-3354] encoded FSM with state register 'state_reg' using encoding 'sequential' in module 'uart_tx'
---------------------------------------------------------------------------------------------------
                   State |                     New Encoding |                Previous Encoding 
---------------------------------------------------------------------------------------------------
                 RX_IDLE |                               00 |                               00
                RX_START |                               01 |                               01
                 RX_DATA |                               10 |                               10
                 RX_STOP |                               11 |                               11
---------------------------------------------------------------------------------------------------
INFO: [Synth 8-3354] encoded FSM with state register 'state_reg' using encoding 'sequential' in module 'uart_rx'
---------------------------------------------------------------------------------------------------
                   State |                     New Encoding |                Previous Encoding 
---------------------------------------------------------------------------------------------------
                 ST_IDLE |                                0 |                               00
              ST_SENDING |                                1 |                               01
---------------------------------------------------------------------------------------------------
INFO: [Synth 8-3354] encoded FSM with state register 'state_reg' using encoding 'sequential' in module 'uart_ctrl'
---------------------------------------------------------------------------------------------------
                   State |                     New Encoding |                Previous Encoding 
---------------------------------------------------------------------------------------------------
                SPI_IDLE |                               00 |                               00
               SPI_START |                               01 |                               01
               SPI_TRANS |                               10 |                               10
                SPI_STOP |                               11 |                               11
---------------------------------------------------------------------------------------------------
INFO: [Synth 8-3354] encoded FSM with state register 'spi_state_reg' using encoding 'sequential' in module 'spi_master'
---------------------------------------------------------------------------------------------------
                   State |                     New Encoding |                Previous Encoding 
---------------------------------------------------------------------------------------------------
                I2C_IDLE |                              001 |                              000
               I2C_START |                              111 |                              001
           I2C_SEND_ADDR |                              110 |                              010
            I2C_RECV_ACK |                              100 |                              110
           I2C_RECV_DATA |                              011 |                              100
            I2C_SEND_ACK |                              010 |                              101
                I2C_STOP |                              000 |                              111
           I2C_SEND_DATA |                              101 |                              011
---------------------------------------------------------------------------------------------------
INFO: [Synth 8-3354] encoded FSM with state register 'i2c_state_reg' using encoding 'sequential' in module 'i2c_master'
---------------------------------------------------------------------------------
Finished RTL Optimization Phase 2 : Time (s): cpu = 00:00:39 ; elapsed = 00:00:45 . Memory (MB): peak = 2100.207 ; gain = 634.680
---------------------------------------------------------------------------------
---------------------------------------------------------------------------------
Start RTL Component Statistics 
---------------------------------------------------------------------------------
Detailed RTL Component Info : 
+---Adders : 
	   2 Input   32 Bit       Adders := 13    
	   3 Input   32 Bit       Adders := 2     
	   2 Input   24 Bit       Adders := 1     
	   2 Input   16 Bit       Adders := 1     
	   2 Input    8 Bit       Adders := 2     
	   2 Input    7 Bit       Adders := 2     
	   2 Input    6 Bit       Adders := 2     
	   2 Input    5 Bit       Adders := 1     
	   2 Input    4 Bit       Adders := 6     
	   3 Input    4 Bit       Adders := 1     
	   2 Input    3 Bit       Adders := 1     
+---XORs : 
	   2 Input     32 Bit         XORs := 1     
+---Registers : 
	               32 Bit    Registers := 107   
	               24 Bit    Registers := 1     
	               16 Bit    Registers := 6     
	               12 Bit    Registers := 1     
	                8 Bit    Registers := 26    
	                7 Bit    Registers := 3     
	                6 Bit    Registers := 2     
	                5 Bit    Registers := 7     
	                4 Bit    Registers := 8     
	                3 Bit    Registers := 4     
	                2 Bit    Registers := 3     
	                1 Bit    Registers := 82    
+---RAMs : 
	             256K Bit	(8192 X 32 bit)          RAMs := 1     
	              32K Bit	(1024 X 32 bit)          RAMs := 1     
+---Muxes : 
	   2 Input   32 Bit        Muxes := 83    
	   7 Input   32 Bit        Muxes := 1     
	   8 Input   32 Bit        Muxes := 4     
	   3 Input   32 Bit        Muxes := 3     
	   4 Input   32 Bit        Muxes := 4     
	  15 Input   32 Bit        Muxes := 1     
	   6 Input   32 Bit        Muxes := 3     
	   2 Input   16 Bit        Muxes := 9     
	   4 Input   16 Bit        Muxes := 2     
	   4 Input    8 Bit        Muxes := 3     
	   2 Input    8 Bit        Muxes := 8     
	   7 Input    8 Bit        Muxes := 1     
	   8 Input    8 Bit        Muxes := 1     
	   2 Input    7 Bit        Muxes := 7     
	   2 Input    6 Bit        Muxes := 2     
	   2 Input    5 Bit        Muxes := 3     
	   4 Input    5 Bit        Muxes := 1     
	  18 Input    4 Bit        Muxes := 1     
	   5 Input    4 Bit        Muxes := 1     
	   2 Input    4 Bit        Muxes := 8     
	   4 Input    4 Bit        Muxes := 2     
	   7 Input    4 Bit        Muxes := 1     
	   8 Input    4 Bit        Muxes := 1     
	   8 Input    3 Bit        Muxes := 2     
	   2 Input    3 Bit        Muxes := 5     
	   4 Input    3 Bit        Muxes := 1     
	   7 Input    3 Bit        Muxes := 2     
	  10 Input    3 Bit        Muxes := 1     
	  16 Input    3 Bit        Muxes := 1     
	   5 Input    2 Bit        Muxes := 1     
	   2 Input    2 Bit        Muxes := 4     
	   3 Input    2 Bit        Muxes := 2     
	   4 Input    2 Bit        Muxes := 3     
	   2 Input    1 Bit        Muxes := 237   
	   8 Input    1 Bit        Muxes := 18    
	   7 Input    1 Bit        Muxes := 11    
	   5 Input    1 Bit        Muxes := 9     
	   4 Input    1 Bit        Muxes := 28    
	   3 Input    1 Bit        Muxes := 2     
	   6 Input    1 Bit        Muxes := 6     
---------------------------------------------------------------------------------
Finished RTL Component Statistics 
---------------------------------------------------------------------------------
---------------------------------------------------------------------------------
Start Part Resource Summary
---------------------------------------------------------------------------------
Part Resources:
DSPs: 840 (col length:140)
BRAMs: 890 (col length: RAMB18 140 RAMB36 70)
---------------------------------------------------------------------------------
Finished Part Resource Summary
---------------------------------------------------------------------------------
---------------------------------------------------------------------------------
Start Cross Boundary and Area Optimization
---------------------------------------------------------------------------------
WARNING: [Synth 8-7080] Parallel synthesis criteria is not met
WARNING: [Synth 8-3917] design soc_top_fpga has port led7_o driven by constant 1
INFO: [Synth 8-6851] RAM (mem_reg) has partial Byte Wide Write Enable pattern, however no output register found in fanout of RAM. Recommended to use supported Byte Wide Write Enable template. 
---------------------------------------------------------------------------------
Finished Cross Boundary and Area Optimization : Time (s): cpu = 00:01:23 ; elapsed = 00:01:36 . Memory (MB): peak = 2100.207 ; gain = 634.680
---------------------------------------------------------------------------------
---------------------------------------------------------------------------------
Start ROM, RAM, DSP, Shift Register and Retiming Reporting
---------------------------------------------------------------------------------

Block RAM: Preliminary Mapping Report (see note below)
+--------------------------------------+------------+------------------------+---+---+------------------------+---+---+------------------+--------+--------+
|Module Name                           | RTL Object | PORT A (Depth x Width) | W | R | PORT B (Depth x Width) | W | R | Ports driving FF | RAMB18 | RAMB36 | 
+--------------------------------------+------------+------------------------+---+---+------------------------+---+---+------------------+--------+--------+
|u_soc_top/\gen_inst_bram.u_inst_bram  | mem_reg    | 8 K x 32(READ_FIRST)   | W | R | 8 K x 32(WRITE_FIRST)  |   | R | Port A and B     | 0      | 8      | 
+--------------------------------------+------------+------------------------+---+---+------------------------+---+---+------------------+--------+--------+

Note: The table above is a preliminary report that shows the Block RAMs at the current stage of the synthesis flow. Some Block RAMs may be reimplemented as non Block RAM primitives later in the synthesis flow. Multiple instantiated Block RAMs are reported only once. 

Distributed RAM: Preliminary Mapping Report (see note below)
+---------------------+------------+-----------+----------------------+------------------+
|Module Name          | RTL Object | Inference | Size (Depth x Width) | Primitives       | 
+---------------------+------------+-----------+----------------------+------------------+
|u_soc_top/u_data_ram | mem_reg    | Implied   | 1 K x 32             | RAM256X1S x 128  | 
+---------------------+------------+-----------+----------------------+------------------+

Note: The table above is a preliminary report that shows the Distributed RAMs at the current stage of the synthesis flow. Some Distributed RAMs may be reimplemented as non Distributed RAM primitives later in the synthesis flow. Multiple instantiated RAMs are reported only once.
---------------------------------------------------------------------------------
Finished ROM, RAM, DSP, Shift Register and Retiming Reporting
---------------------------------------------------------------------------------
---------------------------------------------------------------------------------
Start Applying XDC Timing Constraints
---------------------------------------------------------------------------------
---------------------------------------------------------------------------------
Finished Applying XDC Timing Constraints : Time (s): cpu = 00:01:33 ; elapsed = 00:01:47 . Memory (MB): peak = 2100.207 ; gain = 634.680
---------------------------------------------------------------------------------
---------------------------------------------------------------------------------
Start Timing Optimization
---------------------------------------------------------------------------------
---------------------------------------------------------------------------------
Finished Timing Optimization : Time (s): cpu = 00:01:40 ; elapsed = 00:01:54 . Memory (MB): peak = 2100.207 ; gain = 634.680
---------------------------------------------------------------------------------
---------------------------------------------------------------------------------
Start ROM, RAM, DSP, Shift Register and Retiming Reporting
---------------------------------------------------------------------------------

Block RAM: Final Mapping Report
+--------------------------------------+------------+------------------------+---+---+------------------------+---+---+------------------+--------+--------+
|Module Name                           | RTL Object | PORT A (Depth x Width) | W | R | PORT B (Depth x Width) | W | R | Ports driving FF | RAMB18 | RAMB36 | 
+--------------------------------------+------------+------------------------+---+---+------------------------+---+---+------------------+--------+--------+
|u_soc_top/\gen_inst_bram.u_inst_bram  | mem_reg    | 8 K x 32(READ_FIRST)   | W | R | 8 K x 32(WRITE_FIRST)  |   | R | Port A and B     | 0      | 8      | 
+--------------------------------------+------------+------------------------+---+---+------------------------+---+---+------------------+--------+--------+


Distributed RAM: Final Mapping Report
+---------------------+------------+-----------+----------------------+------------------+
|Module Name          | RTL Object | Inference | Size (Depth x Width) | Primitives       | 
+---------------------+------------+-----------+----------------------+------------------+
|u_soc_top/u_data_ram | mem_reg    | Implied   | 1 K x 32             | RAM256X1S x 128  | 
+---------------------+------------+-----------+----------------------+------------------+

---------------------------------------------------------------------------------
Finished ROM, RAM, DSP, Shift Register and Retiming Reporting
---------------------------------------------------------------------------------
---------------------------------------------------------------------------------
Start Technology Mapping
---------------------------------------------------------------------------------
INFO: [Synth 8-7052] The timing for the instance u_soc_top/gen_inst_bram.u_inst_bram/mem_reg_0 (implemented as a Block RAM) might be sub-optimal as no optional output register could be merged into the ram block. Providing additional output register may help in improving timing.
INFO: [Synth 8-7052] The timing for the instance u_soc_top/gen_inst_bram.u_inst_bram/mem_reg_0 (implemented as a Block RAM) might be sub-optimal as no optional output register could be merged into the ram block. Providing additional output register may help in improving timing.
INFO: [Synth 8-7052] The timing for the instance u_soc_top/gen_inst_bram.u_inst_bram/mem_reg_1 (implemented as a Block RAM) might be sub-optimal as no optional output register could be merged into the ram block. Providing additional output register may help in improving timing.
INFO: [Synth 8-7052] The timing for the instance u_soc_top/gen_inst_bram.u_inst_bram/mem_reg_1 (implemented as a Block RAM) might be sub-optimal as no optional output register could be merged into the ram block. Providing additional output register may help in improving timing.
INFO: [Synth 8-7052] The timing for the instance u_soc_top/gen_inst_bram.u_inst_bram/mem_reg_2 (implemented as a Block RAM) might be sub-optimal as no optional output register could be merged into the ram block. Providing additional output register may help in improving timing.
INFO: [Synth 8-7052] The timing for the instance u_soc_top/gen_inst_bram.u_inst_bram/mem_reg_2 (implemented as a Block RAM) might be sub-optimal as no optional output register could be merged into the ram block. Providing additional output register may help in improving timing.
INFO: [Synth 8-7052] The timing for the instance u_soc_top/gen_inst_bram.u_inst_bram/mem_reg_3 (implemented as a Block RAM) might be sub-optimal as no optional output register could be merged into the ram block. Providing additional output register may help in improving timing.
INFO: [Synth 8-7052] The timing for the instance u_soc_top/gen_inst_bram.u_inst_bram/mem_reg_3 (implemented as a Block RAM) might be sub-optimal as no optional output register could be merged into the ram block. Providing additional output register may help in improving timing.
INFO: [Synth 8-7052] The timing for the instance u_soc_top/gen_inst_bram.u_inst_bram/mem_reg_4 (implemented as a Block RAM) might be sub-optimal as no optional output register could be merged into the ram block. Providing additional output register may help in improving timing.
INFO: [Synth 8-7052] The timing for the instance u_soc_top/gen_inst_bram.u_inst_bram/mem_reg_4 (implemented as a Block RAM) might be sub-optimal as no optional output register could be merged into the ram block. Providing additional output register may help in improving timing.
INFO: [Synth 8-7052] The timing for the instance u_soc_top/gen_inst_bram.u_inst_bram/mem_reg_5 (implemented as a Block RAM) might be sub-optimal as no optional output register could be merged into the ram block. Providing additional output register may help in improving timing.
INFO: [Synth 8-7052] The timing for the instance u_soc_top/gen_inst_bram.u_inst_bram/mem_reg_5 (implemented as a Block RAM) might be sub-optimal as no optional output register could be merged into the ram block. Providing additional output register may help in improving timing.
INFO: [Synth 8-7052] The timing for the instance u_soc_top/gen_inst_bram.u_inst_bram/mem_reg_6 (implemented as a Block RAM) might be sub-optimal as no optional output register could be merged into the ram block. Providing additional output register may help in improving timing.
INFO: [Synth 8-7052] The timing for the instance u_soc_top/gen_inst_bram.u_inst_bram/mem_reg_6 (implemented as a Block RAM) might be sub-optimal as no optional output register could be merged into the ram block. Providing additional output register may help in improving timing.
INFO: [Synth 8-7052] The timing for the instance u_soc_top/gen_inst_bram.u_inst_bram/mem_reg_7 (implemented as a Block RAM) might be sub-optimal as no optional output register could be merged into the ram block. Providing additional output register may help in improving timing.
INFO: [Synth 8-7052] The timing for the instance u_soc_top/gen_inst_bram.u_inst_bram/mem_reg_7 (implemented as a Block RAM) might be sub-optimal as no optional output register could be merged into the ram block. Providing additional output register may help in improving timing.
---------------------------------------------------------------------------------
Finished Technology Mapping : Time (s): cpu = 00:01:47 ; elapsed = 00:02:03 . Memory (MB): peak = 2171.367 ; gain = 705.840
---------------------------------------------------------------------------------
---------------------------------------------------------------------------------
Start IO Insertion
---------------------------------------------------------------------------------
---------------------------------------------------------------------------------
Start Flattening Before IO Insertion
---------------------------------------------------------------------------------
---------------------------------------------------------------------------------
Finished Flattening Before IO Insertion
---------------------------------------------------------------------------------
---------------------------------------------------------------------------------
Start Final Netlist Cleanup
---------------------------------------------------------------------------------
---------------------------------------------------------------------------------
Finished Final Netlist Cleanup
---------------------------------------------------------------------------------
---------------------------------------------------------------------------------
Finished IO Insertion : Time (s): cpu = 00:01:58 ; elapsed = 00:02:15 . Memory (MB): peak = 2186.031 ; gain = 720.504
---------------------------------------------------------------------------------
---------------------------------------------------------------------------------
Start Renaming Generated Instances
---------------------------------------------------------------------------------
---------------------------------------------------------------------------------
Finished Renaming Generated Instances : Time (s): cpu = 00:01:58 ; elapsed = 00:02:15 . Memory (MB): peak = 2186.031 ; gain = 720.504
---------------------------------------------------------------------------------
---------------------------------------------------------------------------------
Start Rebuilding User Hierarchy
---------------------------------------------------------------------------------
---------------------------------------------------------------------------------
Finished Rebuilding User Hierarchy : Time (s): cpu = 00:02:00 ; elapsed = 00:02:17 . Memory (MB): peak = 2186.031 ; gain = 720.504
---------------------------------------------------------------------------------
---------------------------------------------------------------------------------
Start Renaming Generated Ports
---------------------------------------------------------------------------------
---------------------------------------------------------------------------------
Finished Renaming Generated Ports : Time (s): cpu = 00:02:00 ; elapsed = 00:02:17 . Memory (MB): peak = 2186.031 ; gain = 720.504
---------------------------------------------------------------------------------
---------------------------------------------------------------------------------
Start Handling Custom Attributes
---------------------------------------------------------------------------------
---------------------------------------------------------------------------------
Finished Handling Custom Attributes : Time (s): cpu = 00:02:00 ; elapsed = 00:02:18 . Memory (MB): peak = 2186.043 ; gain = 720.516
---------------------------------------------------------------------------------
---------------------------------------------------------------------------------
Start Renaming Generated Nets
---------------------------------------------------------------------------------
---------------------------------------------------------------------------------
Finished Renaming Generated Nets : Time (s): cpu = 00:02:00 ; elapsed = 00:02:18 . Memory (MB): peak = 2186.043 ; gain = 720.516
---------------------------------------------------------------------------------
---------------------------------------------------------------------------------
Start Writing Synthesis Report
---------------------------------------------------------------------------------

Report BlackBoxes: 
+-+--------------+----------+
| |BlackBox name |Instances |
+-+--------------+----------+
+-+--------------+----------+

Report Cell Usage: 
+------+----------+------+
|      |Cell      |Count |
+------+----------+------+
|1     |BUFG      |     1|
|2     |CARRY4    |   165|
|3     |LUT1      |   112|
|4     |LUT2      |   294|
|5     |LUT3      |  1226|
|6     |LUT4      |   378|
|7     |LUT5      |   366|
|8     |LUT6      |  2254|
|9     |MUXF7     |   279|
|10    |MUXF8     |   136|
|11    |RAM256X1S |   128|
|12    |RAMB36E1  |     8|
|20    |FDCE      |   122|
|21    |FDRE      |  3745|
|22    |FDSE      |    31|
|23    |IBUF      |     1|
|24    |IBUFDS    |     1|
|25    |IOBUF     |    33|
|26    |OBUF      |    12|
|27    |OBUFT     |     1|
+------+----------+------+
---------------------------------------------------------------------------------
Finished Writing Synthesis Report : Time (s): cpu = 00:02:00 ; elapsed = 00:02:18 . Memory (MB): peak = 2186.043 ; gain = 720.516
---------------------------------------------------------------------------------
Synthesis finished with 0 errors, 0 critical warnings and 393 warnings.
Synthesis Optimization Runtime : Time (s): cpu = 00:01:37 ; elapsed = 00:02:11 . Memory (MB): peak = 2186.043 ; gain = 630.637
Synthesis Optimization Complete : Time (s): cpu = 00:02:00 ; elapsed = 00:02:18 . Memory (MB): peak = 2186.043 ; gain = 720.516
INFO: [Project 1-571] Translating synthesized netlist
Netlist sorting complete. Time (s): cpu = 00:00:00 ; elapsed = 00:00:00.240 . Memory (MB): peak = 2194.113 ; gain = 0.000
INFO: [Netlist 29-17] Analyzing 750 Unisim elements for replacement
INFO: [Netlist 29-28] Unisim Transformation completed in 0 CPU seconds
INFO: [Project 1-570] Preparing netlist for logic optimization
Parsing XDC File [D:/Path/RISC-V-TEST/Project/FX-RV32_Custom/constraints.xdc]
CRITICAL WARNING: [Common 17-69] Command failed: 'Y17' is not a valid site or package pin name. [D:/Path/RISC-V-TEST/Project/FX-RV32_Custom/constraints.xdc:63]
Finished Parsing XDC File [D:/Path/RISC-V-TEST/Project/FX-RV32_Custom/constraints.xdc]
INFO: [Opt 31-138] Pushed 0 inverter(s) to 0 load pin(s).
Netlist sorting complete. Time (s): cpu = 00:00:00 ; elapsed = 00:00:00.004 . Memory (MB): peak = 2205.789 ; gain = 0.000
INFO: [Project 1-111] Unisim Transformation Summary:
  A total of 161 instances were transformed.
  IOBUF => IOBUF (IBUF, OBUFT): 33 instances
  RAM256X1S => RAM256X1S (MUXF7(x2), MUXF8, RAMS64E(x4)): 128 instances

Synth Design complete, checksum: b61d44b1
INFO: [Common 17-83] Releasing license: Synthesis
134 Infos, 122 Warnings, 1 Critical Warnings and 0 Errors encountered.
synth_design completed successfully
synth_design: Time (s): cpu = 00:02:11 ; elapsed = 00:02:34 . Memory (MB): peak = 2205.789 ; gain = 1177.457
  Ō£? ń╗╝ÕÉłÕ«īµłÉ (153s)
INFO: [Timing 38-35] Done setting XDC timing constraints.
INFO: [Timing 38-91] UpdateTimingParams: Speed grade: -2, Delay Type: min_max.
INFO: [Timing 38-191] Multithreading enabled for timing update using a maximum of 2 CPUs
report_timing_summary: Time (s): cpu = 00:00:10 ; elapsed = 00:00:11 . Memory (MB): peak = 2347.172 ; gain = 141.383
WARNING: [Vivado 12-180] No cells matched 'get_cells -hierarchical -filter {PRIMITIVE_TYPE =~ BLOCKRAM*}'.
WARNING: [Vivado 12-180] No cells matched 'get_cells -hierarchical -filter {PRIMITIVE_TYPE =~ DSP*}'.
    LUT:   FF:   BRAM: 0  DSP: 0
    WNS: -1.015ns  Fmax: 166.3 MHz
  Ōå? Õ«×ńÄ░õĖ? (opt + place + route)...
Command: opt_design
Attempting to get a license for feature 'Implementation' and/or device 'xc7k325t'
INFO: [Common 17-349] Got license for feature 'Implementation' and/or device 'xc7k325t'
Running DRC as a precondition to command opt_design

Starting DRC Task
INFO: [DRC 23-27] Running DRC with 2 threads
INFO: [Project 1-461] DRC finished with 0 Errors, 1 Warnings
INFO: [Project 1-462] Please refer to the DRC report (report_drc) for more information.

Time (s): cpu = 00:00:03 ; elapsed = 00:00:02 . Memory (MB): peak = 2381.645 ; gain = 34.473

Starting Cache Timing Information Task
Ending Cache Timing Information Task | Checksum: 204f6be54

Time (s): cpu = 00:00:00 ; elapsed = 00:00:00.014 . Memory (MB): peak = 2381.645 ; gain = 0.000

Starting Logic Optimization Task

Phase 1 Retarget
INFO: [Opt 31-1287] Pulled Inverter u_soc_top/u_core/u_id_ex_reg/id_pc_o[31]_i_2 into driver instance u_soc_top/u_core/u_id_ex_reg/pc[31]_i_4, which resulted in an inversion of 7 pins
INFO: [Opt 31-1287] Pulled Inverter u_soc_top/u_uart_ctrl/u_uart_tx/rd_ptr[3]_i_1 into driver instance u_soc_top/u_uart_ctrl/u_uart_tx/rd_ptr[3]_i_3, which resulted in an inversion of 7 pins
INFO: [Opt 31-138] Pushed 0 inverter(s) to 0 load pin(s).
INFO: [Opt 31-49] Retargeted 0 cell(s).
Phase 1 Retarget | Checksum: 21030114c

Time (s): cpu = 00:00:01 ; elapsed = 00:00:00.963 . Memory (MB): peak = 2681.496 ; gain = 0.000
INFO: [Opt 31-389] Phase Retarget created 0 cells and removed 2 cells

Phase 2 Constant propagation
INFO: [Opt 31-138] Pushed 0 inverter(s) to 0 load pin(s).
Phase 2 Constant propagation | Checksum: 2250852b0

Time (s): cpu = 00:00:01 ; elapsed = 00:00:01 . Memory (MB): peak = 2681.496 ; gain = 0.000
INFO: [Opt 31-389] Phase Constant propagation created 0 cells and removed 0 cells

Phase 3 Sweep
Phase 3 Sweep | Checksum: 1c0b3744e

Time (s): cpu = 00:00:02 ; elapsed = 00:00:01 . Memory (MB): peak = 2681.496 ; gain = 0.000
INFO: [Opt 31-389] Phase Sweep created 0 cells and removed 0 cells

Phase 4 BUFG optimization
Phase 4 BUFG optimization | Checksum: 1c0b3744e

Time (s): cpu = 00:00:02 ; elapsed = 00:00:02 . Memory (MB): peak = 2681.496 ; gain = 0.000
INFO: [Opt 31-662] Phase BUFG optimization created 0 cells of which 0 are BUFGs and removed 0 cells.

Phase 5 Shift Register Optimization
INFO: [Opt 31-1064] SRL Remap converted 0 SRLs to 0 registers and converted 0 registers of register chains to 0 SRLs
Phase 5 Shift Register Optimization | Checksum: 1c0b3744e

Time (s): cpu = 00:00:02 ; elapsed = 00:00:02 . Memory (MB): peak = 2681.496 ; gain = 0.000
INFO: [Opt 31-389] Phase Shift Register Optimization created 0 cells and removed 0 cells

Phase 6 Post Processing Netlist
Phase 6 Post Processing Netlist | Checksum: 1c0b3744e

Time (s): cpu = 00:00:02 ; elapsed = 00:00:02 . Memory (MB): peak = 2681.496 ; gain = 0.000
INFO: [Opt 31-389] Phase Post Processing Netlist created 0 cells and removed 0 cells
Opt_design Change Summary
=========================


-------------------------------------------------------------------------------------------------------------------------
|  Phase                        |  #Cells created  |  #Cells Removed  |  #Constrained objects preventing optimizations  |
-------------------------------------------------------------------------------------------------------------------------
|  Retarget                     |               0  |               2  |                                              0  |
|  Constant propagation         |               0  |               0  |                                              0  |
|  Sweep                        |               0  |               0  |                                              0  |
|  BUFG optimization            |               0  |               0  |                                              0  |
|  Shift Register Optimization  |               0  |               0  |                                              0  |
|  Post Processing Netlist      |               0  |               0  |                                              0  |
-------------------------------------------------------------------------------------------------------------------------



Starting Connectivity Check Task

Time (s): cpu = 00:00:00 ; elapsed = 00:00:00.026 . Memory (MB): peak = 2681.496 ; gain = 0.000
Ending Logic Optimization Task | Checksum: 24f588452

Time (s): cpu = 00:00:02 ; elapsed = 00:00:02 . Memory (MB): peak = 2681.496 ; gain = 0.000

Starting Power Optimization Task
INFO: [Pwropt 34-132] Skipping clock gating for clocks with a period < 2.00 ns.
INFO: [Pwropt 34-9] Applying IDT optimizations ...
INFO: [Pwropt 34-10] Applying ODC optimizations ...
INFO: [Timing 38-35] Done setting XDC timing constraints.
Running Vector-less Activity Propagation...

Finished Running Vector-less Activity Propagation


Starting PowerOpt Patch Enables Task
INFO: [Pwropt 34-162] WRITE_MODE attribute of 0 BRAM(s) out of a total of 8 has been updated to save power. Run report_power_opt to get a complete listing of the BRAMs updated.
INFO: [Pwropt 34-201] Structural ODC has moved 0 WE to EN ports
Number of BRAM Ports augmented: 0 newly gated: 0 Total Ports: 16
Ending PowerOpt Patch Enables Task | Checksum: 24f588452

Time (s): cpu = 00:00:00 ; elapsed = 00:00:00.133 . Memory (MB): peak = 2820.297 ; gain = 0.000
Ending Power Optimization Task | Checksum: 24f588452

Time (s): cpu = 00:00:09 ; elapsed = 00:00:05 . Memory (MB): peak = 2820.297 ; gain = 138.801

Starting Final Cleanup Task
Ending Final Cleanup Task | Checksum: 24f588452

Time (s): cpu = 00:00:00 ; elapsed = 00:00:00.002 . Memory (MB): peak = 2820.297 ; gain = 0.000

Starting Netlist Obfuscation Task
Netlist sorting complete. Time (s): cpu = 00:00:00 ; elapsed = 00:00:00.005 . Memory (MB): peak = 2820.297 ; gain = 0.000
Ending Netlist Obfuscation Task | Checksum: 24f588452

Time (s): cpu = 00:00:00 ; elapsed = 00:00:00.008 . Memory (MB): peak = 2820.297 ; gain = 0.000
INFO: [Common 17-83] Releasing license: Implementation
160 Infos, 124 Warnings, 1 Critical Warnings and 0 Errors encountered.
opt_design completed successfully
opt_design: Time (s): cpu = 00:00:20 ; elapsed = 00:00:17 . Memory (MB): peak = 2820.297 ; gain = 473.125
Command: place_design
Attempting to get a license for feature 'Implementation' and/or device 'xc7k325t'
INFO: [Common 17-349] Got license for feature 'Implementation' and/or device 'xc7k325t'
INFO: [DRC 23-27] Running DRC with 2 threads
INFO: [Vivado_Tcl 4-198] DRC finished with 0 Errors
INFO: [Vivado_Tcl 4-199] Please refer to the DRC report (report_drc) for more information.
Running DRC as a precondition to command place_design
INFO: [DRC 23-27] Running DRC with 2 threads
ERROR: [DRC BIVB-1] Bank IO standard Support: Bank 32 has incompatible IO(s) because: The LVCMOS33 I/O standard is not supported for banks of type High Performance.  Move the following ports or change their properties:  
i2c_sda_io
INFO: [Vivado_Tcl 4-198] DRC finished with 1 Errors, 9 Warnings
INFO: [Vivado_Tcl 4-199] Please refer to the DRC report (report_drc) for more information.
ERROR: [Vivado_Tcl 4-23] Error(s) found during DRC. Placer not run.
INFO: [Common 17-83] Releasing license: Implementation
168 Infos, 124 Warnings, 1 Critical Warnings and 2 Errors encountered.
place_design failed
ERROR: [Common 17-39] 'place_design' failed due to earlier errors.

    while executing
"place_design"
    invoked from within
"if {$run_impl} {
        puts "  Ōå? Õ«×ńÄ░õĖ? (opt + place + route)..."
        set impl_start [clock seconds]
        opt_design
        plac..."
    ("foreach" body line 52)
    invoked from within
"foreach cfg $configs {
    lassign $cfg banks pol label

    set cfg_name "BANKS${banks}_POL${pol}"
    puts ""
    puts "----------------------------..."
    (file "synth_fpga_banks.tcl" line 134)
INFO: [Common 17-206] Exiting Vivado at Thu Jul  2 20:54:53 2026...
