 
****************************************
Report : area
Design : soc_top_USE_INST_ROM1_SHADOW_BANKS4
Version: Q-2019.12-SP5-3
Date   : Thu Jul  2 16:22:07 2026
****************************************

Library(s) Used:

    scc55nll_hd_rvt_tt_v1p2_25c_basic (File: /home/yifengxin/smic55_rvt_lib/synopsys/1.2v/scc55nll_hd_rvt_tt_v1p2_25c_basic.db)

Number of ports:                         8782
Number of nets:                        113307
Number of cells:                       105595
Number of combinational cells:          65476
Number of sequential cells:             39739
Number of macros/black boxes:               0
Number of buf/inv:                       9148
Number of references:                      11

Combinational area:             135485.839663
Buf/Inv area:                     9856.000000
Noncombinational area:          270129.725453
Macro/Black Box area:                0.000000
Net Interconnect area:      undefined  (No wire load specified)

Total cell area:                405615.565116
Total area:                 undefined
1
