Loading db file '/home/yifengxin/smic55_rvt_lib/synopsys/1.2v/scc55nll_hd_rvt_tt_v1p2_25c_basic.db'
Information: Propagating switching activity (low effort zero delay simulation). (PWR-6)
Warning: Design has unannotated primary inputs. (PWR-414)
Warning: Design has unannotated sequential cell outputs. (PWR-415)
 
****************************************
Report : power
        -analysis_effort low
Design : soc_top_USE_INST_ROM1_SHADOW_BANKS4
Version: Q-2019.12-SP5-3
Date   : Thu Jul  2 16:22:16 2026
****************************************


Library(s) Used:

    scc55nll_hd_rvt_tt_v1p2_25c_basic (File: /home/yifengxin/smic55_rvt_lib/synopsys/1.2v/scc55nll_hd_rvt_tt_v1p2_25c_basic.db)


Operating Conditions: tt_v1p2_25c   Library: scc55nll_hd_rvt_tt_v1p2_25c_basic
Wire Load Model Mode: top


Global Operating Voltage = 1.2  
Power-specific unit information :
    Voltage Units = 1V
    Capacitance Units = 1.000000pf
    Time Units = 1ns
    Dynamic Power Units = 1mW    (derived from V,C,T units)
    Leakage Power Units = 1uW


  Cell Internal Power  =  77.2080 mW  (100%)
  Net Switching Power  = 116.4700 uW    (0%)
                         ---------
Total Dynamic Power    =  77.3245 mW  (100%)

Cell Leakage Power     =  19.8045 uW


                 Internal         Switching           Leakage            Total
Power Group      Power            Power               Power              Power   (   %    )  Attrs
--------------------------------------------------------------------------------------------------
io_pad             0.0000            0.0000            0.0000            0.0000  (   0.00%)
memory             0.0000            0.0000            0.0000            0.0000  (   0.00%)
black_box          0.0000            0.0000            0.0000            0.0000  (   0.00%)
clock_network      0.0000            0.0000            0.0000            0.0000  (   0.00%)
register          77.1874        6.9847e-03           14.3745           77.2086  (  99.80%)
sequential         0.0000            0.0000            0.0000            0.0000  (   0.00%)
combinational  3.7845e-02            0.1095            5.4300            0.1528  (   0.20%)
--------------------------------------------------------------------------------------------------
Total             77.2252 mW         0.1165 mW        19.8045 uW        77.3614 mW
1
